{"C:\\Users\\xique\\OneDrive\\Documents\\GitHub\\masiv-test-solution\\src\\App.vue": {"path":"C:\\Users\\xique\\OneDrive\\Documents\\GitHub\\masiv-test-solution\\src\\App.vue","statementMap":{"0":{"start":{"line":3,"column":0},"end":{"line":5,"column":3}},"1":{"start":{"line":6,"column":14},"end":{"line":6,"column":30}},"2":{"start":{"line":7,"column":12},"end":{"line":7,"column":26}},"3":{"start":{"line":8,"column":12},"end":{"line":8,"column":26}},"4":{"start":{"line":9,"column":22},"end":{"line":9,"column":84}},"5":{"start":{"line":10,"column":27},"end":{"line":10,"column":94}},"6":{"start":{"line":11,"column":25},"end":{"line":11,"column":90}},"7":{"start":{"line":12,"column":30},"end":{"line":12,"column":100}},"8":{"start":{"line":13,"column":19},"end":{"line":13,"column":48}},"9":{"start":{"line":14,"column":28},"end":{"line":14,"column":72}},"10":{"start":{"line":15,"column":0},"end":{"line":79,"column":3}},"11":{"start":{"line":18,"column":16},"end":{"line":18,"column":20}},"12":{"start":{"line":19,"column":19},"end":{"line":19,"column":28}},"13":{"start":{"line":20,"column":4},"end":{"line":20,"column":15}},"14":{"start":{"line":21,"column":27},"end":{"line":21,"column":66}},"15":{"start":{"line":22,"column":21},"end":{"line":22,"column":54}},"16":{"start":{"line":23,"column":4},"end":{"line":23,"column":44}},"17":{"start":{"line":24,"column":13},"end":{"line":24,"column":56}},"18":{"start":{"line":25,"column":20},"end":{"line":25,"column":34}},"19":{"start":{"line":26,"column":25},"end":{"line":26,"column":44}},"20":{"start":{"line":27,"column":18},"end":{"line":27,"column":30}},"21":{"start":{"line":28,"column":21},"end":{"line":28,"column":36}},"22":{"start":{"line":29,"column":30},"end":{"line":43,"column":5}},"23":{"start":{"line":30,"column":6},"end":{"line":42,"column":9}},"24":{"start":{"line":31,"column":8},"end":{"line":41,"column":11}},"25":{"start":{"line":32,"column":10},"end":{"line":40,"column":11}},"26":{"start":{"line":34,"column":14},"end":{"line":34,"column":47}},"27":{"start":{"line":35,"column":14},"end":{"line":35,"column":55}},"28":{"start":{"line":37,"column":14},"end":{"line":37,"column":24}},"29":{"start":{"line":38,"column":14},"end":{"line":38,"column":57}},"30":{"start":{"line":39,"column":14},"end":{"line":39,"column":36}},"31":{"start":{"line":45,"column":4},"end":{"line":58,"column":7}},"32":{"start":{"line":46,"column":6},"end":{"line":57,"column":9}},"33":{"start":{"line":47,"column":8},"end":{"line":56,"column":11}},"34":{"start":{"line":48,"column":10},"end":{"line":55,"column":11}},"35":{"start":{"line":50,"column":14},"end":{"line":50,"column":55}},"36":{"start":{"line":52,"column":14},"end":{"line":52,"column":24}},"37":{"start":{"line":53,"column":14},"end":{"line":53,"column":57}},"38":{"start":{"line":54,"column":14},"end":{"line":54,"column":36}},"39":{"start":{"line":60,"column":23},"end":{"line":72,"column":5}},"40":{"start":{"line":73,"column":4},"end":{"line":76,"column":7}},"41":{"start":{"line":77,"column":4},"end":{"line":77,"column":24}},"42":{"start":{"line":81,"column":0},"end":{"line":81,"column":62}},"43":{"start":{"line":82,"column":0},"end":{"line":82,"column":24}},"44":{"start":{"line":83,"column":12},"end":{"line":83,"column":26}},"45":{"start":{"line":84,"column":17},"end":{"line":84,"column":27}},"46":{"start":{"line":85,"column":31},"end":{"line":92,"column":20}},"47":{"start":{"line":93,"column":17},"end":{"line":95,"column":1}},"48":{"start":{"line":96,"column":17},"end":{"line":96,"column":27}},"49":{"start":{"line":98,"column":4},"end":{"line":117,"column":34}},"50":{"start":{"line":119,"column":0},"end":{"line":119,"column":24}},"51":{"start":{"line":120,"column":1},"end":{"line":120,"column":48}}},"fnMap":{"0":{"name":"(anonymous_0)","decl":{"start":{"line":17,"column":9},"end":{"line":17,"column":10}},"loc":{"start":{"line":17,"column":32},"end":{"line":78,"column":3}},"line":17},"1":{"name":"(anonymous_1)","decl":{"start":{"line":29,"column":30},"end":{"line":29,"column":31}},"loc":{"start":{"line":29,"column":42},"end":{"line":43,"column":5}},"line":29},"2":{"name":"(anonymous_2)","decl":{"start":{"line":30,"column":55},"end":{"line":30,"column":56}},"loc":{"start":{"line":30,"column":67},"end":{"line":42,"column":7}},"line":30},"3":{"name":"(anonymous_3)","decl":{"start":{"line":31,"column":41},"end":{"line":31,"column":42}},"loc":{"start":{"line":31,"column":55},"end":{"line":41,"column":9}},"line":31},"4":{"name":"(anonymous_4)","decl":{"start":{"line":45,"column":25},"end":{"line":45,"column":26}},"loc":{"start":{"line":45,"column":37},"end":{"line":58,"column":5}},"line":45},"5":{"name":"(anonymous_5)","decl":{"start":{"line":46,"column":54},"end":{"line":46,"column":55}},"loc":{"start":{"line":46,"column":66},"end":{"line":57,"column":7}},"line":46},"6":{"name":"(anonymous_6)","decl":{"start":{"line":47,"column":41},"end":{"line":47,"column":42}},"loc":{"start":{"line":47,"column":55},"end":{"line":56,"column":9}},"line":47},"7":{"name":"render","decl":{"start":{"line":97,"column":9},"end":{"line":97,"column":15}},"loc":{"start":{"line":97,"column":63},"end":{"line":118,"column":1}},"line":97}},"branchMap":{"0":{"loc":{"start":{"line":32,"column":10},"end":{"line":40,"column":11}},"type":"switch","locations":[{"start":{"line":33,"column":12},"end":{"line":35,"column":55}},{"start":{"line":36,"column":12},"end":{"line":39,"column":36}}],"line":32},"1":{"loc":{"start":{"line":48,"column":10},"end":{"line":55,"column":11}},"type":"switch","locations":[{"start":{"line":49,"column":12},"end":{"line":50,"column":55}},{"start":{"line":51,"column":12},"end":{"line":54,"column":36}}],"line":48},"2":{"loc":{"start":{"line":99,"column":8},"end":{"line":101,"column":57}},"type":"cond-expr","locations":[{"start":{"line":100,"column":15},"end":{"line":100,"column":99}},{"start":{"line":101,"column":14},"end":{"line":101,"column":57}}],"line":99},"3":{"loc":{"start":{"line":99,"column":9},"end":{"line":99,"column":50}},"type":"binary-expr","locations":[{"start":{"line":99,"column":9},"end":{"line":99,"column":26}},{"start":{"line":99,"column":30},"end":{"line":99,"column":50}}],"line":99},"4":{"loc":{"start":{"line":108,"column":8},"end":{"line":116,"column":57}},"type":"cond-expr","locations":[{"start":{"line":109,"column":15},"end":{"line":115,"column":14}},{"start":{"line":116,"column":14},"end":{"line":116,"column":57}}],"line":108},"5":{"loc":{"start":{"line":108,"column":9},"end":{"line":108,"column":50}},"type":"binary-expr","locations":[{"start":{"line":108,"column":9},"end":{"line":108,"column":26}},{"start":{"line":108,"column":30},"end":{"line":108,"column":50}}],"line":108}},"s":{"0":0,"1":0,"2":0,"3":0,"4":0,"5":0,"6":0,"7":0,"8":0,"9":0,"10":0,"11":0,"12":0,"13":0,"14":0,"15":0,"16":0,"17":0,"18":0,"19":0,"20":0,"21":0,"22":0,"23":0,"24":0,"25":0,"26":0,"27":0,"28":0,"29":0,"30":0,"31":0,"32":0,"33":0,"34":0,"35":0,"36":0,"37":0,"38":0,"39":0,"40":0,"41":0,"42":0,"43":0,"44":0,"45":0,"46":0,"47":0,"48":0,"49":0,"50":0,"51":0},"f":{"0":0,"1":0,"2":0,"3":0,"4":0,"5":0,"6":0,"7":0},"b":{"0":[0,0],"1":[0,0],"2":[0,0],"3":[0,0],"4":[0,0],"5":[0,0]},"inputSourceMap":{"0":"{","1":"\"","2":"v","3":"e","4":"r","5":"s","6":"i","7":"o","8":"n","9":"\"","10":":","11":"3","12":",","13":"\"","14":"s","15":"o","16":"u","17":"r","18":"c","19":"e","20":"s","21":"\"","22":":","23":"[","24":"\"","25":"C","26":":","27":"/","28":"U","29":"s","30":"e","31":"r","32":"s","33":"/","34":"x","35":"i","36":"q","37":"u","38":"e","39":"/","40":"O","41":"n","42":"e","43":"D","44":"r","45":"i","46":"v","47":"e","48":"/","49":"D","50":"o","51":"c","52":"u","53":"m","54":"e","55":"n","56":"t","57":"s","58":"/","59":"G","60":"i","61":"t","62":"H","63":"u","64":"b","65":"/","66":"m","67":"a","68":"s","69":"i","70":"v","71":"-","72":"t","73":"e","74":"s","75":"t","76":"-","77":"s","78":"o","79":"l","80":"u","81":"t","82":"i","83":"o","84":"n","85":"/","86":"s","87":"r","88":"c","89":"/","90":"A","91":"p","92":"p","93":".","94":"v","95":"u","96":"e","97":"\"","98":"]","99":",","100":"\"","101":"n","102":"a","103":"m","104":"e","105":"s","106":"\"","107":":","108":"[","109":"]","110":",","111":"\"","112":"m","113":"a","114":"p","115":"p","116":"i","117":"n","118":"g","119":"s","120":"\"","121":":","122":"\"","123":";","124":";","125":";","126":";","127":";","128":";","129":";","130":"A","131":"A","132":"2","133":"B","134":"A","135":";","136":"A","137":"A","138":"C","139":"A","140":";","141":"A","142":"A","143":"C","144":"A","145":";","146":"A","147":"A","148":"C","149":"A","150":";","151":"A","152":"A","153":"C","154":"A","155":";","156":"A","157":"A","158":"C","159":"A","160":";","161":"A","162":"A","163":"C","164":"A","165":";","166":";","167":";","168":";","169":";","170":";","171":";","172":"I","173":"A","174":"E","175":"A","176":",","177":"I","178":"A","179":"A","180":"M","181":",","182":"g","183":"B","184":"A","185":"A","186":"g","187":"B","188":",","189":"G","190":"A","191":"A","192":"G","193":",","194":"o","195":"C","196":"A","197":"A","198":"m","199":"B","200":",","201":"G","202":"A","203":"A","204":"E","205":";","206":"I","207":"A","208":"C","209":"9","210":"C","211":",","212":"I","213":"A","214":"A","215":"M","216":",","217":"U","218":"A","219":"A","220":"U","221":",","222":"G","223":"A","224":"A","225":"G","226":",","227":"8","228":"B","229":"A","230":"A","231":"a","232":",","233":"G","234":"A","235":"A","236":"E","237":";","238":"I","239":"A","240":"C","241":"l","242":"C","243":",","244":"g","245":"B","246":"A","247":"A","248":"g","249":"B","250":",","251":"C","252":"A","253":"A","254":"C","255":",","256":"o","257":"B","258":"A","259":"A","260":"o","261":"B","262":",","263":"E","264":"A","265":"A","266":"E","267":";","268":"I","269":"A","270":"E","271":"j","272":"C","273":",","274":"S","275":"A","276":"C","277":"J","278":",","279":"w","280":"C","281":"A","282":"A","283":"c","284":",","285":"G","286":"A","287":"A","288":"E","289":";","290":"M","291":"A","292":"D","293":"V","294":",","295":"W","296":"A","297":"A","298":"W","299":";","300":"M","301":"A","302":"A","303":"E","304":",","305":"g","306":"B","307":"A","308":"A","309":"g","310":"B","311":";","312":"M","313":"A","314":"A","315":"E","316":",","317":"S","318":"A","319":"A","320":"S","321":";","322":"M","323":"A","324":"A","325":"E","326":",","327":"Y","328":"A","329":"A","330":"Y","331":",","332":"k","333":"B","334":"A","335":"C","336":"5","337":"C","338":";","339":"I","340":"A","341":"E","342":"l","343":"B","344":",","345":"I","346":"A","347":"A","348":"M","349":",","350":"m","351":"B","352":"A","353":"A","354":"m","355":"B","356":",","357":"G","358":"A","359":"A","360":"G","361":";","362":"M","363":"A","364":"A","365":"A","366":",","367":"w","368":"C","369":"A","370":"A","371":"U","372":",","373":"O","374":"A","375":"A","376":"O","377":";","378":";","379":";","380":";","381":"c","382":"A","383":"C","384":"3","385":"C","386":",","387":"U","388":"A","389":"A","390":"U","391":",","392":"C","393":"A","394":"A","395":"C","396":",","397":"c","398":"A","399":"A","400":"c","401":",","402":"C","403":"A","404":"A","405":"C","406":",","407":"K","408":"A","409":"A","410":"K","411":",","412":"C","413":"A","414":"A","415":"C","416":";","417":"c","418":"A","419":"C","420":"h","421":"C","422":",","423":"q","424":"B","425":"A","426":"A","427":"M","428":",","429":"g","430":"B","431":"A","432":"A","433":"g","434":"B","435":",","436":"E","437":"A","438":"A","439":"E","440":";","441":";","442":"c","443":"A","444":"A","445":"x","446":"B","447":",","448":"S","449":"A","450":"A","451":"w","452":"B","453":";","454":"c","455":"A","456":"C","457":"x","458":"B","459":",","460":"U","461":"A","462":"A","463":"U","464":",","465":"C","466":"A","467":"A","468":"C","469":",","470":"Y","471":"A","472":"A","473":"Y","474":",","475":"C","476":"A","477":"A","478":"C","479":",","480":"W","481":"A","482":"A","483":"W","484":",","485":"C","486":"A","487":"A","488":"C","489":",","490":"K","491":"A","492":"A","493":"K","494":",","495":"C","496":"A","497":"A","498":"C","499":";","500":";","501":";","502":";","503":";","504":"K","505":"A","506":"C","507":"3","508":"C","509":";","510":";","511":"I","512":"A","513":"E","514":"D","515":",","516":"m","517":"B","518":"A","519":"A","520":"S","521":",","522":"E","523":"A","524":"A","525":"C","526":";","527":"M","528":"A","529":"A","530":"A","531":";","532":";","533":";","534":";","535":"c","536":"A","537":"C","538":"R","539":",","540":"q","541":"B","542":"A","543":"A","544":"M","545":",","546":"g","547":"B","548":"A","549":"A","550":"g","551":"B","552":",","553":"E","554":"A","555":"A","556":"E","557":";","558":";","559":"c","560":"A","561":"A","562":"x","563":"B","564":",","565":"S","566":"A","567":"A","568":"w","569":"B","570":";","571":"c","572":"A","573":"C","574":"x","575":"B","576":",","577":"U","578":"A","579":"A","580":"U","581":",","582":"C","583":"A","584":"A","585":"C","586":",","587":"Y","588":"A","589":"A","590":"Y","591":",","592":"C","593":"A","594":"A","595":"C","596":",","597":"W","598":"A","599":"A","600":"W","601":",","602":"C","603":"A","604":"A","605":"C","606":",","607":"K","608":"A","609":"A","610":"K","611":",","612":"C","613":"A","614":"A","615":"C","616":";","617":";","618":";","619":";","620":";","621":"K","622":"A","623":"C","624":"3","625":"C","626":",","627":"C","628":"A","629":"A","630":"C","631":"\"","632":",","633":"\"","634":"f","635":"i","636":"l","637":"e","638":"\"","639":":","640":"\"","641":"C","642":":","643":"\\","644":"\\","645":"U","646":"s","647":"e","648":"r","649":"s","650":"\\","651":"\\","652":"x","653":"i","654":"q","655":"u","656":"e","657":"\\","658":"\\","659":"O","660":"n","661":"e","662":"D","663":"r","664":"i","665":"v","666":"e","667":"\\","668":"\\","669":"D","670":"o","671":"c","672":"u","673":"m","674":"e","675":"n","676":"t","677":"s","678":"\\","679":"\\","680":"G","681":"i","682":"t","683":"H","684":"u","685":"b","686":"\\","687":"\\","688":"m","689":"a","690":"s","691":"i","692":"v","693":"-","694":"t","695":"e","696":"s","697":"t","698":"-","699":"s","700":"o","701":"l","702":"u","703":"t","704":"i","705":"o","706":"n","707":"\\","708":"\\","709":"s","710":"r","711":"c","712":"\\","713":"\\","714":"A","715":"p","716":"p","717":".","718":"v","719":"u","720":"e","721":"\"","722":",","723":"\"","724":"s","725":"o","726":"u","727":"r","728":"c","729":"e","730":"s","731":"C","732":"o","733":"n","734":"t","735":"e","736":"n","737":"t","738":"\"","739":":","740":"[","741":"\"","742":"<","743":"t","744":"e","745":"m","746":"p","747":"l","748":"a","749":"t","750":"e","751":">","752":"\\","753":"r","754":"\\","755":"n","756":" ","757":" ","758":"<","759":"d","760":"i","761":"v","762":" ","763":"v","764":"-","765":"i","766":"f","767":"=","768":"\\","769":"\"","770":"!","771":"i","772":"s","773":"L","774":"o","775":"a","776":"d","777":"i","778":"n","779":"g","780":" ","781":"&","782":"&","783":" ","784":"!","785":"s","786":"h","787":"o","788":"w","789":"N","790":"o","791":"t","792":"F","793":"o","794":"u","795":"n","796":"d","797":"\\","798":"\"","799":">","800":"\\","801":"r","802":"\\","803":"n","804":" ","805":" ","806":" ","807":" ","808":"<","809":"d","810":"i","811":"v","812":" ","813":"c","814":"l","815":"a","816":"s","817":"s","818":"=","819":"\\","820":"\"","821":"p","822":"y","823":"-","824":"7","825":"\\","826":"\"","827":">","828":"\\","829":"r","830":"\\","831":"n","832":" ","833":" ","834":" ","835":" ","836":" ","837":" ","838":"<","839":"d","840":"i","841":"v","842":" ","843":"c","844":"l","845":"a","846":"s","847":"s","848":"=","849":"\\","850":"\"","851":"t","852":"e","853":"x","854":"t","855":"-","856":"7","857":"x","858":"l","859":" ","860":"t","861":"e","862":"x","863":"t","864":"-","865":"b","866":"l","867":"a","868":"c","869":"k","870":"\\","871":"\"","872":">","873":"\\","874":"r","875":"\\","876":"n","877":" ","878":" ","879":" ","880":" ","881":" ","882":" ","883":" ","884":" ","885":"I","886":" ","887":"<","888":"s","889":"p","890":"a","891":"n","892":" ","893":"c","894":"l","895":"a","896":"s","897":"s","898":"=","899":"\\","900":"\"","901":"t","902":"e","903":"x","904":"t","905":"-","906":"r","907":"e","908":"d","909":"-","910":"5","911":"0","912":"0","913":"\\","914":"\"","915":">","916":"&","917":"h","918":"e","919":"a","920":"r","921":"t","922":"s","923":";","924":"<","925":"/","926":"s","927":"p","928":"a","929":"n","930":">","931":" ","932":"C","933":"o","934":"m","935":"i","936":"c","937":"s","938":"\\","939":"r","940":"\\","941":"n","942":" ","943":" ","944":" ","945":" ","946":" ","947":" ","948":"<","949":"/","950":"d","951":"i","952":"v","953":">","954":"\\","955":"r","956":"\\","957":"n","958":" ","959":" ","960":" ","961":" ","962":" ","963":" ","964":"<","965":"d","966":"i","967":"v","968":" ","969":"c","970":"l","971":"a","972":"s","973":"s","974":"=","975":"\\","976":"\"","977":"l","978":"e","979":"a","980":"d","981":"-","982":"x","983":"l","984":" ","985":"f","986":"o","987":"n","988":"t","989":"-","990":"l","991":"i","992":"g","993":"h","994":"t","995":"\\","996":"\"","997":">","998":"\\","999":"r","1000":"\\","1001":"n","1002":" ","1003":" ","1004":" ","1005":" ","1006":" ","1007":" ","1008":" ","1009":" ","1010":"S","1011":"e","1012":"e","1013":" ","1014":"r","1015":"a","1016":"n","1017":"d","1018":"o","1019":"m","1020":" ","1021":"c","1022":"o","1023":"m","1024":"i","1025":"c","1026":"s","1027":" ","1028":"a","1029":"n","1030":"d","1031":" ","1032":"r","1033":"a","1034":"t","1035":"i","1036":"n","1037":"g","1038":" ","1039":"i","1040":"f","1041":" ","1042":"y","1043":"o","1044":"u","1045":" ","1046":"w","1047":"a","1048":"n","1049":"t","1050":" ","1051":"!","1052":"\\","1053":"r","1054":"\\","1055":"n","1056":" ","1057":" ","1058":" ","1059":" ","1060":" ","1061":" ","1062":"<","1063":"/","1064":"d","1065":"i","1066":"v","1067":">","1068":"\\","1069":"r","1070":"\\","1071":"n","1072":" ","1073":" ","1074":" ","1075":" ","1076":"<","1077":"/","1078":"d","1079":"i","1080":"v","1081":">","1082":"\\","1083":"r","1084":"\\","1085":"n","1086":" ","1087":" ","1088":"<","1089":"/","1090":"d","1091":"i","1092":"v","1093":">","1094":"\\","1095":"r","1096":"\\","1097":"n","1098":" ","1099":" ","1100":"<","1101":"S","1102":"p","1103":"i","1104":"n","1105":"n","1106":"e","1107":"r","1108":" ","1109":":","1110":"i","1111":"s","1112":"-","1113":"l","1114":"o","1115":"a","1116":"d","1117":"i","1118":"n","1119":"g","1120":"=","1121":"\\","1122":"\"","1123":"i","1124":"s","1125":"L","1126":"o","1127":"a","1128":"d","1129":"i","1130":"n","1131":"g","1132":"\\","1133":"\"","1134":" ","1135":"/","1136":">","1137":"\\","1138":"r","1139":"\\","1140":"n","1141":" ","1142":" ","1143":"<","1144":"N","1145":"o","1146":"t","1147":"F","1148":"o","1149":"u","1150":"n","1151":"d","1152":"\\","1153":"r","1154":"\\","1155":"n","1156":" ","1157":" ","1158":" ","1159":" ","1160":":","1161":"i","1162":"s","1163":"-","1164":"v","1165":"i","1166":"s","1167":"i","1168":"b","1169":"l","1170":"e","1171":"=","1172":"\\","1173":"\"","1174":"s","1175":"h","1176":"o","1177":"w","1178":"N","1179":"o","1180":"t","1181":"F","1182":"o","1183":"u","1184":"n","1185":"d","1186":"\\","1187":"\"","1188":"\\","1189":"r","1190":"\\","1191":"n","1192":" ","1193":" ","1194":" ","1195":" ","1196":":","1197":"i","1198":"s","1199":"-","1200":"l","1201":"o","1202":"a","1203":"d","1204":"i","1205":"n","1206":"g","1207":"=","1208":"\\","1209":"\"","1210":"i","1211":"s","1212":"L","1213":"o","1214":"a","1215":"d","1216":"i","1217":"n","1218":"g","1219":"\\","1220":"\"","1221":"\\","1222":"r","1223":"\\","1224":"n","1225":" ","1226":" ","1227":" ","1228":" ","1229":"@","1230":"g","1231":"e","1232":"n","1233":"e","1234":"r","1235":"a","1236":"t","1237":"e","1238":"-","1239":"r","1240":"a","1241":"n","1242":"d","1243":"o","1244":"m","1245":"-","1246":"c","1247":"o","1248":"m","1249":"i","1250":"c","1251":"=","1252":"\\","1253":"\"","1254":"g","1255":"e","1256":"n","1257":"e","1258":"r","1259":"a","1260":"t","1261":"e","1262":"R","1263":"a","1264":"n","1265":"d","1266":"o","1267":"m","1268":"C","1269":"o","1270":"m","1271":"i","1272":"c","1273":"\\","1274":"\"","1275":"\\","1276":"r","1277":"\\","1278":"n","1279":" ","1280":" ","1281":"/","1282":">","1283":"\\","1284":"r","1285":"\\","1286":"n","1287":" ","1288":" ","1289":"<","1290":"s","1291":"e","1292":"c","1293":"t","1294":"i","1295":"o","1296":"n","1297":" ","1298":"v","1299":"-","1300":"i","1301":"f","1302":"=","1303":"\\","1304":"\"","1305":"!","1306":"i","1307":"s","1308":"L","1309":"o","1310":"a","1311":"d","1312":"i","1313":"n","1314":"g","1315":" ","1316":"&","1317":"&","1318":" ","1319":"!","1320":"s","1321":"h","1322":"o","1323":"w","1324":"N","1325":"o","1326":"t","1327":"F","1328":"o","1329":"u","1330":"n","1331":"d","1332":"\\","1333":"\"","1334":">","1335":"\\","1336":"r","1337":"\\","1338":"n","1339":" ","1340":" ","1341":" ","1342":" ","1343":"<","1344":"C","1345":"o","1346":"m","1347":"i","1348":"c","1349":" ","1350":":","1351":"i","1352":"n","1353":"f","1354":"o","1355":"-","1356":"c","1357":"o","1358":"m","1359":"i","1360":"c","1361":"=","1362":"\\","1363":"\"","1364":"r","1365":"a","1366":"n","1367":"d","1368":"o","1369":"m","1370":"C","1371":"o","1372":"m","1373":"i","1374":"c","1375":"\\","1376":"\"","1377":" ","1378":"/","1379":">","1380":"\\","1381":"r","1382":"\\","1383":"n","1384":" ","1385":" ","1386":" ","1387":" ","1388":"<","1389":"B","1390":"t","1391":"n","1392":"G","1393":"e","1394":"n","1395":"e","1396":"r","1397":"a","1398":"t","1399":"e","1400":"R","1401":"a","1402":"n","1403":"d","1404":"o","1405":"m","1406":"C","1407":"O","1408":"m","1409":"i","1410":"c","1411":"\\","1412":"r","1413":"\\","1414":"n","1415":" ","1416":" ","1417":" ","1418":" ","1419":" ","1420":" ","1421":":","1422":"i","1423":"s","1424":"-","1425":"v","1426":"i","1427":"s","1428":"i","1429":"b","1430":"l","1431":"e","1432":"=","1433":"\\","1434":"\"","1435":"t","1436":"r","1437":"u","1438":"e","1439":"\\","1440":"\"","1441":"\\","1442":"r","1443":"\\","1444":"n","1445":" ","1446":" ","1447":" ","1448":" ","1449":" ","1450":" ","1451":"@","1452":"g","1453":"e","1454":"n","1455":"e","1456":"r","1457":"a","1458":"t","1459":"e","1460":"-","1461":"r","1462":"a","1463":"n","1464":"d","1465":"o","1466":"m","1467":"-","1468":"c","1469":"o","1470":"m","1471":"i","1472":"c","1473":"=","1474":"\\","1475":"\"","1476":"g","1477":"e","1478":"n","1479":"e","1480":"r","1481":"a","1482":"t","1483":"e","1484":"R","1485":"a","1486":"n","1487":"d","1488":"o","1489":"m","1490":"C","1491":"o","1492":"m","1493":"i","1494":"c","1495":"\\","1496":"\"","1497":"\\","1498":"r","1499":"\\","1500":"n","1501":" ","1502":" ","1503":" ","1504":" ","1505":"/","1506":">","1507":"\\","1508":"r","1509":"\\","1510":"n","1511":" ","1512":" ","1513":"<","1514":"/","1515":"s","1516":"e","1517":"c","1518":"t","1519":"i","1520":"o","1521":"n","1522":">","1523":"\\","1524":"r","1525":"\\","1526":"n","1527":"<","1528":"/","1529":"t","1530":"e","1531":"m","1532":"p","1533":"l","1534":"a","1535":"t","1536":"e","1537":">","1538":"\\","1539":"r","1540":"\\","1541":"n","1542":"\\","1543":"r","1544":"\\","1545":"n","1546":"<","1547":"s","1548":"c","1549":"r","1550":"i","1551":"p","1552":"t","1553":" ","1554":"s","1555":"e","1556":"t","1557":"u","1558":"p","1559":" ","1560":"l","1561":"a","1562":"n","1563":"g","1564":"=","1565":"\\","1566":"\"","1567":"t","1568":"s","1569":"\\","1570":"\"","1571":">","1572":"\\","1573":"r","1574":"\\","1575":"n","1576":"i","1577":"m","1578":"p","1579":"o","1580":"r","1581":"t","1582":" ","1583":"{","1584":" ","1585":"o","1586":"n","1587":"M","1588":"o","1589":"u","1590":"n","1591":"t","1592":"e","1593":"d","1594":" ","1595":"}","1596":" ","1597":"f","1598":"r","1599":"o","1600":"m","1601":" ","1602":"'","1603":"v","1604":"u","1605":"e","1606":"'","1607":";","1608":"\\","1609":"r","1610":"\\","1611":"n","1612":"i","1613":"m","1614":"p","1615":"o","1616":"r","1617":"t","1618":" ","1619":"C","1620":"o","1621":"m","1622":"i","1623":"c","1624":" ","1625":"f","1626":"r","1627":"o","1628":"m","1629":" ","1630":"'","1631":".","1632":"/","1633":"c","1634":"o","1635":"m","1636":"p","1637":"o","1638":"n","1639":"e","1640":"n","1641":"t","1642":"s","1643":"/","1644":"C","1645":"o","1646":"m","1647":"i","1648":"c","1649":"C","1650":"a","1651":"r","1652":"d","1653":".","1654":"v","1655":"u","1656":"e","1657":"'","1658":";","1659":"\\","1660":"r","1661":"\\","1662":"n","1663":"i","1664":"m","1665":"p","1666":"o","1667":"r","1668":"t","1669":" ","1670":"S","1671":"p","1672":"i","1673":"n","1674":"n","1675":"e","1676":"r","1677":" ","1678":"f","1679":"r","1680":"o","1681":"m","1682":" ","1683":"'","1684":".","1685":"/","1686":"c","1687":"o","1688":"m","1689":"p","1690":"o","1691":"n","1692":"e","1693":"n","1694":"t","1695":"s","1696":"/","1697":"S","1698":"p","1699":"i","1700":"n","1701":"n","1702":"e","1703":"r","1704":"L","1705":"o","1706":"a","1707":"d","1708":"i","1709":"n","1710":"g","1711":".","1712":"v","1713":"u","1714":"e","1715":"'","1716":";","1717":"\\","1718":"r","1719":"\\","1720":"n","1721":"i","1722":"m","1723":"p","1724":"o","1725":"r","1726":"t","1727":" ","1728":"N","1729":"o","1730":"t","1731":"F","1732":"o","1733":"u","1734":"n","1735":"d","1736":" ","1737":"f","1738":"r","1739":"o","1740":"m","1741":" ","1742":"'","1743":".","1744":"/","1745":"c","1746":"o","1747":"m","1748":"p","1749":"o","1750":"n","1751":"e","1752":"n","1753":"t","1754":"s","1755":"/","1756":"N","1757":"o","1758":"t","1759":"F","1760":"o","1761":"u","1762":"n","1763":"d","1764":"P","1765":"a","1766":"g","1767":"e","1768":".","1769":"v","1770":"u","1771":"e","1772":"'","1773":";","1774":"\\","1775":"r","1776":"\\","1777":"n","1778":"i","1779":"m","1780":"p","1781":"o","1782":"r","1783":"t","1784":" ","1785":"B","1786":"t","1787":"n","1788":"G","1789":"e","1790":"n","1791":"e","1792":"r","1793":"a","1794":"t","1795":"e","1796":"R","1797":"a","1798":"n","1799":"d","1800":"o","1801":"m","1802":"C","1803":"O","1804":"m","1805":"i","1806":"c","1807":" ","1808":"f","1809":"r","1810":"o","1811":"m","1812":" ","1813":"'","1814":".","1815":"/","1816":"c","1817":"o","1818":"m","1819":"p","1820":"o","1821":"n","1822":"e","1823":"n","1824":"t","1825":"s","1826":"/","1827":"G","1828":"e","1829":"n","1830":"e","1831":"r","1832":"a","1833":"t","1834":"e","1835":"R","1836":"a","1837":"n","1838":"d","1839":"o","1840":"m","1841":"B","1842":"t","1843":"n","1844":".","1845":"v","1846":"u","1847":"e","1848":"'","1849":";","1850":"\\","1851":"r","1852":"\\","1853":"n","1854":"i","1855":"m","1856":"p","1857":"o","1858":"r","1859":"t","1860":" ","1861":"{","1862":" ","1863":"u","1864":"s","1865":"e","1866":"C","1867":"o","1868":"m","1869":"i","1870":"c","1871":"R","1872":"a","1873":"t","1874":"i","1875":"n","1876":"g","1877":"S","1878":"t","1879":"o","1880":"r","1881":"e","1882":",","1883":" ","1884":"u","1885":"s","1886":"e","1887":"C","1888":"o","1889":"m","1890":"i","1891":"c","1892":"S","1893":"t","1894":"o","1895":"r","1896":"e","1897":" ","1898":"}","1899":" ","1900":"f","1901":"r","1902":"o","1903":"m","1904":" ","1905":"'","1906":".","1907":"/","1908":"s","1909":"t","1910":"o","1911":"r","1912":"e","1913":"/","1914":"c","1915":"o","1916":"m","1917":"i","1918":"c","1919":"S","1920":"t","1921":"o","1922":"r","1923":"e","1924":"'","1925":";","1926":"\\","1927":"r","1928":"\\","1929":"n","1930":"i","1931":"m","1932":"p","1933":"o","1934":"r","1935":"t","1936":" ","1937":"{","1938":" ","1939":"u","1940":"s","1941":"e","1942":"R","1943":"a","1944":"n","1945":"d","1946":"o","1947":"m","1948":"F","1949":"e","1950":"t","1951":"c","1952":"h","1953":" ","1954":"}","1955":" ","1956":"f","1957":"r","1958":"o","1959":"m","1960":" ","1961":"'","1962":".","1963":"/","1964":"c","1965":"o","1966":"m","1967":"p","1968":"o","1969":"s","1970":"a","1971":"b","1972":"l","1973":"e","1974":"s","1975":"/","1976":"u","1977":"s","1978":"e","1979":"R","1980":"a","1981":"n","1982":"d","1983":"o","1984":"m","1985":"F","1986":"e","1987":"t","1988":"c","1989":"h","1990":"C","1991":"o","1992":"m","1993":"i","1994":"c","1995":"'","1996":";","1997":"\\","1998":"r","1999":"\\","2000":"n","2001":"\\","2002":"r","2003":"\\","2004":"n","2005":"c","2006":"o","2007":"n","2008":"s","2009":"t","2010":" ","2011":"c","2012":"o","2013":"m","2014":"i","2015":"c","2016":"R","2017":"a","2018":"t","2019":"i","2020":"n","2021":"g","2022":"S","2023":"t","2024":"o","2025":"r","2026":"e","2027":" ","2028":"=","2029":" ","2030":"u","2031":"s","2032":"e","2033":"C","2034":"o","2035":"m","2036":"i","2037":"c","2038":"R","2039":"a","2040":"t","2041":"i","2042":"n","2043":"g","2044":"S","2045":"t","2046":"o","2047":"r","2048":"e","2049":"(","2050":")","2051":";","2052":"\\","2053":"r","2054":"\\","2055":"n","2056":"c","2057":"o","2058":"n","2059":"s","2060":"t","2061":" ","2062":"c","2063":"o","2064":"m","2065":"i","2066":"c","2067":"S","2068":"t","2069":"o","2070":"r","2071":"e","2072":" ","2073":"=","2074":" ","2075":"u","2076":"s","2077":"e","2078":"C","2079":"o","2080":"m","2081":"i","2082":"c","2083":"S","2084":"t","2085":"o","2086":"r","2087":"e","2088":"(","2089":")","2090":";","2091":"\\","2092":"r","2093":"\\","2094":"n","2095":"c","2096":"o","2097":"m","2098":"i","2099":"c","2100":"R","2101":"a","2102":"t","2103":"i","2104":"n","2105":"g","2106":"S","2107":"t","2108":"o","2109":"r","2110":"e","2111":".","2112":"l","2113":"o","2114":"a","2115":"d","2116":"F","2117":"r","2118":"o","2119":"m","2120":"L","2121":"o","2122":"c","2123":"a","2124":"l","2125":"S","2126":"t","2127":"o","2128":"r","2129":"a","2130":"g","2131":"e","2132":"(","2133":")","2134":";","2135":"\\","2136":"r","2137":"\\","2138":"n","2139":"\\","2140":"r","2141":"\\","2142":"n","2143":"c","2144":"o","2145":"n","2146":"s","2147":"t","2148":" ","2149":"{","2150":" ","2151":"r","2152":"a","2153":"n","2154":"d","2155":"o","2156":"m","2157":"C","2158":"o","2159":"m","2160":"i","2161":"c","2162":",","2163":" ","2164":"f","2165":"e","2166":"t","2167":"c","2168":"h","2169":"R","2170":"a","2171":"n","2172":"d","2173":"o","2174":"m","2175":"C","2176":"o","2177":"m","2178":"i","2179":"c","2180":",","2181":" ","2182":"i","2183":"s","2184":"L","2185":"o","2186":"a","2187":"d","2188":"i","2189":"n","2190":"g","2191":",","2192":" ","2193":"s","2194":"h","2195":"o","2196":"w","2197":"N","2198":"o","2199":"t","2200":"F","2201":"o","2202":"u","2203":"n","2204":"d","2205":" ","2206":"}","2207":" ","2208":"=","2209":"\\","2210":"r","2211":"\\","2212":"n","2213":" ","2214":" ","2215":"u","2216":"s","2217":"e","2218":"R","2219":"a","2220":"n","2221":"d","2222":"o","2223":"m","2224":"F","2225":"e","2226":"t","2227":"c","2228":"h","2229":"(","2230":")","2231":";","2232":"\\","2233":"r","2234":"\\","2235":"n","2236":"\\","2237":"r","2238":"\\","2239":"n","2240":"c","2241":"o","2242":"n","2243":"s","2244":"t","2245":" ","2246":"g","2247":"e","2248":"n","2249":"e","2250":"r","2251":"a","2252":"t","2253":"e","2254":"R","2255":"a","2256":"n","2257":"d","2258":"o","2259":"m","2260":"C","2261":"o","2262":"m","2263":"i","2264":"c","2265":" ","2266":"=","2267":" ","2268":"a","2269":"s","2270":"y","2271":"n","2272":"c","2273":" ","2274":"(","2275":")","2276":":","2277":" ","2278":"P","2279":"r","2280":"o","2281":"m","2282":"i","2283":"s","2284":"e","2285":"<","2286":"v","2287":"o","2288":"i","2289":"d","2290":">","2291":" ","2292":"=","2293":">","2294":" ","2295":"{","2296":"\\","2297":"r","2298":"\\","2299":"n","2300":" ","2301":" ","2302":"c","2303":"o","2304":"m","2305":"i","2306":"c","2307":"S","2308":"t","2309":"o","2310":"r","2311":"e","2312":".","2313":"s","2314":"e","2315":"t","2316":"I","2317":"m","2318":"a","2319":"g","2320":"e","2321":"L","2322":"o","2323":"a","2324":"d","2325":"e","2326":"d","2327":"(","2328":"f","2329":"a","2330":"l","2331":"s","2332":"e","2333":")","2334":";","2335":"\\","2336":"r","2337":"\\","2338":"n","2339":" ","2340":" ","2341":"a","2342":"w","2343":"a","2344":"i","2345":"t","2346":" ","2347":"f","2348":"e","2349":"t","2350":"c","2351":"h","2352":"R","2353":"a","2354":"n","2355":"d","2356":"o","2357":"m","2358":"C","2359":"o","2360":"m","2361":"i","2362":"c","2363":"(","2364":")","2365":";","2366":"\\","2367":"r","2368":"\\","2369":"n","2370":" ","2371":" ","2372":"c","2373":"o","2374":"m","2375":"i","2376":"c","2377":"S","2378":"t","2379":"o","2380":"r","2381":"e","2382":".","2383":"s","2384":"e","2385":"t","2386":"I","2387":"n","2388":"f","2389":"o","2390":"C","2391":"o","2392":"m","2393":"i","2394":"c","2395":"(","2396":"r","2397":"a","2398":"n","2399":"d","2400":"o","2401":"m","2402":"C","2403":"o","2404":"m","2405":"i","2406":"c","2407":".","2408":"v","2409":"a","2410":"l","2411":"u","2412":"e","2413":")","2414":";","2415":"\\","2416":"r","2417":"\\","2418":"n","2419":"}","2420":";","2421":"\\","2422":"r","2423":"\\","2424":"n","2425":"\\","2426":"r","2427":"\\","2428":"n","2429":"o","2430":"n","2431":"M","2432":"o","2433":"u","2434":"n","2435":"t","2436":"e","2437":"d","2438":"(","2439":"a","2440":"s","2441":"y","2442":"n","2443":"c","2444":" ","2445":"(","2446":")","2447":" ","2448":"=","2449":">","2450":" ","2451":"{","2452":"\\","2453":"r","2454":"\\","2455":"n","2456":" ","2457":" ","2458":"a","2459":"w","2460":"a","2461":"i","2462":"t","2463":" ","2464":"f","2465":"e","2466":"t","2467":"c","2468":"h","2469":"R","2470":"a","2471":"n","2472":"d","2473":"o","2474":"m","2475":"C","2476":"o","2477":"m","2478":"i","2479":"c","2480":"(","2481":")","2482":";","2483":"\\","2484":"r","2485":"\\","2486":"n","2487":" ","2488":" ","2489":"c","2490":"o","2491":"m","2492":"i","2493":"c","2494":"S","2495":"t","2496":"o","2497":"r","2498":"e","2499":".","2500":"s","2501":"e","2502":"t","2503":"I","2504":"n","2505":"f","2506":"o","2507":"C","2508":"o","2509":"m","2510":"i","2511":"c","2512":"(","2513":"r","2514":"a","2515":"n","2516":"d","2517":"o","2518":"m","2519":"C","2520":"o","2521":"m","2522":"i","2523":"c","2524":".","2525":"v","2526":"a","2527":"l","2528":"u","2529":"e","2530":")","2531":";","2532":"\\","2533":"r","2534":"\\","2535":"n","2536":"}","2537":")","2538":";","2539":"\\","2540":"r","2541":"\\","2542":"n","2543":"<","2544":"/","2545":"s","2546":"c","2547":"r","2548":"i","2549":"p","2550":"t","2551":">","2552":"\\","2553":"r","2554":"\\","2555":"n","2556":".","2557":"/","2558":"s","2559":"t","2560":"o","2561":"r","2562":"e","2563":"/","2564":"u","2565":"s","2566":"e","2567":"C","2568":"o","2569":"m","2570":"i","2571":"c","2572":"S","2573":"t","2574":"o","2575":"r","2576":"e","2577":" ","2578":".","2579":"/","2580":"s","2581":"t","2582":"o","2583":"r","2584":"e","2585":"/","2586":"C","2587":"o","2588":"m","2589":"i","2590":"c","2591":"S","2592":"t","2593":"o","2594":"r","2595":"e","2596":"\\","2597":"r","2598":"\\","2599":"n","2600":"\"","2601":"]","2602":"}"}}
,"C:\\Users\\xique\\OneDrive\\Documents\\GitHub\\masiv-test-solution\\src\\components\\ComicCard.vue": {"path":"C:\\Users\\xique\\OneDrive\\Documents\\GitHub\\masiv-test-solution\\src\\components\\ComicCard.vue","statementMap":{"0":{"start":{"line":3,"column":0},"end":{"line":5,"column":3}},"1":{"start":{"line":6,"column":14},"end":{"line":6,"column":30}},"2":{"start":{"line":7,"column":12},"end":{"line":7,"column":26}},"3":{"start":{"line":8,"column":12},"end":{"line":8,"column":26}},"4":{"start":{"line":9,"column":24},"end":{"line":9,"column":89}},"5":{"start":{"line":10,"column":19},"end":{"line":10,"column":49}},"6":{"start":{"line":11,"column":0},"end":{"line":59,"column":3}},"7":{"start":{"line":20,"column":19},"end":{"line":20,"column":28}},"8":{"start":{"line":21,"column":4},"end":{"line":21,"column":15}},"9":{"start":{"line":22,"column":16},"end":{"line":22,"column":23}},"10":{"start":{"line":23,"column":24},"end":{"line":23,"column":45}},"11":{"start":{"line":24,"column":23},"end":{"line":24,"column":44}},"12":{"start":{"line":25,"column":23},"end":{"line":25,"column":44}},"13":{"start":{"line":26,"column":21},"end":{"line":26,"column":54}},"14":{"start":{"line":27,"column":20},"end":{"line":27,"column":35}},"15":{"start":{"line":28,"column":22},"end":{"line":33,"column":5}},"16":{"start":{"line":29,"column":16},"end":{"line":29,"column":28}},"17":{"start":{"line":30,"column":6},"end":{"line":30,"column":45}},"18":{"start":{"line":31,"column":6},"end":{"line":31,"column":33}},"19":{"start":{"line":32,"column":6},"end":{"line":32,"column":38}},"20":{"start":{"line":34,"column":22},"end":{"line":37,"column":5}},"21":{"start":{"line":35,"column":6},"end":{"line":35,"column":32}},"22":{"start":{"line":36,"column":6},"end":{"line":36,"column":38}},"23":{"start":{"line":38,"column":14},"end":{"line":40,"column":6}},"24":{"start":{"line":39,"column":6},"end":{"line":39,"column":87}},"25":{"start":{"line":41,"column":23},"end":{"line":52,"column":5}},"26":{"start":{"line":53,"column":4},"end":{"line":56,"column":7}},"27":{"start":{"line":57,"column":4},"end":{"line":57,"column":24}},"28":{"start":{"line":61,"column":0},"end":{"line":61,"column":62}},"29":{"start":{"line":62,"column":0},"end":{"line":62,"column":24}},"30":{"start":{"line":63,"column":12},"end":{"line":63,"column":26}},"31":{"start":{"line":64,"column":17},"end":{"line":64,"column":76}},"32":{"start":{"line":65,"column":17},"end":{"line":68,"column":1}},"33":{"start":{"line":69,"column":17},"end":{"line":69,"column":44}},"34":{"start":{"line":70,"column":17},"end":{"line":70,"column":31}},"35":{"start":{"line":71,"column":31},"end":{"line":71,"column":132}},"36":{"start":{"line":72,"column":17},"end":{"line":74,"column":1}},"37":{"start":{"line":75,"column":17},"end":{"line":75,"column":33}},"38":{"start":{"line":76,"column":17},"end":{"line":79,"column":1}},"39":{"start":{"line":80,"column":17},"end":{"line":80,"column":82}},"40":{"start":{"line":81,"column":18},"end":{"line":84,"column":1}},"41":{"start":{"line":85,"column":18},"end":{"line":85,"column":32}},"42":{"start":{"line":86,"column":32},"end":{"line":100,"column":20}},"43":{"start":{"line":101,"column":18},"end":{"line":103,"column":1}},"44":{"start":{"line":105,"column":4},"end":{"line":157,"column":8}},"45":{"start":{"line":123,"column":75},"end":{"line":123,"column":111}},"46":{"start":{"line":151,"column":83},"end":{"line":151,"column":120}},"47":{"start":{"line":159,"column":0},"end":{"line":159,"column":24}},"48":{"start":{"line":160,"column":1},"end":{"line":160,"column":48}}},"fnMap":{"0":{"name":"(anonymous_0)","decl":{"start":{"line":19,"column":9},"end":{"line":19,"column":10}},"loc":{"start":{"line":19,"column":32},"end":{"line":58,"column":3}},"line":19},"1":{"name":"(anonymous_1)","decl":{"start":{"line":28,"column":22},"end":{"line":28,"column":23}},"loc":{"start":{"line":28,"column":39},"end":{"line":33,"column":5}},"line":28},"2":{"name":"(anonymous_2)","decl":{"start":{"line":34,"column":22},"end":{"line":34,"column":23}},"loc":{"start":{"line":34,"column":34},"end":{"line":37,"column":5}},"line":34},"3":{"name":"(anonymous_3)","decl":{"start":{"line":38,"column":34},"end":{"line":38,"column":35}},"loc":{"start":{"line":38,"column":46},"end":{"line":40,"column":5}},"line":38},"4":{"name":"render","decl":{"start":{"line":104,"column":9},"end":{"line":104,"column":15}},"loc":{"start":{"line":104,"column":63},"end":{"line":158,"column":1}},"line":104},"5":{"name":"(anonymous_5)","decl":{"start":{"line":123,"column":55},"end":{"line":123,"column":56}},"loc":{"start":{"line":123,"column":73},"end":{"line":123,"column":113}},"line":123},"6":{"name":"(anonymous_6)","decl":{"start":{"line":151,"column":63},"end":{"line":151,"column":64}},"loc":{"start":{"line":151,"column":81},"end":{"line":151,"column":122}},"line":151}},"branchMap":{"0":{"loc":{"start":{"line":39,"column":13},"end":{"line":39,"column":86}},"type":"cond-expr","locations":[{"start":{"line":39,"column":34},"end":{"line":39,"column":70}},{"start":{"line":39,"column":73},"end":{"line":39,"column":86}}],"line":39},"1":{"loc":{"start":{"line":106,"column":8},"end":{"line":108,"column":57}},"type":"cond-expr","locations":[{"start":{"line":107,"column":15},"end":{"line":107,"column":152}},{"start":{"line":108,"column":14},"end":{"line":108,"column":57}}],"line":106},"2":{"loc":{"start":{"line":119,"column":12},"end":{"line":125,"column":61}},"type":"cond-expr","locations":[{"start":{"line":120,"column":19},"end":{"line":124,"column":30}},{"start":{"line":125,"column":18},"end":{"line":125,"column":61}}],"line":119},"3":{"loc":{"start":{"line":123,"column":29},"end":{"line":123,"column":114}},"type":"binary-expr","locations":[{"start":{"line":123,"column":29},"end":{"line":123,"column":38}},{"start":{"line":123,"column":43},"end":{"line":123,"column":113}}],"line":123},"4":{"loc":{"start":{"line":134,"column":8},"end":{"line":156,"column":57}},"type":"cond-expr","locations":[{"start":{"line":135,"column":15},"end":{"line":155,"column":14}},{"start":{"line":156,"column":14},"end":{"line":156,"column":57}}],"line":134},"5":{"loc":{"start":{"line":137,"column":20},"end":{"line":139,"column":69}},"type":"cond-expr","locations":[{"start":{"line":138,"column":27},"end":{"line":138,"column":165}},{"start":{"line":139,"column":26},"end":{"line":139,"column":69}}],"line":137},"6":{"loc":{"start":{"line":147,"column":20},"end":{"line":153,"column":69}},"type":"cond-expr","locations":[{"start":{"line":148,"column":27},"end":{"line":152,"column":39}},{"start":{"line":153,"column":26},"end":{"line":153,"column":69}}],"line":147},"7":{"loc":{"start":{"line":151,"column":37},"end":{"line":151,"column":123}},"type":"binary-expr","locations":[{"start":{"line":151,"column":37},"end":{"line":151,"column":46}},{"start":{"line":151,"column":51},"end":{"line":151,"column":122}}],"line":151}},"s":{"0":0,"1":0,"2":0,"3":0,"4":0,"5":0,"6":0,"7":0,"8":0,"9":0,"10":0,"11":0,"12":0,"13":0,"14":0,"15":0,"16":0,"17":0,"18":0,"19":0,"20":0,"21":0,"22":0,"23":0,"24":0,"25":0,"26":0,"27":0,"28":0,"29":0,"30":0,"31":0,"32":0,"33":0,"34":0,"35":0,"36":0,"37":0,"38":0,"39":0,"40":0,"41":0,"42":0,"43":0,"44":0,"45":0,"46":0,"47":0,"48":0},"f":{"0":0,"1":0,"2":0,"3":0,"4":0,"5":0,"6":0},"b":{"0":[0,0],"1":[0,0],"2":[0,0],"3":[0,0],"4":[0,0],"5":[0,0],"6":[0,0],"7":[0,0]},"inputSourceMap":{"0":"{","1":"\"","2":"v","3":"e","4":"r","5":"s","6":"i","7":"o","8":"n","9":"\"","10":":","11":"3","12":",","13":"\"","14":"s","15":"o","16":"u","17":"r","18":"c","19":"e","20":"s","21":"\"","22":":","23":"[","24":"\"","25":"C","26":":","27":"/","28":"U","29":"s","30":"e","31":"r","32":"s","33":"/","34":"x","35":"i","36":"q","37":"u","38":"e","39":"/","40":"O","41":"n","42":"e","43":"D","44":"r","45":"i","46":"v","47":"e","48":"/","49":"D","50":"o","51":"c","52":"u","53":"m","54":"e","55":"n","56":"t","57":"s","58":"/","59":"G","60":"i","61":"t","62":"H","63":"u","64":"b","65":"/","66":"m","67":"a","68":"s","69":"i","70":"v","71":"-","72":"t","73":"e","74":"s","75":"t","76":"-","77":"s","78":"o","79":"l","80":"u","81":"t","82":"i","83":"o","84":"n","85":"/","86":"s","87":"r","88":"c","89":"/","90":"c","91":"o","92":"m","93":"p","94":"o","95":"n","96":"e","97":"n","98":"t","99":"s","100":"/","101":"C","102":"o","103":"m","104":"i","105":"c","106":"C","107":"a","108":"r","109":"d","110":".","111":"v","112":"u","113":"e","114":"\"","115":"]","116":",","117":"\"","118":"n","119":"a","120":"m","121":"e","122":"s","123":"\"","124":":","125":"[","126":"]","127":",","128":"\"","129":"m","130":"a","131":"p","132":"p","133":"i","134":"n","135":"g","136":"s","137":"\"","138":":","139":"\"","140":";","141":";","142":";","143":";","144":";","145":";","146":";","147":"A","148":"A","149":"2","150":"E","151":"A","152":";","153":"A","154":"A","155":"C","156":"A","157":";","158":"A","159":"A","160":"C","161":"A","162":";","163":";","164":";","165":";","166":";","167":";","168":";","169":";","170":";","171":";","172":";","173":";","174":";","175":"I","176":"A","177":"W","178":"A","179":",","180":"I","181":"A","182":"A","183":"M","184":",","185":"a","186":"A","187":"A","188":"a","189":",","190":"G","191":"A","192":"A","193":"G","194":",","195":"a","196":"A","197":"A","198":"G","199":",","200":"E","201":"A","202":"A","203":"C","204":",","205":"K","206":"A","207":"A","208":"K","209":",","210":"C","211":"A","212":"A","213":"C","214":";","215":"I","216":"A","217":"E","218":"h","219":"C","220":",","221":"I","222":"A","223":"A","224":"M","225":",","226":"Y","227":"A","228":"A","229":"Y","230":",","231":"G","232":"A","233":"A","234":"G","235":",","236":"a","237":"A","238":"A","239":"G","240":",","241":"E","242":"A","243":"A","244":"C","245":",","246":"K","247":"A","248":"A","249":"K","250":",","251":"C","252":"A","253":"A","254":"C","255":";","256":"I","257":"A","258":"E","259":"/","260":"B","261":",","262":"I","263":"A","264":"A","265":"M","266":",","267":"Y","268":"A","269":"A","270":"Y","271":",","272":"G","273":"A","274":"A","275":"G","276":",","277":"a","278":"A","279":"A","280":"G","281":",","282":"E","283":"A","284":"A","285":"C","286":",","287":"K","288":"A","289":"A","290":"K","291":",","292":"C","293":"A","294":"A","295":"C","296":";","297":"I","298":"A","299":"E","300":"/","301":"B","302":",","303":"I","304":"A","305":"A","306":"M","307":",","308":"U","309":"A","310":"A","311":"U","312":",","313":"G","314":"A","315":"A","316":"G","317":",","318":"8","319":"B","320":"A","321":"A","322":"a","323":",","324":"G","325":"A","326":"A","327":"E","328":";","329":"I","330":"A","331":"E","332":"l","333":"C","334":",","335":"I","336":"A","337":"A","338":"M","339":",","340":"S","341":"A","342":"A","343":"S","344":",","345":"G","346":"A","347":"A","348":"G","349":",","350":"K","351":"A","352":"A","353":"K","354":",","355":"C","356":"A","357":"A","358":"C","359":",","360":"S","361":"A","362":"A","363":"S","364":";","365":"I","366":"A","367":"E","368":"j","369":"C","370":",","371":"I","372":"A","373":"A","374":"M","375":",","376":"W","377":"A","378":"A","379":"W","380":",","381":"G","382":"A","383":"A","384":"G","385":",","386":"U","387":"A","388":"A","389":"C","390":",","391":"K","392":"A","393":"A","394":"Y","395":";","396":"M","397":"A","398":"C","399":"/","400":"B","401":",","402":"I","403":"A","404":"A","405":"M","406":",","407":"G","408":"A","409":"A","410":"G","411":",","412":"G","413":"A","414":"A","415":"G","416":",","417":"K","418":"A","419":"A","420":"K","421":",","422":"C","423":"A","424":"A","425":"C","426":",","427":"M","428":"A","429":"A","430":"0","431":"B","432":";","433":"M","434":"A","435":"C","436":"5","437":"C","438":",","439":"a","440":"A","441":"A","442":"a","443":",","444":"C","445":"A","446":"A","447":"C","448":",","449":"K","450":"A","451":"A","452":"K","453":",","454":"G","455":"A","456":"A","457":"G","458":",","459":"G","460":"A","461":"A","462":"G","463":",","464":"C","465":"A","466":"A","467":"C","468":",","469":"M","470":"A","471":"A","472":"M","473":",","474":"G","475":"A","476":"A","477":"G","478":",","479":"G","480":"A","481":"A","482":"G","483":";","484":"M","485":"A","486":"E","487":"t","488":"C","489":",","490":"Y","491":"A","492":"A","493":"Y","494":",","495":"C","496":"A","497":"A","498":"C","499":",","500":"K","501":"A","502":"A","503":"K","504":",","505":"G","506":"A","507":"A","508":"G","509":",","510":"K","511":"A","512":"A","513":"K","514":";","515":"M","516":"A","517":"C","518":"1","519":"B","520":",","521":"U","522":"A","523":"A","524":"U","525":",","526":"C","527":"A","528":"A","529":"C","530":",","531":"c","532":"A","533":"A","534":"c","535":",","536":"C","537":"A","538":"A","539":"C","540":",","541":"I","542":"A","543":"A","544":"I","545":",","546":"C","547":"A","548":"A","549":"C","550":";","551":"I","552":"A","553":"C","554":"j","555":"C","556":",","557":"C","558":"A","559":"A","560":"C","561":";","562":"I","563":"A","564":"E","565":"D","566":",","567":"I","568":"A","569":"A","570":"M","571":",","572":"W","573":"A","574":"A","575":"W","576":",","577":"G","578":"A","579":"A","580":"G","581":";","582":"M","583":"A","584":"C","585":"l","586":"B","587":",","588":"Y","589":"A","590":"A","591":"Y","592":",","593":"C","594":"A","595":"A","596":"C","597":",","598":"K","599":"A","600":"A","601":"K","602":",","603":"G","604":"A","605":"A","606":"G","607":",","608":"I","609":"A","610":"A","611":"I","612":";","613":"M","614":"A","615":"C","616":"z","617":"B","618":",","619":"U","620":"A","621":"A","622":"U","623":",","624":"C","625":"A","626":"A","627":"C","628":",","629":"c","630":"A","631":"A","632":"c","633":",","634":"C","635":"A","636":"A","637":"C","638":",","639":"I","640":"A","641":"A","642":"I","643":",","644":"C","645":"A","646":"A","647":"C","648":";","649":"I","650":"A","651":"C","652":"j","653":"C","654":",","655":"C","656":"A","657":"A","658":"C","659":";","660":"I","661":"A","662":"E","663":"D","664":",","665":"I","666":"A","667":"A","668":"M","669":",","670":"G","671":"A","672":"A","673":"G","674":",","675":"G","676":"A","677":"A","678":"G","679":",","680":"k","681":"B","682":"A","683":"A","684":"Q","685":",","686":"E","687":"A","688":"A","689":"S","690":";","691":"M","692":"A","693":"C","694":"3","695":"B","696":",","697":"O","698":"A","699":"A","700":"O","701":",","702":"Y","703":"A","704":"A","705":"Y","706":",","707":"C","708":"A","709":"A","710":"C","711":",","712":"K","713":"A","714":"A","715":"K","716":",","717":"G","718":"A","719":"C","720":"r","721":"B","722":",","723":"o","724":"C","725":"A","726":"A","727":"o","728":"C","729":",","730":"G","731":"A","732":"C","733":"p","734":"C","735":",","736":"S","737":"A","738":"A","739":"S","740":",","741":"C","742":"A","743":"A","744":"C","745":",","746":"G","747":"A","748":"A","749":"G","750":";","751":"I","752":"A","753":"C","754":"n","755":"B","756":",","757":"C","758":"A","759":"A","760":"C","761":",","762":"C","763":"A","764":"A","765":"C","766":"\"","767":",","768":"\"","769":"f","770":"i","771":"l","772":"e","773":"\"","774":":","775":"\"","776":"C","777":":","778":"\\","779":"\\","780":"U","781":"s","782":"e","783":"r","784":"s","785":"\\","786":"\\","787":"x","788":"i","789":"q","790":"u","791":"e","792":"\\","793":"\\","794":"O","795":"n","796":"e","797":"D","798":"r","799":"i","800":"v","801":"e","802":"\\","803":"\\","804":"D","805":"o","806":"c","807":"u","808":"m","809":"e","810":"n","811":"t","812":"s","813":"\\","814":"\\","815":"G","816":"i","817":"t","818":"H","819":"u","820":"b","821":"\\","822":"\\","823":"m","824":"a","825":"s","826":"i","827":"v","828":"-","829":"t","830":"e","831":"s","832":"t","833":"-","834":"s","835":"o","836":"l","837":"u","838":"t","839":"i","840":"o","841":"n","842":"\\","843":"\\","844":"s","845":"r","846":"c","847":"\\","848":"\\","849":"c","850":"o","851":"m","852":"p","853":"o","854":"n","855":"e","856":"n","857":"t","858":"s","859":"\\","860":"\\","861":"C","862":"o","863":"m","864":"i","865":"c","866":"C","867":"a","868":"r","869":"d","870":".","871":"v","872":"u","873":"e","874":"\"","875":",","876":"\"","877":"s","878":"o","879":"u","880":"r","881":"c","882":"e","883":"s","884":"C","885":"o","886":"n","887":"t","888":"e","889":"n","890":"t","891":"\"","892":":","893":"[","894":"\"","895":"<","896":"t","897":"e","898":"m","899":"p","900":"l","901":"a","902":"t","903":"e","904":">","905":"\\","906":"r","907":"\\","908":"n","909":" ","910":" ","911":"<","912":"d","913":"i","914":"v","915":" ","916":"c","917":"l","918":"a","919":"s","920":"s","921":"=","922":"\\","923":"\"","924":"r","925":"o","926":"u","927":"n","928":"d","929":"e","930":"d","931":" ","932":"o","933":"v","934":"e","935":"r","936":"f","937":"l","938":"o","939":"w","940":"-","941":"h","942":"i","943":"d","944":"d","945":"e","946":"n","947":" ","948":"s","949":"h","950":"a","951":"d","952":"o","953":"w","954":"-","955":"l","956":"g","957":" ","958":"b","959":"g","960":"-","961":"w","962":"h","963":"i","964":"t","965":"e","966":" ","967":"p","968":"-","969":"5","970":"\\","971":"\"","972":">","973":"\\","974":"r","975":"\\","976":"n","977":" ","978":" ","979":" ","980":" ","981":"<","982":"h","983":"1","984":" ","985":"v","986":"-","987":"i","988":"f","989":"=","990":"\\","991":"\"","992":"c","993":"o","994":"m","995":"i","996":"c","997":"S","998":"t","999":"o","1000":"r","1001":"e","1002":".","1003":"i","1004":"m","1005":"a","1006":"g","1007":"e","1008":"L","1009":"o","1010":"a","1011":"d","1012":"e","1013":"d","1014":"\\","1015":"\"","1016":" ","1017":"c","1018":"l","1019":"a","1020":"s","1021":"s","1022":"=","1023":"\\","1024":"\"","1025":"f","1026":"o","1027":"n","1028":"t","1029":"-","1030":"b","1031":"o","1032":"l","1033":"d","1034":" ","1035":"t","1036":"e","1037":"x","1038":"t","1039":"-","1040":"x","1041":"l","1042":" ","1043":"m","1044":"b","1045":"-","1046":"5","1047":"\\","1048":"\"","1049":">","1050":"\\","1051":"r","1052":"\\","1053":"n","1054":" ","1055":" ","1056":" ","1057":" ","1058":" ","1059":" ","1060":"{","1061":"{","1062":" ","1063":"i","1064":"n","1065":"f","1066":"o","1067":"C","1068":"o","1069":"m","1070":"i","1071":"c","1072":".","1073":"t","1074":"i","1075":"t","1076":"l","1077":"e","1078":" ","1079":"}","1080":"}","1081":"\\","1082":"r","1083":"\\","1084":"n","1085":" ","1086":" ","1087":" ","1088":" ","1089":"<","1090":"/","1091":"h","1092":"1","1093":">","1094":"\\","1095":"r","1096":"\\","1097":"n","1098":" ","1099":" ","1100":" ","1101":" ","1102":"<","1103":"d","1104":"i","1105":"v","1106":" ","1107":"c","1108":"l","1109":"a","1110":"s","1111":"s","1112":"=","1113":"\\","1114":"\"","1115":"r","1116":"e","1117":"l","1118":"a","1119":"t","1120":"i","1121":"v","1122":"e","1123":" ","1124":"g","1125":"r","1126":"o","1127":"u","1128":"p","1129":"\\","1130":"\"","1131":">","1132":"\\","1133":"r","1134":"\\","1135":"n","1136":" ","1137":" ","1138":" ","1139":" ","1140":" ","1141":" ","1142":"<","1143":"i","1144":"m","1145":"g","1146":"\\","1147":"r","1148":"\\","1149":"n","1150":" ","1151":" ","1152":" ","1153":" ","1154":" ","1155":" ","1156":" ","1157":" ","1158":"c","1159":"l","1160":"a","1161":"s","1162":"s","1163":"=","1164":"\\","1165":"\"","1166":"w","1167":"-","1168":"f","1169":"u","1170":"l","1171":"l","1172":" ","1173":"h","1174":"-","1175":"a","1176":"u","1177":"t","1178":"o","1179":"\\","1180":"\"","1181":"\\","1182":"r","1183":"\\","1184":"n","1185":" ","1186":" ","1187":" ","1188":" ","1189":" ","1190":" ","1191":" ","1192":" ","1193":":","1194":"c","1195":"l","1196":"a","1197":"s","1198":"s","1199":"=","1200":"\\","1201":"\"","1202":"{","1203":"\\","1204":"r","1205":"\\","1206":"n","1207":" ","1208":" ","1209":" ","1210":" ","1211":" ","1212":" ","1213":" ","1214":" ","1215":" ","1216":" ","1217":"'","1218":"c","1219":"u","1220":"r","1221":"s","1222":"o","1223":"r","1224":"-","1225":"p","1226":"o","1227":"i","1228":"n","1229":"t","1230":"e","1231":"r","1232":" ","1233":"t","1234":"r","1235":"a","1236":"n","1237":"s","1238":"f","1239":"o","1240":"r","1241":"m","1242":" ","1243":"h","1244":"o","1245":"v","1246":"e","1247":"r","1248":":","1249":"s","1250":"c","1251":"a","1252":"l","1253":"e","1254":"-","1255":"1","1256":"0","1257":"5","1258":" ","1259":"t","1260":"r","1261":"a","1262":"n","1263":"s","1264":"i","1265":"t","1266":"i","1267":"o","1268":"n","1269":"-","1270":"t","1271":"r","1272":"a","1273":"n","1274":"s","1275":"f","1276":"o","1277":"r","1278":"m","1279":" ","1280":"d","1281":"u","1282":"r","1283":"a","1284":"t","1285":"i","1286":"o","1287":"n","1288":"-","1289":"3","1290":"0","1291":"0","1292":"'","1293":":","1294":"\\","1295":"r","1296":"\\","1297":"n","1298":" ","1299":" ","1300":" ","1301":" ","1302":" ","1303":" ","1304":" ","1305":" ","1306":" ","1307":" ","1308":" ","1309":" ","1310":"i","1311":"s","1312":"I","1313":"m","1314":"g","1315":"E","1316":"x","1317":"p","1318":"a","1319":"n","1320":"d","1321":"e","1322":"d","1323":"\\","1324":"r","1325":"\\","1326":"n","1327":" ","1328":" ","1329":" ","1330":" ","1331":" ","1332":" ","1333":" ","1334":" ","1335":"}","1336":"\\","1337":"\"","1338":"\\","1339":"r","1340":"\\","1341":"n","1342":" ","1343":" ","1344":" ","1345":" ","1346":" ","1347":" ","1348":" ","1349":" ","1350":":","1351":"s","1352":"r","1353":"c","1354":"=","1355":"\\","1356":"\"","1357":"i","1358":"m","1359":"g","1360":"\\","1361":"\"","1362":"\\","1363":"r","1364":"\\","1365":"n","1366":" ","1367":" ","1368":" ","1369":" ","1370":" ","1371":" ","1372":" ","1373":" ","1374":":","1375":"a","1376":"l","1377":"t","1378":"=","1379":"\\","1380":"\"","1381":"i","1382":"n","1383":"f","1384":"o","1385":"C","1386":"o","1387":"m","1388":"i","1389":"c","1390":".","1391":"a","1392":"l","1393":"t","1394":"\\","1395":"\"","1396":"\\","1397":"r","1398":"\\","1399":"n","1400":" ","1401":" ","1402":" ","1403":" ","1404":" ","1405":" ","1406":" ","1407":" ","1408":"@","1409":"l","1410":"o","1411":"a","1412":"d","1413":"=","1414":"\\","1415":"\"","1416":"o","1417":"n","1418":"I","1419":"m","1420":"a","1421":"g","1422":"e","1423":"L","1424":"o","1425":"a","1426":"d","1427":"\\","1428":"\"","1429":"\\","1430":"r","1431":"\\","1432":"n","1433":" ","1434":" ","1435":" ","1436":" ","1437":" ","1438":" ","1439":" ","1440":" ","1441":"@","1442":"e","1443":"r","1444":"r","1445":"o","1446":"r","1447":"=","1448":"\\","1449":"\"","1450":"i","1451":"m","1452":"a","1453":"g","1454":"e","1455":"n","1456":"E","1457":"r","1458":"r","1459":"o","1460":"r","1461":"\\","1462":"\"","1463":"\\","1464":"r","1465":"\\","1466":"n","1467":" ","1468":" ","1469":" ","1470":" ","1471":" ","1472":" ","1473":"/","1474":">","1475":"\\","1476":"r","1477":"\\","1478":"n","1479":" ","1480":" ","1481":" ","1482":" ","1483":" ","1484":" ","1485":"<","1486":"b","1487":"u","1488":"t","1489":"t","1490":"o","1491":"n","1492":"\\","1493":"r","1494":"\\","1495":"n","1496":" ","1497":" ","1498":" ","1499":" ","1500":" ","1501":" ","1502":" ","1503":" ","1504":"v","1505":"-","1506":"i","1507":"f","1508":"=","1509":"\\","1510":"\"","1511":"i","1512":"s","1513":"I","1514":"m","1515":"g","1516":"E","1517":"x","1518":"p","1519":"a","1520":"n","1521":"d","1522":"e","1523":"d","1524":"\\","1525":"\"","1526":"\\","1527":"r","1528":"\\","1529":"n","1530":" ","1531":" ","1532":" ","1533":" ","1534":" ","1535":" ","1536":" ","1537":" ","1538":"c","1539":"l","1540":"a","1541":"s","1542":"s","1543":"=","1544":"\\","1545":"\"","1546":"a","1547":"b","1548":"s","1549":"o","1550":"l","1551":"u","1552":"t","1553":"e","1554":" ","1555":"i","1556":"n","1557":"s","1558":"e","1559":"t","1560":"-","1561":"0","1562":" ","1563":"f","1564":"l","1565":"e","1566":"x","1567":" ","1568":"i","1569":"t","1570":"e","1571":"m","1572":"s","1573":"-","1574":"c","1575":"e","1576":"n","1577":"t","1578":"e","1579":"r","1580":" ","1581":"j","1582":"u","1583":"s","1584":"t","1585":"i","1586":"f","1587":"y","1588":"-","1589":"c","1590":"e","1591":"n","1592":"t","1593":"e","1594":"r","1595":" ","1596":"w","1597":"-","1598":"f","1599":"u","1600":"l","1601":"l","1602":" ","1603":"h","1604":"-","1605":"f","1606":"u","1607":"l","1608":"l","1609":" ","1610":"b","1611":"g","1612":"-","1613":"b","1614":"l","1615":"a","1616":"c","1617":"k","1618":" ","1619":"b","1620":"g","1621":"-","1622":"o","1623":"p","1624":"a","1625":"c","1626":"i","1627":"t","1628":"y","1629":"-","1630":"5","1631":"0","1632":" ","1633":"o","1634":"p","1635":"a","1636":"c","1637":"i","1638":"t","1639":"y","1640":"-","1641":"0","1642":" ","1643":"g","1644":"r","1645":"o","1646":"u","1647":"p","1648":"-","1649":"h","1650":"o","1651":"v","1652":"e","1653":"r","1654":":","1655":"o","1656":"p","1657":"a","1658":"c","1659":"i","1660":"t","1661":"y","1662":"-","1663":"1","1664":"0","1665":"0","1666":" ","1667":"t","1668":"r","1669":"a","1670":"n","1671":"s","1672":"i","1673":"t","1674":"i","1675":"o","1676":"n","1677":"-","1678":"o","1679":"p","1680":"a","1681":"c","1682":"i","1683":"t","1684":"y","1685":" ","1686":"d","1687":"u","1688":"r","1689":"a","1690":"t","1691":"i","1692":"o","1693":"n","1694":"-","1695":"3","1696":"0","1697":"0","1698":"\\","1699":"\"","1700":"\\","1701":"r","1702":"\\","1703":"n","1704":" ","1705":" ","1706":" ","1707":" ","1708":" ","1709":" ","1710":" ","1711":" ","1712":"@","1713":"c","1714":"l","1715":"i","1716":"c","1717":"k","1718":"=","1719":"\\","1720":"\"","1721":"s","1722":"h","1723":"o","1724":"w","1725":"M","1726":"o","1727":"d","1728":"a","1729":"l","1730":"I","1731":"m","1732":"g","1733":" ","1734":"=","1735":" ","1736":"t","1737":"r","1738":"u","1739":"e","1740":"\\","1741":"\"","1742":"\\","1743":"r","1744":"\\","1745":"n","1746":" ","1747":" ","1748":" ","1749":" ","1750":" ","1751":" ","1752":">","1753":"\\","1754":"r","1755":"\\","1756":"n","1757":" ","1758":" ","1759":" ","1760":" ","1761":" ","1762":" ","1763":" ","1764":" ","1765":"<","1766":"s","1767":"p","1768":"a","1769":"n","1770":" ","1771":"c","1772":"l","1773":"a","1774":"s","1775":"s","1776":"=","1777":"\\","1778":"\"","1779":"t","1780":"e","1781":"x","1782":"t","1783":"-","1784":"w","1785":"h","1786":"i","1787":"t","1788":"e","1789":" ","1790":"f","1791":"o","1792":"n","1793":"t","1794":"-","1795":"b","1796":"o","1797":"l","1798":"d","1799":"\\","1800":"\"","1801":">","1802":"A","1803":"m","1804":"p","1805":"l","1806":"i","1807":"a","1808":"r","1809":"<","1810":"/","1811":"s","1812":"p","1813":"a","1814":"n","1815":">","1816":"\\","1817":"r","1818":"\\","1819":"n","1820":" ","1821":" ","1822":" ","1823":" ","1824":" ","1825":" ","1826":"<","1827":"/","1828":"b","1829":"u","1830":"t","1831":"t","1832":"o","1833":"n","1834":">","1835":"\\","1836":"r","1837":"\\","1838":"n","1839":" ","1840":" ","1841":" ","1842":" ","1843":"<","1844":"/","1845":"d","1846":"i","1847":"v","1848":">","1849":"\\","1850":"r","1851":"\\","1852":"n","1853":"\\","1854":"r","1855":"\\","1856":"n","1857":" ","1858":" ","1859":" ","1860":" ","1861":"<","1862":"d","1863":"i","1864":"v","1865":" ","1866":"c","1867":"l","1868":"a","1869":"s","1870":"s","1871":"=","1872":"\\","1873":"\"","1874":"p","1875":"-","1876":"4","1877":"\\","1878":"\"","1879":">","1880":"\\","1881":"r","1882":"\\","1883":"n","1884":" ","1885":" ","1886":" ","1887":" ","1888":" ","1889":" ","1890":"<","1891":"C","1892":"o","1893":"m","1894":"i","1895":"c","1896":"R","1897":"a","1898":"t","1899":"i","1900":"n","1901":"g","1902":"\\","1903":"r","1904":"\\","1905":"n","1906":" ","1907":" ","1908":" ","1909":" ","1910":" ","1911":" ","1912":" ","1913":" ","1914":":","1915":"i","1916":"s","1917":"-","1918":"v","1919":"i","1920":"s","1921":"i","1922":"b","1923":"l","1924":"e","1925":"=","1926":"\\","1927":"\"","1928":"c","1929":"o","1930":"m","1931":"i","1932":"c","1933":"S","1934":"t","1935":"o","1936":"r","1937":"e","1938":".","1939":"i","1940":"m","1941":"a","1942":"g","1943":"e","1944":"L","1945":"o","1946":"a","1947":"d","1948":"e","1949":"d","1950":"\\","1951":"\"","1952":"\\","1953":"r","1954":"\\","1955":"n","1956":" ","1957":" ","1958":" ","1959":" ","1960":" ","1961":" ","1962":" ","1963":" ","1964":":","1965":"c","1966":"o","1967":"m","1968":"i","1969":"c","1970":"-","1971":"i","1972":"d","1973":"=","1974":"\\","1975":"\"","1976":"i","1977":"n","1978":"f","1979":"o","1980":"C","1981":"o","1982":"m","1983":"i","1984":"c","1985":".","1986":"n","1987":"u","1988":"m","1989":"\\","1990":"\"","1991":"\\","1992":"r","1993":"\\","1994":"n","1995":" ","1996":" ","1997":" ","1998":" ","1999":" ","2000":" ","2001":"/","2002":">","2003":"\\","2004":"r","2005":"\\","2006":"n","2007":" ","2008":" ","2009":" ","2010":" ","2011":"<","2012":"/","2013":"d","2014":"i","2015":"v","2016":">","2017":"\\","2018":"r","2019":"\\","2020":"n","2021":" ","2022":" ","2023":" ","2024":" ","2025":"<","2026":"!","2027":"-","2028":"-","2029":" ","2030":"M","2031":"o","2032":"d","2033":"a","2034":"l","2035":" ","2036":"f","2037":"o","2038":"r","2039":" ","2040":"t","2041":"h","2042":"e","2043":" ","2044":"I","2045":"M","2046":"G","2047":"-","2048":"-","2049":">","2050":"\\","2051":"r","2052":"\\","2053":"n","2054":" ","2055":" ","2056":" ","2057":" ","2058":"<","2059":"d","2060":"i","2061":"v","2062":"\\","2063":"r","2064":"\\","2065":"n","2066":" ","2067":" ","2068":" ","2069":" ","2070":" ","2071":" ","2072":"v","2073":"-","2074":"i","2075":"f","2076":"=","2077":"\\","2078":"\"","2079":"s","2080":"h","2081":"o","2082":"w","2083":"M","2084":"o","2085":"d","2086":"a","2087":"l","2088":"I","2089":"m","2090":"g","2091":"\\","2092":"\"","2093":"\\","2094":"r","2095":"\\","2096":"n","2097":" ","2098":" ","2099":" ","2100":" ","2101":" ","2102":" ","2103":"c","2104":"l","2105":"a","2106":"s","2107":"s","2108":"=","2109":"\\","2110":"\"","2111":"f","2112":"i","2113":"x","2114":"e","2115":"d","2116":" ","2117":"i","2118":"n","2119":"s","2120":"e","2121":"t","2122":"-","2123":"0","2124":" ","2125":"f","2126":"l","2127":"e","2128":"x","2129":" ","2130":"i","2131":"t","2132":"e","2133":"m","2134":"s","2135":"-","2136":"c","2137":"e","2138":"n","2139":"t","2140":"e","2141":"r","2142":" ","2143":"j","2144":"u","2145":"s","2146":"t","2147":"i","2148":"f","2149":"y","2150":"-","2151":"c","2152":"e","2153":"n","2154":"t","2155":"e","2156":"r","2157":" ","2158":"z","2159":"-","2160":"5","2161":"0","2162":" ","2163":"b","2164":"g","2165":"-","2166":"b","2167":"l","2168":"a","2169":"c","2170":"k","2171":" ","2172":"b","2173":"g","2174":"-","2175":"o","2176":"p","2177":"a","2178":"c","2179":"i","2180":"t","2181":"y","2182":"-","2183":"5","2184":"0","2185":"\\","2186":"\"","2187":"\\","2188":"r","2189":"\\","2190":"n","2191":" ","2192":" ","2193":" ","2194":" ","2195":">","2196":"\\","2197":"r","2198":"\\","2199":"n","2200":" ","2201":" ","2202":" ","2203":" ","2204":" ","2205":" ","2206":"<","2207":"d","2208":"i","2209":"v","2210":" ","2211":"c","2212":"l","2213":"a","2214":"s","2215":"s","2216":"=","2217":"\\","2218":"\"","2219":"m","2220":"a","2221":"x","2222":"-","2223":"w","2224":"-","2225":"4","2226":"x","2227":"l","2228":" ","2229":"b","2230":"g","2231":"-","2232":"w","2233":"h","2234":"i","2235":"t","2236":"e","2237":" ","2238":"p","2239":"-","2240":"8","2241":" ","2242":"r","2243":"o","2244":"u","2245":"n","2246":"d","2247":"e","2248":"d","2249":"-","2250":"l","2251":"g","2252":" ","2253":"s","2254":"h","2255":"a","2256":"d","2257":"o","2258":"w","2259":"-","2260":"x","2261":"l","2262":" ","2263":"r","2264":"e","2265":"l","2266":"a","2267":"t","2268":"i","2269":"v","2270":"e","2271":"\\","2272":"\"","2273":">","2274":"\\","2275":"r","2276":"\\","2277":"n","2278":" ","2279":" ","2280":" ","2281":" ","2282":" ","2283":" ","2284":" ","2285":" ","2286":"<","2287":"h","2288":"1","2289":" ","2290":"v","2291":"-","2292":"i","2293":"f","2294":"=","2295":"\\","2296":"\"","2297":"c","2298":"o","2299":"m","2300":"i","2301":"c","2302":"S","2303":"t","2304":"o","2305":"r","2306":"e","2307":".","2308":"i","2309":"m","2310":"a","2311":"g","2312":"e","2313":"L","2314":"o","2315":"a","2316":"d","2317":"e","2318":"d","2319":"\\","2320":"\"","2321":" ","2322":"c","2323":"l","2324":"a","2325":"s","2326":"s","2327":"=","2328":"\\","2329":"\"","2330":"f","2331":"o","2332":"n","2333":"t","2334":"-","2335":"b","2336":"o","2337":"l","2338":"d","2339":" ","2340":"t","2341":"e","2342":"x","2343":"t","2344":"-","2345":"x","2346":"l","2347":"\\","2348":"\"","2349":">","2350":"\\","2351":"r","2352":"\\","2353":"n","2354":" ","2355":" ","2356":" ","2357":" ","2358":" ","2359":" ","2360":" ","2361":" ","2362":" ","2363":" ","2364":"{","2365":"{","2366":" ","2367":"i","2368":"n","2369":"f","2370":"o","2371":"C","2372":"o","2373":"m","2374":"i","2375":"c","2376":".","2377":"t","2378":"i","2379":"t","2380":"l","2381":"e","2382":" ","2383":"}","2384":"}","2385":"\\","2386":"r","2387":"\\","2388":"n","2389":" ","2390":" ","2391":" ","2392":" ","2393":" ","2394":" ","2395":" ","2396":" ","2397":"<","2398":"/","2399":"h","2400":"1","2401":">","2402":"\\","2403":"r","2404":"\\","2405":"n","2406":" ","2407":" ","2408":" ","2409":" ","2410":" ","2411":" ","2412":" ","2413":" ","2414":"<","2415":"s","2416":"m","2417":"a","2418":"l","2419":"l","2420":">","2421":"{","2422":"{","2423":" ","2424":"i","2425":"n","2426":"f","2427":"o","2428":"C","2429":"o","2430":"m","2431":"i","2432":"c","2433":".","2434":"n","2435":"u","2436":"m","2437":" ","2438":"}","2439":"}","2440":"<","2441":"/","2442":"s","2443":"m","2444":"a","2445":"l","2446":"l","2447":">","2448":"\\","2449":"r","2450":"\\","2451":"n","2452":" ","2453":" ","2454":" ","2455":" ","2456":" ","2457":" ","2458":" ","2459":" ","2460":"<","2461":"i","2462":"m","2463":"g","2464":"\\","2465":"r","2466":"\\","2467":"n","2468":" ","2469":" ","2470":" ","2471":" ","2472":" ","2473":" ","2474":" ","2475":" ","2476":" ","2477":" ","2478":"c","2479":"l","2480":"a","2481":"s","2482":"s","2483":"=","2484":"\\","2485":"\"","2486":"w","2487":"-","2488":"f","2489":"u","2490":"l","2491":"l","2492":" ","2493":"h","2494":"-","2495":"[","2496":"4","2497":"5","2498":"r","2499":"e","2500":"m","2501":"]","2502":" ","2503":"m","2504":"t","2505":"-","2506":"3","2507":"\\","2508":"\"","2509":"\\","2510":"r","2511":"\\","2512":"n","2513":" ","2514":" ","2515":" ","2516":" ","2517":" ","2518":" ","2519":" ","2520":" ","2521":" ","2522":" ","2523":":","2524":"s","2525":"r","2526":"c","2527":"=","2528":"\\","2529":"\"","2530":"i","2531":"m","2532":"g","2533":"\\","2534":"\"","2535":"\\","2536":"r","2537":"\\","2538":"n","2539":" ","2540":" ","2541":" ","2542":" ","2543":" ","2544":" ","2545":" ","2546":" ","2547":" ","2548":" ","2549":":","2550":"a","2551":"l","2552":"t","2553":"=","2554":"\\","2555":"\"","2556":"i","2557":"n","2558":"f","2559":"o","2560":"C","2561":"o","2562":"m","2563":"i","2564":"c","2565":".","2566":"a","2567":"l","2568":"t","2569":"\\","2570":"\"","2571":"\\","2572":"r","2573":"\\","2574":"n","2575":" ","2576":" ","2577":" ","2578":" ","2579":" ","2580":" ","2581":" ","2582":" ","2583":" ","2584":" ","2585":"@","2586":"l","2587":"o","2588":"a","2589":"d","2590":"=","2591":"\\","2592":"\"","2593":"o","2594":"n","2595":"I","2596":"m","2597":"a","2598":"g","2599":"e","2600":"L","2601":"o","2602":"a","2603":"d","2604":"\\","2605":"\"","2606":"\\","2607":"r","2608":"\\","2609":"n","2610":" ","2611":" ","2612":" ","2613":" ","2614":" ","2615":" ","2616":" ","2617":" ","2618":"/","2619":">","2620":"\\","2621":"r","2622":"\\","2623":"n","2624":" ","2625":" ","2626":" ","2627":" ","2628":" ","2629":" ","2630":" ","2631":" ","2632":"<","2633":"b","2634":"u","2635":"t","2636":"t","2637":"o","2638":"n","2639":"\\","2640":"r","2641":"\\","2642":"n","2643":" ","2644":" ","2645":" ","2646":" ","2647":" ","2648":" ","2649":" ","2650":" ","2651":" ","2652":" ","2653":"v","2654":"-","2655":"i","2656":"f","2657":"=","2658":"\\","2659":"\"","2660":"c","2661":"o","2662":"m","2663":"i","2664":"c","2665":"S","2666":"t","2667":"o","2668":"r","2669":"e","2670":".","2671":"i","2672":"m","2673":"a","2674":"g","2675":"e","2676":"L","2677":"o","2678":"a","2679":"d","2680":"e","2681":"d","2682":"\\","2683":"\"","2684":"\\","2685":"r","2686":"\\","2687":"n","2688":" ","2689":" ","2690":" ","2691":" ","2692":" ","2693":" ","2694":" ","2695":" ","2696":" ","2697":" ","2698":"c","2699":"l","2700":"a","2701":"s","2702":"s","2703":"=","2704":"\\","2705":"\"","2706":"a","2707":"b","2708":"s","2709":"o","2710":"l","2711":"u","2712":"t","2713":"e","2714":" ","2715":"t","2716":"o","2717":"p","2718":"-","2719":"3","2720":" ","2721":"r","2722":"i","2723":"g","2724":"h","2725":"t","2726":"-","2727":"3","2728":" ","2729":"b","2730":"g","2731":"-","2732":"w","2733":"h","2734":"i","2735":"t","2736":"e","2737":" ","2738":"r","2739":"o","2740":"u","2741":"n","2742":"d","2743":"e","2744":"d","2745":"-","2746":"f","2747":"u","2748":"l","2749":"l","2750":" ","2751":"p","2752":"-","2753":"2","2754":"\\","2755":"\"","2756":"\\","2757":"r","2758":"\\","2759":"n","2760":" ","2761":" ","2762":" ","2763":" ","2764":" ","2765":" ","2766":" ","2767":" ","2768":" ","2769":" ","2770":"@","2771":"c","2772":"l","2773":"i","2774":"c","2775":"k","2776":"=","2777":"\\","2778":"\"","2779":"s","2780":"h","2781":"o","2782":"w","2783":"M","2784":"o","2785":"d","2786":"a","2787":"l","2788":"I","2789":"m","2790":"g","2791":" ","2792":"=","2793":" ","2794":"f","2795":"a","2796":"l","2797":"s","2798":"e","2799":"\\","2800":"\"","2801":"\\","2802":"r","2803":"\\","2804":"n","2805":" ","2806":" ","2807":" ","2808":" ","2809":" ","2810":" ","2811":" ","2812":" ","2813":">","2814":"\\","2815":"r","2816":"\\","2817":"n","2818":" ","2819":" ","2820":" ","2821":" ","2822":" ","2823":" ","2824":" ","2825":" ","2826":" ","2827":" ","2828":"<","2829":"s","2830":"v","2831":"g","2832":"\\","2833":"r","2834":"\\","2835":"n","2836":" ","2837":" ","2838":" ","2839":" ","2840":" ","2841":" ","2842":" ","2843":" ","2844":" ","2845":" ","2846":" ","2847":" ","2848":"c","2849":"l","2850":"a","2851":"s","2852":"s","2853":"=","2854":"\\","2855":"\"","2856":"h","2857":"-","2858":"6","2859":" ","2860":"w","2861":"-","2862":"6","2863":"\\","2864":"\"","2865":"\\","2866":"r","2867":"\\","2868":"n","2869":" ","2870":" ","2871":" ","2872":" ","2873":" ","2874":" ","2875":" ","2876":" ","2877":" ","2878":" ","2879":" ","2880":" ","2881":"x","2882":"m","2883":"l","2884":"n","2885":"s","2886":"=","2887":"\\","2888":"\"","2889":"h","2890":"t","2891":"t","2892":"p","2893":":","2894":"/","2895":"/","2896":"w","2897":"w","2898":"w","2899":".","2900":"w","2901":"3","2902":".","2903":"o","2904":"r","2905":"g","2906":"/","2907":"2","2908":"0","2909":"0","2910":"0","2911":"/","2912":"s","2913":"v","2914":"g","2915":"\\","2916":"\"","2917":"\\","2918":"r","2919":"\\","2920":"n","2921":" ","2922":" ","2923":" ","2924":" ","2925":" ","2926":" ","2927":" ","2928":" ","2929":" ","2930":" ","2931":" ","2932":" ","2933":"f","2934":"i","2935":"l","2936":"l","2937":"=","2938":"\\","2939":"\"","2940":"n","2941":"o","2942":"n","2943":"e","2944":"\\","2945":"\"","2946":"\\","2947":"r","2948":"\\","2949":"n","2950":" ","2951":" ","2952":" ","2953":" ","2954":" ","2955":" ","2956":" ","2957":" ","2958":" ","2959":" ","2960":" ","2961":" ","2962":"v","2963":"i","2964":"e","2965":"w","2966":"B","2967":"o","2968":"x","2969":"=","2970":"\\","2971":"\"","2972":"0","2973":" ","2974":"0","2975":" ","2976":"2","2977":"4","2978":" ","2979":"2","2980":"4","2981":"\\","2982":"\"","2983":"\\","2984":"r","2985":"\\","2986":"n","2987":" ","2988":" ","2989":" ","2990":" ","2991":" ","2992":" ","2993":" ","2994":" ","2995":" ","2996":" ","2997":" ","2998":" ","2999":"s","3000":"t","3001":"r","3002":"o","3003":"k","3004":"e","3005":"=","3006":"\\","3007":"\"","3008":"c","3009":"u","3010":"r","3011":"r","3012":"e","3013":"n","3014":"t","3015":"C","3016":"o","3017":"l","3018":"o","3019":"r","3020":"\\","3021":"\"","3022":"\\","3023":"r","3024":"\\","3025":"n","3026":" ","3027":" ","3028":" ","3029":" ","3030":" ","3031":" ","3032":" ","3033":" ","3034":" ","3035":" ","3036":" ","3037":" ","3038":"a","3039":"r","3040":"i","3041":"a","3042":"-","3043":"h","3044":"i","3045":"d","3046":"d","3047":"e","3048":"n","3049":"=","3050":"\\","3051":"\"","3052":"t","3053":"r","3054":"u","3055":"e","3056":"\\","3057":"\"","3058":"\\","3059":"r","3060":"\\","3061":"n","3062":" ","3063":" ","3064":" ","3065":" ","3066":" ","3067":" ","3068":" ","3069":" ","3070":" ","3071":" ","3072":">","3073":"\\","3074":"r","3075":"\\","3076":"n","3077":" ","3078":" ","3079":" ","3080":" ","3081":" ","3082":" ","3083":" ","3084":" ","3085":" ","3086":" ","3087":" ","3088":" ","3089":"<","3090":"p","3091":"a","3092":"t","3093":"h","3094":"\\","3095":"r","3096":"\\","3097":"n","3098":" ","3099":" ","3100":" ","3101":" ","3102":" ","3103":" ","3104":" ","3105":" ","3106":" ","3107":" ","3108":" ","3109":" ","3110":" ","3111":" ","3112":"s","3113":"t","3114":"r","3115":"o","3116":"k","3117":"e","3118":"-","3119":"l","3120":"i","3121":"n","3122":"e","3123":"c","3124":"a","3125":"p","3126":"=","3127":"\\","3128":"\"","3129":"r","3130":"o","3131":"u","3132":"n","3133":"d","3134":"\\","3135":"\"","3136":"\\","3137":"r","3138":"\\","3139":"n","3140":" ","3141":" ","3142":" ","3143":" ","3144":" ","3145":" ","3146":" ","3147":" ","3148":" ","3149":" ","3150":" ","3151":" ","3152":" ","3153":" ","3154":"s","3155":"t","3156":"r","3157":"o","3158":"k","3159":"e","3160":"-","3161":"l","3162":"i","3163":"n","3164":"e","3165":"j","3166":"o","3167":"i","3168":"n","3169":"=","3170":"\\","3171":"\"","3172":"r","3173":"o","3174":"u","3175":"n","3176":"d","3177":"\\","3178":"\"","3179":"\\","3180":"r","3181":"\\","3182":"n","3183":" ","3184":" ","3185":" ","3186":" ","3187":" ","3188":" ","3189":" ","3190":" ","3191":" ","3192":" ","3193":" ","3194":" ","3195":" ","3196":" ","3197":"s","3198":"t","3199":"r","3200":"o","3201":"k","3202":"e","3203":"-","3204":"w","3205":"i","3206":"d","3207":"t","3208":"h","3209":"=","3210":"\\","3211":"\"","3212":"2","3213":"\\","3214":"\"","3215":"\\","3216":"r","3217":"\\","3218":"n","3219":" ","3220":" ","3221":" ","3222":" ","3223":" ","3224":" ","3225":" ","3226":" ","3227":" ","3228":" ","3229":" ","3230":" ","3231":" ","3232":" ","3233":"d","3234":"=","3235":"\\","3236":"\"","3237":"M","3238":"6","3239":" ","3240":"1","3241":"8","3242":"L","3243":"1","3244":"8","3245":" ","3246":"6","3247":"M","3248":"6","3249":" ","3250":"6","3251":"l","3252":"1","3253":"2","3254":" ","3255":"1","3256":"2","3257":"\\","3258":"\"","3259":"\\","3260":"r","3261":"\\","3262":"n","3263":" ","3264":" ","3265":" ","3266":" ","3267":" ","3268":" ","3269":" ","3270":" ","3271":" ","3272":" ","3273":" ","3274":" ","3275":"/","3276":">","3277":"\\","3278":"r","3279":"\\","3280":"n","3281":" ","3282":" ","3283":" ","3284":" ","3285":" ","3286":" ","3287":" ","3288":" ","3289":" ","3290":" ","3291":"<","3292":"/","3293":"s","3294":"v","3295":"g","3296":">","3297":"\\","3298":"r","3299":"\\","3300":"n","3301":" ","3302":" ","3303":" ","3304":" ","3305":" ","3306":" ","3307":" ","3308":" ","3309":"<","3310":"/","3311":"b","3312":"u","3313":"t","3314":"t","3315":"o","3316":"n","3317":">","3318":"\\","3319":"r","3320":"\\","3321":"n","3322":" ","3323":" ","3324":" ","3325":" ","3326":" ","3327":" ","3328":"<","3329":"/","3330":"d","3331":"i","3332":"v","3333":">","3334":"\\","3335":"r","3336":"\\","3337":"n","3338":" ","3339":" ","3340":" ","3341":" ","3342":"<","3343":"/","3344":"d","3345":"i","3346":"v","3347":">","3348":"\\","3349":"r","3350":"\\","3351":"n","3352":" ","3353":" ","3354":"<","3355":"/","3356":"d","3357":"i","3358":"v","3359":">","3360":"\\","3361":"r","3362":"\\","3363":"n","3364":"<","3365":"/","3366":"t","3367":"e","3368":"m","3369":"p","3370":"l","3371":"a","3372":"t","3373":"e","3374":">","3375":"\\","3376":"r","3377":"\\","3378":"n","3379":"\\","3380":"r","3381":"\\","3382":"n","3383":"<","3384":"s","3385":"c","3386":"r","3387":"i","3388":"p","3389":"t","3390":" ","3391":"s","3392":"e","3393":"t","3394":"u","3395":"p","3396":" ","3397":"l","3398":"a","3399":"n","3400":"g","3401":"=","3402":"\\","3403":"\"","3404":"t","3405":"s","3406":"\\","3407":"\"","3408":">","3409":"\\","3410":"r","3411":"\\","3412":"n","3413":"i","3414":"m","3415":"p","3416":"o","3417":"r","3418":"t","3419":" ","3420":"{","3421":" ","3422":"c","3423":"o","3424":"m","3425":"p","3426":"u","3427":"t","3428":"e","3429":"d","3430":",","3431":" ","3432":"r","3433":"e","3434":"f","3435":" ","3436":"}","3437":" ","3438":"f","3439":"r","3440":"o","3441":"m","3442":" ","3443":"'","3444":"v","3445":"u","3446":"e","3447":"'","3448":";","3449":"\\","3450":"r","3451":"\\","3452":"n","3453":"i","3454":"m","3455":"p","3456":"o","3457":"r","3458":"t","3459":" ","3460":"C","3461":"o","3462":"m","3463":"i","3464":"c","3465":"R","3466":"a","3467":"t","3468":"i","3469":"n","3470":"g","3471":" ","3472":"f","3473":"r","3474":"o","3475":"m","3476":" ","3477":"'","3478":".","3479":".","3480":"/","3481":"c","3482":"o","3483":"m","3484":"p","3485":"o","3486":"n","3487":"e","3488":"n","3489":"t","3490":"s","3491":"/","3492":"C","3493":"o","3494":"m","3495":"i","3496":"c",
[...]
:"o","599":"m","600":"C","601":"O","602":"m","603":"i","604":"c","605":"\\","606":"r","607":"\\","608":"n","609":" ","610":" ","611":" ","612":" ","613":" ","614":" ","615":":","616":"i","617":"s","618":"-","619":"v","620":"i","621":"s","622":"i","623":"b","624":"l","625":"e","626":"=","627":"\\","628":"\"","629":"t","630":"r","631":"u","632":"e","633":"\\","634":"\"","635":"\\","636":"r","637":"\\","638":"n","639":" ","640":" ","641":" ","642":" ","643":" ","644":" ","645":"@","646":"g","647":"e","648":"n","649":"e","650":"r","651":"a","652":"t","653":"e","654":"-","655":"r","656":"a","657":"n","658":"d","659":"o","660":"m","661":"-","662":"c","663":"o","664":"m","665":"i","666":"c","667":"=","668":"\\","669":"\"","670":"g","671":"e","672":"n","673":"e","674":"r","675":"a","676":"t","677":"e","678":"R","679":"a","680":"n","681":"d","682":"o","683":"m","684":"C","685":"o","686":"m","687":"i","688":"c","689":"\\","690":"\"","691":"\\","692":"r","693":"\\","694":"n","695":" ","696":" ","697":" ","698":" ","699":"/","700":">","701":"\\","702":"r","703":"\\","704":"n","705":" ","706":" ","707":"<","708":"/","709":"d","710":"i","711":"v","712":">","713":"\\","714":"r","715":"\\","716":"n","717":"<","718":"/","719":"t","720":"e","721":"m","722":"p","723":"l","724":"a","725":"t","726":"e","727":">","728":"\\","729":"r","730":"\\","731":"n","732":"\\","733":"r","734":"\\","735":"n","736":"<","737":"s","738":"c","739":"r","740":"i","741":"p","742":"t","743":" ","744":"s","745":"e","746":"t","747":"u","748":"p","749":" ","750":"l","751":"a","752":"n","753":"g","754":"=","755":"\\","756":"\"","757":"t","758":"s","759":"\\","760":"\"","761":">","762":"\\","763":"r","764":"\\","765":"n","766":"i","767":"m","768":"p","769":"o","770":"r","771":"t","772":" ","773":"B","774":"t","775":"n","776":"G","777":"e","778":"n","779":"e","780":"r","781":"a","782":"t","783":"e","784":"R","785":"a","786":"n","787":"d","788":"o","789":"m","790":"C","791":"O","792":"m","793":"i","794":"c","795":" ","796":"f","797":"r","798":"o","799":"m","800":" ","801":"'","802":".","803":".","804":"/","805":"c","806":"o","807":"m","808":"p","809":"o","810":"n","811":"e","812":"n","813":"t","814":"s","815":"/","816":"G","817":"e","818":"n","819":"e","820":"r","821":"a","822":"t","823":"e","824":"R","825":"a","826":"n","827":"d","828":"o","829":"m","830":"B","831":"t","832":"n","833":".","834":"v","835":"u","836":"e","837":"'","838":";","839":"\\","840":"r","841":"\\","842":"n","843":"c","844":"o","845":"n","846":"s","847":"t","848":" ","849":"{","850":" ","851":"i","852":"s","853":"V","854":"i","855":"s","856":"i","857":"b","858":"l","859":"e","860":",","861":" ","862":"i","863":"s","864":"L","865":"o","866":"a","867":"d","868":"i","869":"n","870":"g","871":" ","872":"}","873":" ","874":"=","875":" ","876":"d","877":"e","878":"f","879":"i","880":"n","881":"e","882":"P","883":"r","884":"o","885":"p","886":"s","887":"(","888":"{","889":"\\","890":"r","891":"\\","892":"n","893":" ","894":" ","895":"i","896":"s","897":"L","898":"o","899":"a","900":"d","901":"i","902":"n","903":"g","904":":","905":" ","906":"{","907":"\\","908":"r","909":"\\","910":"n","911":" ","912":" ","913":" ","914":" ","915":"t","916":"y","917":"p","918":"e","919":":","920":" ","921":"B","922":"o","923":"o","924":"l","925":"e","926":"a","927":"n","928":",","929":"\\","930":"r","931":"\\","932":"n","933":" ","934":" ","935":" ","936":" ","937":"r","938":"e","939":"q","940":"u","941":"i","942":"r","943":"e","944":"d","945":":","946":" ","947":"t","948":"r","949":"u","950":"e","951":"\\","952":"r","953":"\\","954":"n","955":" ","956":" ","957":"}","958":",","959":"\\","960":"r","961":"\\","962":"n","963":" ","964":" ","965":"i","966":"s","967":"V","968":"i","969":"s","970":"i","971":"b","972":"l","973":"e","974":":","975":" ","976":"{","977":"\\","978":"r","979":"\\","980":"n","981":" ","982":" ","983":" ","984":" ","985":"t","986":"y","987":"p","988":"e","989":":","990":" ","991":"B","992":"o","993":"o","994":"l","995":"e","996":"a","997":"n","998":",","999":"\\","1000":"r","1001":"\\","1002":"n","1003":" ","1004":" ","1005":" ","1006":" ","1007":"r","1008":"e","1009":"q","1010":"u","1011":"i","1012":"r","1013":"e","1014":"d","1015":":","1016":" ","1017":"t","1018":"r","1019":"u","1020":"e","1021":"\\","1022":"r","1023":"\\","1024":"n","1025":" ","1026":" ","1027":"}","1028":"\\","1029":"r","1030":"\\","1031":"n","1032":"}","1033":")","1034":";","1035":"\\","1036":"r","1037":"\\","1038":"n","1039":"c","1040":"o","1041":"n","1042":"s","1043":"t","1044":" ","1045":"e","1046":"m","1047":"i","1048":"t","1049":" ","1050":"=","1051":" ","1052":"d","1053":"e","1054":"f","1055":"i","1056":"n","1057":"e","1058":"E","1059":"m","1060":"i","1061":"t","1062":"s","1063":"<","1064":"(","1065":"e","1066":":","1067":" ","1068":"'","1069":"g","1070":"e","1071":"n","1072":"e","1073":"r","1074":"a","1075":"t","1076":"e","1077":"R","1078":"a","1079":"n","1080":"d","1081":"o","1082":"m","1083":"C","1084":"o","1085":"m","1086":"i","1087":"c","1088":"'","1089":")","1090":" ","1091":"=","1092":">","1093":" ","1094":"v","1095":"o","1096":"i","1097":"d","1098":">","1099":"(","1100":")","1101":";","1102":"\\","1103":"r","1104":"\\","1105":"n","1106":"\\","1107":"r","1108":"\\","1109":"n","1110":"c","1111":"o","1112":"n","1113":"s","1114":"t","1115":" ","1116":"g","1117":"e","1118":"n","1119":"e","1120":"r","1121":"a","1122":"t","1123":"e","1124":"R","1125":"a","1126":"n","1127":"d","1128":"o","1129":"m","1130":"C","1131":"o","1132":"m","1133":"i","1134":"c","1135":" ","1136":"=","1137":" ","1138":"(","1139":")","1140":":","1141":" ","1142":"v","1143":"o","1144":"i","1145":"d","1146":" ","1147":"=","1148":">","1149":" ","1150":"{","1151":"\\","1152":"r","1153":"\\","1154":"n","1155":" ","1156":" ","1157":"e","1158":"m","1159":"i","1160":"t","1161":"(","1162":"'","1163":"g","1164":"e","1165":"n","1166":"e","1167":"r","1168":"a","1169":"t","1170":"e","1171":"R","1172":"a","1173":"n","1174":"d","1175":"o","1176":"m","1177":"C","1178":"o","1179":"m","1180":"i","1181":"c","1182":"'","1183":")","1184":";","1185":"\\","1186":"r","1187":"\\","1188":"n","1189":"}","1190":";","1191":"\\","1192":"r","1193":"\\","1194":"n","1195":"<","1196":"/","1197":"s","1198":"c","1199":"r","1200":"i","1201":"p","1202":"t","1203":">","1204":"\\","1205":"r","1206":"\\","1207":"n","1208":"\\","1209":"r","1210":"\\","1211":"n","1212":"<","1213":"s","1214":"t","1215":"y","1216":"l","1217":"e","1218":" ","1219":"s","1220":"c","1221":"o","1222":"p","1223":"e","1224":"d","1225":" ","1226":"l","1227":"a","1228":"n","1229":"g","1230":"=","1231":"\\","1232":"\"","1233":"s","1234":"c","1235":"s","1236":"s","1237":"\\","1238":"\"","1239":">","1240":"\\","1241":"r","1242":"\\","1243":"n","1244":".","1245":"n","1246":"o","1247":"t","1248":"-","1249":"f","1250":"o","1251":"u","1252":"n","1253":"d","1254":" ","1255":"{","1256":"\\","1257":"r","1258":"\\","1259":"n","1260":" ","1261":" ","1262":"d","1263":"i","1264":"s","1265":"p","1266":"l","1267":"a","1268":"y","1269":":","1270":" ","1271":"f","1272":"l","1273":"e","1274":"x","1275":";","1276":"\\","1277":"r","1278":"\\","1279":"n","1280":" ","1281":" ","1282":"f","1283":"l","1284":"e","1285":"x","1286":"-","1287":"d","1288":"i","1289":"r","1290":"e","1291":"c","1292":"t","1293":"i","1294":"o","1295":"n","1296":":","1297":" ","1298":"c","1299":"o","1300":"l","1301":"u","1302":"m","1303":"n","1304":";","1305":"\\","1306":"r","1307":"\\","1308":"n","1309":" ","1310":" ","1311":"a","1312":"l","1313":"i","1314":"g","1315":"n","1316":"-","1317":"i","1318":"t","1319":"e","1320":"m","1321":"s","1322":":","1323":" ","1324":"c","1325":"e","1326":"n","1327":"t","1328":"e","1329":"r","1330":";","1331":"\\","1332":"r","1333":"\\","1334":"n","1335":" ","1336":" ","1337":"j","1338":"u","1339":"s","1340":"t","1341":"i","1342":"f","1343":"y","1344":"-","1345":"c","1346":"o","1347":"n","1348":"t","1349":"e","1350":"n","1351":"t","1352":":","1353":" ","1354":"c","1355":"e","1356":"n","1357":"t","1358":"e","1359":"r","1360":";","1361":"\\","1362":"r","1363":"\\","1364":"n","1365":" ","1366":" ","1367":"h","1368":"e","1369":"i","1370":"g","1371":"h","1372":"t","1373":":","1374":" ","1375":"5","1376":"5","1377":"v","1378":"h","1379":";","1380":"\\","1381":"r","1382":"\\","1383":"n","1384":"\\","1385":"r","1386":"\\","1387":"n","1388":" ","1389":" ","1390":"h","1391":"1","1392":" ","1393":"{","1394":"\\","1395":"r","1396":"\\","1397":"n","1398":" ","1399":" ","1400":" ","1401":" ","1402":"f","1403":"o","1404":"n","1405":"t","1406":"-","1407":"s","1408":"i","1409":"z","1410":"e","1411":":","1412":" ","1413":"3","1414":"r","1415":"e","1416":"m","1417":";","1418":"\\","1419":"r","1420":"\\","1421":"n","1422":" ","1423":" ","1424":" ","1425":" ","1426":"m","1427":"a","1428":"r","1429":"g","1430":"i","1431":"n","1432":"-","1433":"b","1434":"o","1435":"t","1436":"t","1437":"o","1438":"m","1439":":","1440":" ","1441":"1","1442":"r","1443":"e","1444":"m","1445":";","1446":"\\","1447":"r","1448":"\\","1449":"n","1450":" ","1451":" ","1452":"}","1453":"\\","1454":"r","1455":"\\","1456":"n","1457":"\\","1458":"r","1459":"\\","1460":"n","1461":" ","1462":" ","1463":"p","1464":" ","1465":"{","1466":"\\","1467":"r","1468":"\\","1469":"n","1470":" ","1471":" ","1472":" ","1473":" ","1474":"f","1475":"o","1476":"n","1477":"t","1478":"-","1479":"s","1480":"i","1481":"z","1482":"e","1483":":","1484":" ","1485":"1","1486":".","1487":"5","1488":"r","1489":"e","1490":"m","1491":";","1492":"\\","1493":"r","1494":"\\","1495":"n","1496":" ","1497":" ","1498":" ","1499":" ","1500":"m","1501":"a","1502":"r","1503":"g","1504":"i","1505":"n","1506":"-","1507":"b","1508":"o","1509":"t","1510":"t","1511":"o","1512":"m","1513":":","1514":" ","1515":"1","1516":"r","1517":"e","1518":"m","1519":";","1520":"\\","1521":"r","1522":"\\","1523":"n","1524":" ","1525":" ","1526":"}","1527":"\\","1528":"r","1529":"\\","1530":"n","1531":"}","1532":"\\","1533":"r","1534":"\\","1535":"n","1536":"<","1537":"/","1538":"s","1539":"t","1540":"y","1541":"l","1542":"e","1543":">","1544":"\\","1545":"r","1546":"\\","1547":"n","1548":"\"","1549":"]","1550":"}"}}
,"C:\\Users\\xique\\OneDrive\\Documents\\GitHub\\masiv-test-solution\\src\\components\\SpinnerLoading.vue": {"path":"C:\\Users\\xique\\OneDrive\\Documents\\GitHub\\masiv-test-solution\\src\\components\\SpinnerLoading.vue","statementMap":{"0":{"start":{"line":3,"column":0},"end":{"line":5,"column":3}},"1":{"start":{"line":6,"column":12},"end":{"line":6,"column":26}},"2":{"start":{"line":7,"column":0},"end":{"line":25,"column":3}},"3":{"start":{"line":16,"column":19},"end":{"line":16,"column":28}},"4":{"start":{"line":17,"column":4},"end":{"line":17,"column":15}},"5":{"start":{"line":18,"column":23},"end":{"line":18,"column":25}},"6":{"start":{"line":19,"column":4},"end":{"line":22,"column":7}},"7":{"start":{"line":23,"column":4},"end":{"line":23,"column":24}},"8":{"start":{"line":27,"column":0},"end":{"line":27,"column":62}},"9":{"start":{"line":28,"column":0},"end":{"line":28,"column":24}},"10":{"start":{"line":29,"column":12},"end":{"line":29,"column":26}},"11":{"start":{"line":30,"column":20},"end":{"line":30,"column":52}},"12":{"start":{"line":31,"column":17},"end":{"line":34,"column":1}},"13":{"start":{"line":35,"column":31},"end":{"line":39,"column":26}},"14":{"start":{"line":40,"column":17},"end":{"line":42,"column":1}},"15":{"start":{"line":44,"column":4},"end":{"line":46,"column":54}},"16":{"start":{"line":48,"column":0},"end":{"line":48,"column":24}},"17":{"start":{"line":49,"column":1},"end":{"line":49,"column":48}}},"fnMap":{"0":{"name":"(anonymous_0)","decl":{"start":{"line":15,"column":9},"end":{"line":15,"column":10}},"loc":{"start":{"line":15,"column":32},"end":{"line":24,"column":3}},"line":15},"1":{"name":"render","decl":{"start":{"line":43,"column":9},"end":{"line":43,"column":15}},"loc":{"start":{"line":43,"column":63},"end":{"line":47,"column":1}},"line":43}},"branchMap":{"0":{"loc":{"start":{"line":44,"column":11},"end":{"line":46,"column":53}},"type":"cond-expr","locations":[{"start":{"line":45,"column":11},"end":{"line":45,"column":95}},{"start":{"line":46,"column":10},"end":{"line":46,"column":53}}],"line":44}},"s":{"0":0,"1":0,"2":0,"3":0,"4":0,"5":0,"6":0,"7":0,"8":0,"9":0,"10":0,"11":0,"12":0,"13":0,"14":0,"15":0,"16":0,"17":0},"f":{"0":0,"1":0},"b":{"0":[0,0]},"inputSourceMap":{"0":"{","1":"\"","2":"v","3":"e","4":"r","5":"s","6":"i","7":"o","8":"n","9":"\"","10":":","11":"3","12":",","13":"\"","14":"s","15":"o","16":"u","17":"r","18":"c","19":"e","20":"s","21":"\"","22":":","23":"[","24":"]","25":",","26":"\"","27":"n","28":"a","29":"m","30":"e","31":"s","32":"\"","33":":","34":"[","35":"]","36":",","37":"\"","38":"m","39":"a","40":"p","41":"p","42":"i","43":"n","44":"g","45":"s","46":"\"","47":":","48":"\"","49":"\"","50":",","51":"\"","52":"f","53":"i","54":"l","55":"e","56":"\"","57":":","58":"\"","59":"C","60":":","61":"\\","62":"\\","63":"U","64":"s","65":"e","66":"r","67":"s","68":"\\","69":"\\","70":"x","71":"i","72":"q","73":"u","74":"e","75":"\\","76":"\\","77":"O","78":"n","79":"e","80":"D","81":"r","82":"i","83":"v","84":"e","85":"\\","86":"\\","87":"D","88":"o","89":"c","90":"u","91":"m","92":"e","93":"n","94":"t","95":"s","96":"\\","97":"\\","98":"G","99":"i","100":"t","101":"H","102":"u","103":"b","104":"\\","105":"\\","106":"m","107":"a","108":"s","109":"i","110":"v","111":"-","112":"t","113":"e","114":"s","115":"t","116":"-","117":"s","118":"o","119":"l","120":"u","121":"t","122":"i","123":"o","124":"n","125":"\\","126":"\\","127":"s","128":"r","129":"c","130":"\\","131":"\\","132":"c","133":"o","134":"m","135":"p","136":"o","137":"n","138":"e","139":"n","140":"t","141":"s","142":"\\","143":"\\","144":"S","145":"p","146":"i","147":"n","148":"n","149":"e","150":"r","151":"L","152":"o","153":"a","154":"d","155":"i","156":"n","157":"g","158":".","159":"v","160":"u","161":"e","162":"\"","163":",","164":"\"","165":"s","166":"o","167":"u","168":"r","169":"c","170":"e","171":"s","172":"C","173":"o","174":"n","175":"t","176":"e","177":"n","178":"t","179":"\"","180":":","181":"[","182":"]","183":"}"}}
,"C:\\Users\\xique\\OneDrive\\Documents\\GitHub\\masiv-test-solution\\src\\composables\\useRandomFetchComic.ts": {"path":"C:\\Users\\xique\\OneDrive\\Documents\\GitHub\\masiv-test-solution\\src\\composables\\useRandomFetchComic.ts","statementMap":{"0":{"start":{"line":1,"column":0},"end":{"line":1,"column":31}},"1":{"start":{"line":2,"column":0},"end":{"line":2,"column":26}},"2":{"start":{"line":3,"column":0},"end":{"line":3,"column":48}},"3":{"start":{"line":12,"column":18},"end":{"line":12,"column":28}},"4":{"start":{"line":13,"column":21},"end":{"line":13,"column":31}},"5":{"start":{"line":21,"column":22},"end":{"line":26,"column":4}},"6":{"start":{"line":28,"column":48},"end":{"line":50,"column":3}},"7":{"start":{"line":29,"column":4},"end":{"line":49,"column":null}},"8":{"start":{"line":30,"column":6},"end":{"line":30,"column":29}},"9":{"start":{"line":31,"column":6},"end":{"line":31,"column":33}},"10":{"start":{"line":32,"column":26},"end":{"line":33,"column":null}},"11":{"start":{"line":35,"column":29},"end":{"line":35,"column":49}},"12":{"start":{"line":37,"column":32},"end":{"line":37,"column":69}},"13":{"start":{"line":41,"column":29},"end":{"line":41,"column":96}},"14":{"start":{"line":43,"column":29},"end":{"line":43,"column":67}},"15":{"start":{"line":44,"column":6},"end":{"line":44,"column":46}},"16":{"start":{"line":46,"column":6},"end":{"line":46,"column":32}},"17":{"start":{"line":48,"column":6},"end":{"line":48,"column":30}},"18":{"start":{"line":52,"column":2},"end":{"line":57,"column":4}},"19":{"start":{"line":15,"column":0},"end":{"line":15,"column":16}}},"fnMap":{"0":{"name":"useRandomFetch","decl":{"start":{"line":15,"column":16},"end":{"line":15,"column":30}},"loc":{"start":{"line":15,"column":30},"end":{"line":58,"column":1}}},"1":{"name":"(anonymous_1)","decl":{"start":{"line":28,"column":48},"end":{"line":28,"column":53}},"loc":{"start":{"line":28,"column":59},"end":{"line":50,"column":3}}}},"branchMap":{},"s":{"0":1,"1":1,"2":1,"3":1,"4":1,"5":2,"6":2,"7":2,"8":2,"9":2,"10":2,"11":1,"12":1,"13":1,"14":1,"15":1,"16":1,"17":2,"18":2,"19":1},"f":{"0":2,"1":2},"b":{}}
,"C:\\Users\\xique\\OneDrive\\Documents\\GitHub\\masiv-test-solution\\src\\store\\comicStore.ts": {"path":"C:\\Users\\xique\\OneDrive\\Documents\\GitHub\\masiv-test-solution\\src\\store\\comicStore.ts","statementMap":{"0":{"start":{"line":1,"column":0},"end":{"line":1,"column":36}},"1":{"start":{"line":10,"column":13},"end":{"line":33,"column":3}},"2":{"start":{"line":11,"column":16},"end":{"line":13,"column":4}},"3":{"start":{"line":16,"column":6},"end":{"line":16,"column":37}},"4":{"start":{"line":19,"column":6},"end":{"line":19,"column":40}},"5":{"start":{"line":23,"column":25},"end":{"line":23,"column":61}},"6":{"start":{"line":24,"column":6},"end":{"line":26,"column":null}},"7":{"start":{"line":25,"column":8},"end":{"line":25,"column":46}},"8":{"start":{"line":30,"column":6},"end":{"line":30,"column":73}},"9":{"start":{"line":35,"column":13},"end":{"line":53,"column":3}},"10":{"start":{"line":36,"column":16},"end":{"line":44,"column":4}},"11":{"start":{"line":47,"column":6},"end":{"line":47,"column":33}},"12":{"start":{"line":50,"column":6},"end":{"line":50,"column":32}}},"fnMap":{"0":{"name":"(anonymous_0)","decl":{"start":{"line":11,"column":9},"end":{"line":11,"column":12}},"loc":{"start":{"line":11,"column":16},"end":{"line":13,"column":4}}},"1":{"name":"(anonymous_1)","decl":{"start":{"line":15,"column":4},"end":{"line":15,"column":13}},"loc":{"start":{"line":15,"column":45},"end":{"line":17,"column":5}}},"2":{"name":"(anonymous_2)","decl":{"start":{"line":18,"column":4},"end":{"line":18,"column":13}},"loc":{"start":{"line":18,"column":29},"end":{"line":20,"column":5}}},"3":{"name":"(anonymous_3)","decl":{"start":{"line":22,"column":4},"end":{"line":22,"column":24}},"loc":{"start":{"line":22,"column":24},"end":{"line":27,"column":5}}},"4":{"name":"(anonymous_4)","decl":{"start":{"line":29,"column":4},"end":{"line":29,"column":22}},"loc":{"start":{"line":29,"column":22},"end":{"line":31,"column":5}}},"5":{"name":"(anonymous_5)","decl":{"start":{"line":36,"column":9},"end":{"line":36,"column":12}},"loc":{"start":{"line":36,"column":16},"end":{"line":44,"column":4}}},"6":{"name":"(anonymous_6)","decl":{"start":{"line":46,"column":4},"end":{"line":46,"column":16}},"loc":{"start":{"line":46,"column":33},"end":{"line":48,"column":5}}},"7":{"name":"(anonymous_7)","decl":{"start":{"line":49,"column":4},"end":{"line":49,"column":18}},"loc":{"start":{"line":49,"column":34},"end":{"line":51,"column":5}}}},"branchMap":{"0":{"loc":{"start":{"line":19,"column":13},"end":{"line":19,"column":39}},"type":"binary-expr","locations":[{"start":{"line":19,"column":13},"end":{"line":19,"column":34}},{"start":{"line":19,"column":38},"end":{"line":19,"column":39}}]},"1":{"loc":{"start":{"line":24,"column":6},"end":{"line":26,"column":null}},"type":"if","locations":[{"start":{"line":24,"column":6},"end":{"line":26,"column":null}}]}},"s":{"0":0,"1":0,"2":0,"3":0,"4":0,"5":0,"6":0,"7":0,"8":0,"9":0,"10":0,"11":0,"12":0},"f":{"0":0,"1":0,"2":0,"3":0,"4":0,"5":0,"6":0,"7":0},"b":{"0":[0,0],"1":[0]}}
,"C:\\Users\\xique\\OneDrive\\Documents\\GitHub\\masiv-test-solution\\src\\utils\\utils.ts": {"path":"C:\\Users\\xique\\OneDrive\\Documents\\GitHub\\masiv-test-solution\\src\\utils\\utils.ts","statementMap":{"0":{"start":{"line":1,"column":27},"end":{"line":3,"column":1}},"1":{"start":{"line":2,"column":2},"end":{"line":2,"column":59}},"2":{"start":{"line":5,"column":0},"end":{"line":5,"column":34}}},"fnMap":{"0":{"name":"(anonymous_0)","decl":{"start":{"line":1,"column":27},"end":{"line":1,"column":28}},"loc":{"start":{"line":1,"column":64},"end":{"line":3,"column":1}}}},"branchMap":{},"s":{"0":2,"1":4,"2":2},"f":{"0":4},"b":{}}
}
