{"C:\\Users\\xique\\OneDrive\\Documents\\test-solution\\masiv-test-solution\\src\\App.vue": {"path":"C:\\Users\\xique\\OneDrive\\Documents\\test-solution\\masiv-test-solution\\src\\App.vue","statementMap":{"0":{"start":{"line":3,"column":0},"end":{"line":5,"column":3}},"1":{"start":{"line":6,"column":14},"end":{"line":6,"column":30}},"2":{"start":{"line":7,"column":12},"end":{"line":7,"column":26}},"3":{"start":{"line":8,"column":12},"end":{"line":8,"column":26}},"4":{"start":{"line":9,"column":22},"end":{"line":9,"column":84}},"5":{"start":{"line":10,"column":27},"end":{"line":10,"column":94}},"6":{"start":{"line":11,"column":25},"end":{"line":11,"column":90}},"7":{"start":{"line":12,"column":30},"end":{"line":12,"column":100}},"8":{"start":{"line":13,"column":19},"end":{"line":13,"column":48}},"9":{"start":{"line":14,"column":28},"end":{"line":14,"column":72}},"10":{"start":{"line":15,"column":0},"end":{"line":79,"column":3}},"11":{"start":{"line":18,"column":16},"end":{"line":18,"column":20}},"12":{"start":{"line":19,"column":19},"end":{"line":19,"column":28}},"13":{"start":{"line":20,"column":4},"end":{"line":20,"column":15}},"14":{"start":{"line":21,"column":27},"end":{"line":21,"column":66}},"15":{"start":{"line":22,"column":21},"end":{"line":22,"column":54}},"16":{"start":{"line":23,"column":4},"end":{"line":23,"column":44}},"17":{"start":{"line":24,"column":13},"end":{"line":24,"column":56}},"18":{"start":{"line":25,"column":20},"end":{"line":25,"column":34}},"19":{"start":{"line":26,"column":25},"end":{"line":26,"column":44}},"20":{"start":{"line":27,"column":18},"end":{"line":27,"column":30}},"21":{"start":{"line":28,"column":21},"end":{"line":28,"column":36}},"22":{"start":{"line":29,"column":30},"end":{"line":43,"column":5}},"23":{"start":{"line":30,"column":6},"end":{"line":42,"column":9}},"24":{"start":{"line":31,"column":8},"end":{"line":41,"column":11}},"25":{"start":{"line":32,"column":10},"end":{"line":40,"column":11}},"26":{"start":{"line":34,"column":14},"end":{"line":34,"column":47}},"27":{"start":{"line":35,"column":14},"end":{"line":35,"column":55}},"28":{"start":{"line":37,"column":14},"end":{"line":37,"column":24}},"29":{"start":{"line":38,"column":14},"end":{"line":38,"column":57}},"30":{"start":{"line":39,"column":14},"end":{"line":39,"column":36}},"31":{"start":{"line":45,"column":4},"end":{"line":58,"column":7}},"32":{"start":{"line":46,"column":6},"end":{"line":57,"column":9}},"33":{"start":{"line":47,"column":8},"end":{"line":56,"column":11}},"34":{"start":{"line":48,"column":10},"end":{"line":55,"column":11}},"35":{"start":{"line":50,"column":14},"end":{"line":50,"column":55}},"36":{"start":{"line":52,"column":14},"end":{"line":52,"column":24}},"37":{"start":{"line":53,"column":14},"end":{"line":53,"column":57}},"38":{"start":{"line":54,"column":14},"end":{"line":54,"column":36}},"39":{"start":{"line":60,"column":23},"end":{"line":72,"column":5}},"40":{"start":{"line":73,"column":4},"end":{"line":76,"column":7}},"41":{"start":{"line":77,"column":4},"end":{"line":77,"column":24}},"42":{"start":{"line":81,"column":0},"end":{"line":81,"column":62}},"43":{"start":{"line":82,"column":0},"end":{"line":82,"column":24}},"44":{"start":{"line":83,"column":12},"end":{"line":83,"column":26}},"45":{"start":{"line":84,"column":17},"end":{"line":84,"column":27}},"46":{"start":{"line":85,"column":31},"end":{"line":92,"column":20}},"47":{"start":{"line":93,"column":17},"end":{"line":95,"column":1}},"48":{"start":{"line":96,"column":17},"end":{"line":96,"column":27}},"49":{"start":{"line":98,"column":4},"end":{"line":117,"column":34}},"50":{"start":{"line":119,"column":0},"end":{"line":119,"column":24}},"51":{"start":{"line":120,"column":1},"end":{"line":120,"column":48}}},"fnMap":{"0":{"name":"(anonymous_0)","decl":{"start":{"line":17,"column":9},"end":{"line":17,"column":10}},"loc":{"start":{"line":17,"column":32},"end":{"line":78,"column":3}},"line":17},"1":{"name":"(anonymous_1)","decl":{"start":{"line":29,"column":30},"end":{"line":29,"column":31}},"loc":{"start":{"line":29,"column":42},"end":{"line":43,"column":5}},"line":29},"2":{"name":"(anonymous_2)","decl":{"start":{"line":30,"column":55},"end":{"line":30,"column":56}},"loc":{"start":{"line":30,"column":67},"end":{"line":42,"column":7}},"line":30},"3":{"name":"(anonymous_3)","decl":{"start":{"line":31,"column":41},"end":{"line":31,"column":42}},"loc":{"start":{"line":31,"column":55},"end":{"line":41,"column":9}},"line":31},"4":{"name":"(anonymous_4)","decl":{"start":{"line":45,"column":25},"end":{"line":45,"column":26}},"loc":{"start":{"line":45,"column":37},"end":{"line":58,"column":5}},"line":45},"5":{"name":"(anonymous_5)","decl":{"start":{"line":46,"column":54},"end":{"line":46,"column":55}},"loc":{"start":{"line":46,"column":66},"end":{"line":57,"column":7}},"line":46},"6":{"name":"(anonymous_6)","decl":{"start":{"line":47,"column":41},"end":{"line":47,"column":42}},"loc":{"start":{"line":47,"column":55},"end":{"line":56,"column":9}},"line":47},"7":{"name":"render","decl":{"start":{"line":97,"column":9},"end":{"line":97,"column":15}},"loc":{"start":{"line":97,"column":63},"end":{"line":118,"column":1}},"line":97}},"branchMap":{"0":{"loc":{"start":{"line":32,"column":10},"end":{"line":40,"column":11}},"type":"switch","locations":[{"start":{"line":33,"column":12},"end":{"line":35,"column":55}},{"start":{"line":36,"column":12},"end":{"line":39,"column":36}}],"line":32},"1":{"loc":{"start":{"line":48,"column":10},"end":{"line":55,"column":11}},"type":"switch","locations":[{"start":{"line":49,"column":12},"end":{"line":50,"column":55}},{"start":{"line":51,"column":12},"end":{"line":54,"column":36}}],"line":48},"2":{"loc":{"start":{"line":99,"column":8},"end":{"line":101,"column":57}},"type":"cond-expr","locations":[{"start":{"line":100,"column":15},"end":{"line":100,"column":99}},{"start":{"line":101,"column":14},"end":{"line":101,"column":57}}],"line":99},"3":{"loc":{"start":{"line":99,"column":9},"end":{"line":99,"column":50}},"type":"binary-expr","locations":[{"start":{"line":99,"column":9},"end":{"line":99,"column":26}},{"start":{"line":99,"column":30},"end":{"line":99,"column":50}}],"line":99},"4":{"loc":{"start":{"line":108,"column":8},"end":{"line":116,"column":57}},"type":"cond-expr","locations":[{"start":{"line":109,"column":15},"end":{"line":115,"column":14}},{"start":{"line":116,"column":14},"end":{"line":116,"column":57}}],"line":108},"5":{"loc":{"start":{"line":108,"column":9},"end":{"line":108,"column":50}},"type":"binary-expr","locations":[{"start":{"line":108,"column":9},"end":{"line":108,"column":26}},{"start":{"line":108,"column":30},"end":{"line":108,"column":50}}],"line":108}},"s":{"0":0,"1":0,"2":0,"3":0,"4":0,"5":0,"6":0,"7":0,"8":0,"9":0,"10":0,"11":0,"12":0,"13":0,"14":0,"15":0,"16":0,"17":0,"18":0,"19":0,"20":0,"21":0,"22":0,"23":0,"24":0,"25":0,"26":0,"27":0,"28":0,"29":0,"30":0,"31":0,"32":0,"33":0,"34":0,"35":0,"36":0,"37":0,"38":0,"39":0,"40":0,"41":0,"42":0,"43":0,"44":0,"45":0,"46":0,"47":0,"48":0,"49":0,"50":0,"51":0},"f":{"0":0,"1":0,"2":0,"3":0,"4":0,"5":0,"6":0,"7":0},"b":{"0":[0,0],"1":[0,0],"2":[0,0],"3":[0,0],"4":[0,0],"5":[0,0]},"inputSourceMap":{"0":"{","1":"\"","2":"v","3":"e","4":"r","5":"s","6":"i","7":"o","8":"n","9":"\"","10":":","11":"3","12":",","13":"\"","14":"s","15":"o","16":"u","17":"r","18":"c","19":"e","20":"s","21":"\"","22":":","23":"[","24":"\"","25":"C","26":":","27":"/","28":"U","29":"s","30":"e","31":"r","32":"s","33":"/","34":"x","35":"i","36":"q","37":"u","38":"e","39":"/","40":"O","41":"n","42":"e","43":"D","44":"r","45":"i","46":"v","47":"e","48":"/","49":"D","50":"o","51":"c","52":"u","53":"m","54":"e","55":"n","56":"t","57":"s","58":"/","59":"t","60":"e","61":"s","62":"t","63":"-","64":"s","65":"o","66":"l","67":"u","68":"t","69":"i","70":"o","71":"n","72":"/","73":"m","74":"a","75":"s","76":"i","77":"v","78":"-","79":"t","80":"e","81":"s","82":"t","83":"-","84":"s","85":"o","86":"l","87":"u","88":"t","89":"i","90":"o","91":"n","92":"/","93":"s","94":"r","95":"c","96":"/","97":"A","98":"p","99":"p","100":".","101":"v","102":"u","103":"e","104":"\"","105":"]","106":",","107":"\"","108":"n","109":"a","110":"m","111":"e","112":"s","113":"\"","114":":","115":"[","116":"]","117":",","118":"\"","119":"m","120":"a","121":"p","122":"p","123":"i","124":"n","125":"g","126":"s","127":"\"","128":":","129":"\"","130":";","131":";","132":";","133":";","134":";","135":";","136":";","137":"A","138":"A","139":"2","140":"B","141":"A","142":";","143":"A","144":"A","145":"C","146":"A","147":";","148":"A","149":"A","150":"C","151":"A","152":";","153":"A","154":"A","155":"C","156":"A","157":";","158":"A","159":"A","160":"C","161":"A","162":";","163":"A","164":"A","165":"C","166":"A","167":";","168":"A","169":"A","170":"C","171":"A","172":";","173":";","174":";","175":";","176":";","177":";","178":";","179":"I","180":"A","181":"E","182":"A","183":",","184":"I","185":"A","186":"A","187":"M","188":",","189":"g","190":"B","191":"A","192":"A","193":"g","194":"B","195":",","196":"G","197":"A","198":"A","199":"G","200":",","201":"o","202":"C","203":"A","204":"A","205":"m","206":"B","207":",","208":"G","209":"A","210":"A","211":"E","212":";","213":"I","214":"A","215":"C","216":"9","217":"C","218":",","219":"I","220":"A","221":"A","222":"M","223":",","224":"U","225":"A","226":"A","227":"U","228":",","229":"G","230":"A","231":"A","232":"G","233":",","234":"8","235":"B","236":"A","237":"A","238":"a","239":",","240":"G","241":"A","242":"A","243":"E","244":";","245":"I","246":"A","247":"C","248":"l","249":"C","250":",","251":"g","252":"B","253":"A","254":"A","255":"g","256":"B","257":",","258":"C","259":"A","260":"A","261":"C","262":",","263":"o","264":"B","265":"A","266":"A","267":"o","268":"B","269":",","270":"E","271":"A","272":"A","273":"E","274":";","275":"I","276":"A","277":"E","278":"j","279":"C","280":",","281":"S","282":"A","283":"C","284":"J","285":",","286":"w","287":"C","288":"A","289":"A","290":"c","291":",","292":"G","293":"A","294":"A","295":"E","296":";","297":"M","298":"A","299":"D","300":"V","301":",","302":"W","303":"A","304":"A","305":"W","306":";","307":"M","308":"A","309":"A","310":"E","311":",","312":"g","313":"B","314":"A","315":"A","316":"g","317":"B","318":";","319":"M","320":"A","321":"A","322":"E","323":",","324":"S","325":"A","326":"A","327":"S","328":";","329":"M","330":"A","331":"A","332":"E","333":",","334":"Y","335":"A","336":"A","337":"Y","338":",","339":"k","340":"B","341":"A","342":"C","343":"5","344":"C","345":";","346":"I","347":"A","348":"E","349":"l","350":"B","351":",","352":"I","353":"A","354":"A","355":"M","356":",","357":"m","358":"B","359":"A","360":"A","361":"m","362":"B","363":",","364":"G","365":"A","366":"A","367":"G","368":";","369":"M","370":"A","371":"A","372":"A","373":",","374":"w","375":"C","376":"A","377":"A","378":"U","379":",","380":"O","381":"A","382":"A","383":"O","384":";","385":";","386":";","387":";","388":"c","389":"A","390":"C","391":"3","392":"C","393":",","394":"U","395":"A","396":"A","397":"U","398":",","399":"C","400":"A","401":"A","402":"C","403":",","404":"c","405":"A","406":"A","407":"c","408":",","409":"C","410":"A","411":"A","412":"C","413":",","414":"K","415":"A","416":"A","417":"K","418":",","419":"C","420":"A","421":"A","422":"C","423":";","424":"c","425":"A","426":"C","427":"h","428":"C","429":",","430":"q","431":"B","432":"A","433":"A","434":"M","435":",","436":"g","437":"B","438":"A","439":"A","440":"g","441":"B","442":",","443":"E","444":"A","445":"A","446":"E","447":";","448":";","449":"c","450":"A","451":"A","452":"x","453":"B","454":",","455":"S","456":"A","457":"A","458":"w","459":"B","460":";","461":"c","462":"A","463":"C","464":"x","465":"B","466":",","467":"U","468":"A","469":"A","470":"U","471":",","472":"C","473":"A","474":"A","475":"C","476":",","477":"Y","478":"A","479":"A","480":"Y","481":",","482":"C","483":"A","484":"A","485":"C","486":",","487":"W","488":"A","489":"A","490":"W","491":",","492":"C","493":"A","494":"A","495":"C","496":",","497":"K","498":"A","499":"A","500":"K","501":",","502":"C","503":"A","504":"A","505":"C","506":";","507":";","508":";","509":";","510":";","511":"K","512":"A","513":"C","514":"3","515":"C","516":";","517":";","518":"I","519":"A","520":"E","521":"D","522":",","523":"m","524":"B","525":"A","526":"A","527":"S","528":",","529":"E","530":"A","531":"A","532":"C","533":";","534":"M","535":"A","536":"A","537":"A","538":";","539":";","540":";","541":";","542":"c","543":"A","544":"C","545":"R","546":",","547":"q","548":"B","549":"A","550":"A","551":"M","552":",","553":"g","554":"B","555":"A","556":"A","557":"g","558":"B","559":",","560":"E","561":"A","562":"A","563":"E","564":";","565":";","566":"c","567":"A","568":"A","569":"x","570":"B","571":",","572":"S","573":"A","574":"A","575":"w","576":"B","577":";","578":"c","579":"A","580":"C","581":"x","582":"B","583":",","584":"U","585":"A","586":"A","587":"U","588":",","589":"C","590":"A","591":"A","592":"C","593":",","594":"Y","595":"A","596":"A","597":"Y","598":",","599":"C","600":"A","601":"A","602":"C","603":",","604":"W","605":"A","606":"A","607":"W","608":",","609":"C","610":"A","611":"A","612":"C","613":",","614":"K","615":"A","616":"A","617":"K","618":",","619":"C","620":"A","621":"A","622":"C","623":";","624":";","625":";","626":";","627":";","628":"K","629":"A","630":"C","631":"3","632":"C","633":",","634":"C","635":"A","636":"A","637":"C","638":"\"","639":",","640":"\"","641":"f","642":"i","643":"l","644":"e","645":"\"","646":":","647":"\"","648":"C","649":":","650":"\\","651":"\\","652":"U","653":"s","654":"e","655":"r","656":"s","657":"\\","658":"\\","659":"x","660":"i","661":"q","662":"u","663":"e","664":"\\","665":"\\","666":"O","667":"n","668":"e","669":"D","670":"r","671":"i","672":"v","673":"e","674":"\\","675":"\\","676":"D","677":"o","678":"c","679":"u","680":"m","681":"e","682":"n","683":"t","684":"s","685":"\\","686":"\\","687":"t","688":"e","689":"s","690":"t","691":"-","692":"s","693":"o","694":"l","695":"u","696":"t","697":"i","698":"o","699":"n","700":"\\","701":"\\","702":"m","703":"a","704":"s","705":"i","706":"v","707":"-","708":"t","709":"e","710":"s","711":"t","712":"-","713":"s","714":"o","715":"l","716":"u","717":"t","718":"i","719":"o","720":"n","721":"\\","722":"\\","723":"s","724":"r","725":"c","726":"\\","727":"\\","728":"A","729":"p","730":"p","731":".","732":"v","733":"u","734":"e","735":"\"","736":",","737":"\"","738":"s","739":"o","740":"u","741":"r","742":"c","743":"e","744":"s","745":"C","746":"o","747":"n","748":"t","749":"e","750":"n","751":"t","752":"\"","753":":","754":"[","755":"\"","756":"<","757":"t","758":"e","759":"m","760":"p","761":"l","762":"a","763":"t","764":"e","765":">","766":"\\","767":"r","768":"\\","769":"n","770":" ","771":" ","772":"<","773":"d","774":"i","775":"v","776":" ","777":"v","778":"-","779":"i","780":"f","781":"=","782":"\\","783":"\"","784":"!","785":"i","786":"s","787":"L","788":"o","789":"a","790":"d","791":"i","792":"n","793":"g","794":" ","795":"&","796":"&","797":" ","798":"!","799":"s","800":"h","801":"o","802":"w","803":"N","804":"o","805":"t","806":"F","807":"o","808":"u","809":"n","810":"d","811":"\\","812":"\"","813":">","814":"\\","815":"r","816":"\\","817":"n","818":" ","819":" ","820":" ","821":" ","822":"<","823":"d","824":"i","825":"v","826":" ","827":"c","828":"l","829":"a","830":"s","831":"s","832":"=","833":"\\","834":"\"","835":"p","836":"y","837":"-","838":"7","839":"\\","840":"\"","841":">","842":"\\","843":"r","844":"\\","845":"n","846":" ","847":" ","848":" ","849":" ","850":" ","851":" ","852":"<","853":"d","854":"i","855":"v","856":" ","857":"c","858":"l","859":"a","860":"s","861":"s","862":"=","863":"\\","864":"\"","865":"t","866":"e","867":"x","868":"t","869":"-","870":"7","871":"x","872":"l","873":" ","874":"t","875":"e","876":"x","877":"t","878":"-","879":"b","880":"l","881":"a","882":"c","883":"k","884":"\\","885":"\"","886":">","887":"\\","888":"r","889":"\\","890":"n","891":" ","892":" ","893":" ","894":" ","895":" ","896":" ","897":" ","898":" ","899":"I","900":" ","901":"<","902":"s","903":"p","904":"a","905":"n","906":" ","907":"c","908":"l","909":"a","910":"s","911":"s","912":"=","913":"\\","914":"\"","915":"t","916":"e","917":"x","918":"t","919":"-","920":"r","921":"e","922":"d","923":"-","924":"5","925":"0","926":"0","927":"\\","928":"\"","929":">","930":"&","931":"h","932":"e","933":"a","934":"r","935":"t","936":"s","937":";","938":"<","939":"/","940":"s","941":"p","942":"a","943":"n","944":">","945":" ","946":"C","947":"o","948":"m","949":"i","950":"c","951":"s","952":"\\","953":"r","954":"\\","955":"n","956":" ","957":" ","958":" ","959":" ","960":" ","961":" ","962":"<","963":"/","964":"d","965":"i","966":"v","967":">","968":"\\","969":"r","970":"\\","971":"n","972":" ","973":" ","974":" ","975":" ","976":" ","977":" ","978":"<","979":"d","980":"i","981":"v","982":" ","983":"c","984":"l","985":"a","986":"s","987":"s","988":"=","989":"\\","990":"\"","991":"l","992":"e","993":"a","994":"d","995":"-","996":"x","997":"l","998":" ","999":"f","1000":"o","1001":"n","1002":"t","1003":"-","1004":"l","1005":"i","1006":"g","1007":"h","1008":"t","1009":"\\","1010":"\"","1011":">","1012":"\\","1013":"r","1014":"\\","1015":"n","1016":" ","1017":" ","1018":" ","1019":" ","1020":" ","1021":" ","1022":" ","1023":" ","1024":"S","1025":"e","1026":"e","1027":" ","1028":"r","1029":"a","1030":"n","1031":"d","1032":"o","1033":"m","1034":" ","1035":"c","1036":"o","1037":"m","1038":"i","1039":"c","1040":"s","1041":" ","1042":"a","1043":"n","1044":"d","1045":" ","1046":"r","1047":"a","1048":"t","1049":"i","1050":"n","1051":"g","1052":" ","1053":"i","1054":"f","1055":" ","1056":"y","1057":"o","1058":"u","1059":" ","1060":"w","1061":"a","1062":"n","1063":"t","1064":" ","1065":"!","1066":"\\","1067":"r","1068":"\\","1069":"n","1070":" ","1071":" ","1072":" ","1073":" ","1074":" ","1075":" ","1076":"<","1077":"/","1078":"d","1079":"i","1080":"v","1081":">","1082":"\\","1083":"r","1084":"\\","1085":"n","1086":" ","1087":" ","1088":" ","1089":" ","1090":"<","1091":"/","1092":"d","1093":"i","1094":"v","1095":">","1096":"\\","1097":"r","1098":"\\","1099":"n","1100":" ","1101":" ","1102":"<","1103":"/","1104":"d","1105":"i","1106":"v","1107":">","1108":"\\","1109":"r","1110":"\\","1111":"n","1112":" ","1113":" ","1114":"<","1115":"S","1116":"p","1117":"i","1118":"n","1119":"n","1120":"e","1121":"r","1122":" ","1123":":","1124":"i","1125":"s","1126":"-","1127":"l","1128":"o","1129":"a","1130":"d","1131":"i","1132":"n","1133":"g","1134":"=","1135":"\\","1136":"\"","1137":"i","1138":"s","1139":"L","1140":"o","1141":"a","1142":"d","1143":"i","1144":"n","1145":"g","1146":"\\","1147":"\"","1148":" ","1149":"/","1150":">","1151":"\\","1152":"r","1153":"\\","1154":"n","1155":" ","1156":" ","1157":"<","1158":"N","1159":"o","1160":"t","1161":"F","1162":"o","1163":"u","1164":"n","1165":"d","1166":"\\","1167":"r","1168":"\\","1169":"n","1170":" ","1171":" ","1172":" ","1173":" ","1174":":","1175":"i","1176":"s","1177":"-","1178":"v","1179":"i","1180":"s","1181":"i","1182":"b","1183":"l","1184":"e","1185":"=","1186":"\\","1187":"\"","1188":"s","1189":"h","1190":"o","1191":"w","1192":"N","1193":"o","1194":"t","1195":"F","1196":"o","1197":"u","1198":"n","1199":"d","1200":"\\","1201":"\"","1202":"\\","1203":"r","1204":"\\","1205":"n","1206":" ","1207":" ","1208":" ","1209":" ","1210":":","1211":"i","1212":"s","1213":"-","1214":"l","1215":"o","1216":"a","1217":"d","1218":"i","1219":"n","1220":"g","1221":"=","1222":"\\","1223":"\"","1224":"i","1225":"s","1226":"L","1227":"o","1228":"a","1229":"d","1230":"i","1231":"n","1232":"g","1233":"\\","1234":"\"","1235":"\\","1236":"r","1237":"\\","1238":"n","1239":" ","1240":" ","1241":" ","1242":" ","1243":"@","1244":"g","1245":"e","1246":"n","1247":"e","1248":"r","1249":"a","1250":"t","1251":"e","1252":"-","1253":"r","1254":"a","1255":"n","1256":"d","1257":"o","1258":"m","1259":"-","1260":"c","1261":"o","1262":"m","1263":"i","1264":"c","1265":"=","1266":"\\","1267":"\"","1268":"g","1269":"e","1270":"n","1271":"e","1272":"r","1273":"a","1274":"t","1275":"e","1276":"R","1277":"a","1278":"n","1279":"d","1280":"o","1281":"m","1282":"C","1283":"o","1284":"m","1285":"i","1286":"c","1287":"\\","1288":"\"","1289":"\\","1290":"r","1291":"\\","1292":"n","1293":" ","1294":" ","1295":"/","1296":">","1297":"\\","1298":"r","1299":"\\","1300":"n","1301":" ","1302":" ","1303":"<","1304":"s","1305":"e","1306":"c","1307":"t","1308":"i","1309":"o","1310":"n","1311":" ","1312":"v","1313":"-","1314":"i","1315":"f","1316":"=","1317":"\\","1318":"\"","1319":"!","1320":"i","1321":"s","1322":"L","1323":"o","1324":"a","1325":"d","1326":"i","1327":"n","1328":"g","1329":" ","1330":"&","1331":"&","1332":" ","1333":"!","1334":"s","1335":"h","1336":"o","1337":"w","1338":"N","1339":"o","1340":"t","1341":"F","1342":"o","1343":"u","1344":"n","1345":"d","1346":"\\","1347":"\"","1348":">","1349":"\\","1350":"r","1351":"\\","1352":"n","1353":" ","1354":" ","1355":" ","1356":" ","1357":"<","1358":"C","1359":"o","1360":"m","1361":"i","1362":"c","1363":" ","1364":":","1365":"i","1366":"n","1367":"f","1368":"o","1369":"-","1370":"c","1371":"o","1372":"m","1373":"i","1374":"c","1375":"=","1376":"\\","1377":"\"","1378":"r","1379":"a","1380":"n","1381":"d","1382":"o","1383":"m","1384":"C","1385":"o","1386":"m","1387":"i","1388":"c","1389":"\\","1390":"\"","1391":" ","1392":"/","1393":">","1394":"\\","1395":"r","1396":"\\","1397":"n","1398":" ","1399":" ","1400":" ","1401":" ","1402":"<","1403":"B","1404":"t","1405":"n","1406":"G","1407":"e","1408":"n","1409":"e","1410":"r","1411":"a","1412":"t","1413":"e","1414":"R","1415":"a","1416":"n","1417":"d","1418":"o","1419":"m","1420":"C","1421":"O","1422":"m","1423":"i","1424":"c","1425":"\\","1426":"r","1427":"\\","1428":"n","1429":" ","1430":" ","1431":" ","1432":" ","1433":" ","1434":" ","1435":":","1436":"i","1437":"s","1438":"-","1439":"v","1440":"i","1441":"s","1442":"i","1443":"b","1444":"l","1445":"e","1446":"=","1447":"\\","1448":"\"","1449":"t","1450":"r","1451":"u","1452":"e","1453":"\\","1454":"\"","1455":"\\","1456":"r","1457":"\\","1458":"n","1459":" ","1460":" ","1461":" ","1462":" ","1463":" ","1464":" ","1465":"@","1466":"g","1467":"e","1468":"n","1469":"e","1470":"r","1471":"a","1472":"t","1473":"e","1474":"-","1475":"r","1476":"a","1477":"n","1478":"d","1479":"o","1480":"m","1481":"-","1482":"c","1483":"o","1484":"m","1485":"i","1486":"c","1487":"=","1488":"\\","1489":"\"","1490":"g","1491":"e","1492":"n","1493":"e","1494":"r","1495":"a","1496":"t","1497":"e","1498":"R","1499":"a","1500":"n","1501":"d","1502":"o","1503":"m","1504":"C","1505":"o","1506":"m","1507":"i","1508":"c","1509":"\\","1510":"\"","1511":"\\","1512":"r","1513":"\\","1514":"n","1515":" ","1516":" ","1517":" ","1518":" ","1519":"/","1520":">","1521":"\\","1522":"r","1523":"\\","1524":"n","1525":" ","1526":" ","1527":"<","1528":"/","1529":"s","1530":"e","1531":"c","1532":"t","1533":"i","1534":"o","1535":"n","1536":">","1537":"\\","1538":"r","1539":"\\","1540":"n","1541":"<","1542":"/","1543":"t","1544":"e","1545":"m","1546":"p","1547":"l","1548":"a","1549":"t","1550":"e","1551":">","1552":"\\","1553":"r","1554":"\\","1555":"n","1556":"\\","1557":"r","1558":"\\","1559":"n","1560":"<","1561":"s","1562":"c","1563":"r","1564":"i","1565":"p","1566":"t","1567":" ","1568":"s","1569":"e","1570":"t","1571":"u","1572":"p","1573":" ","1574":"l","1575":"a","1576":"n","1577":"g","1578":"=","1579":"\\","1580":"\"","1581":"t","1582":"s","1583":"\\","1584":"\"","1585":">","1586":"\\","1587":"r","1588":"\\","1589":"n","1590":"i","1591":"m","1592":"p","1593":"o","1594":"r","1595":"t","1596":" ","1597":"{","1598":" ","1599":"o","1600":"n","1601":"M","1602":"o","1603":"u","1604":"n","1605":"t","1606":"e","1607":"d","1608":" ","1609":"}","1610":" ","1611":"f","1612":"r","1613":"o","1614":"m","1615":" ","1616":"'","1617":"v","1618":"u","1619":"e","1620":"'","1621":";","1622":"\\","1623":"r","1624":"\\","1625":"n","1626":"i","1627":"m","1628":"p","1629":"o","1630":"r","1631":"t","1632":" ","1633":"C","1634":"o","1635":"m","1636":"i","1637":"c","1638":" ","1639":"f","1640":"r","1641":"o","1642":"m","1643":" ","1644":"'","1645":".","1646":"/","1647":"c","1648":"o","1649":"m","1650":"p","1651":"o","1652":"n","1653":"e","1654":"n","1655":"t","1656":"s","1657":"/","1658":"C","1659":"o","1660":"m","1661":"i","1662":"c","1663":"C","1664":"a","1665":"r","1666":"d","1667":".","1668":"v","1669":"u","1670":"e","1671":"'","1672":";","1673":"\\","1674":"r","1675":"\\","1676":"n","1677":"i","1678":"m","1679":"p","1680":"o","1681":"r","1682":"t","1683":" ","1684":"S","1685":"p","1686":"i","1687":"n","1688":"n","1689":"e","1690":"r","1691":" ","1692":"f","1693":"r","1694":"o","1695":"m","1696":" ","1697":"'","1698":".","1699":"/","1700":"c","1701":"o","1702":"m","1703":"p","1704":"o","1705":"n","1706":"e","1707":"n","1708":"t","1709":"s","1710":"/","1711":"S","1712":"p","1713":"i","1714":"n","1715":"n","1716":"e","1717":"r","1718":"L","1719":"o","1720":"a","1721":"d","1722":"i","1723":"n","1724":"g","1725":".","1726":"v","1727":"u","1728":"e","1729":"'","1730":";","1731":"\\","1732":"r","1733":"\\","1734":"n","1735":"i","1736":"m","1737":"p","1738":"o","1739":"r","1740":"t","1741":" ","1742":"N","1743":"o","1744":"t","1745":"F","1746":"o","1747":"u","1748":"n","1749":"d","1750":" ","1751":"f","1752":"r","1753":"o","1754":"m","1755":" ","1756":"'","1757":".","1758":"/","1759":"c","1760":"o","1761":"m","1762":"p","1763":"o","1764":"n","1765":"e","1766":"n","1767":"t","1768":"s","1769":"/","1770":"N","1771":"o","1772":"t","1773":"F","1774":"o","1775":"u","1776":"n","1777":"d","1778":"P","1779":"a","1780":"g","1781":"e","1782":".","1783":"v","1784":"u","1785":"e","1786":"'","1787":";","1788":"\\","1789":"r","1790":"\\","1791":"n","1792":"i","1793":"m","1794":"p","1795":"o","1796":"r","1797":"t","1798":" ","1799":"B","1800":"t","1801":"n","1802":"G","1803":"e","1804":"n","1805":"e","1806":"r","1807":"a","1808":"t","1809":"e","1810":"R","1811":"a","1812":"n","1813":"d","1814":"o","1815":"m","1816":"C","1817":"O","1818":"m","1819":"i","1820":"c","1821":" ","1822":"f","1823":"r","1824":"o","1825":"m","1826":" ","1827":"'","1828":".","1829":"/","1830":"c","1831":"o","1832":"m","1833":"p","1834":"o","1835":"n","1836":"e","1837":"n","1838":"t","1839":"s","1840":"/","1841":"G","1842":"e","1843":"n","1844":"e","1845":"r","1846":"a","1847":"t","1848":"e","1849":"R","1850":"a","1851":"n","1852":"d","1853":"o","1854":"m","1855":"B","1856":"t","1857":"n","1858":".","1859":"v","1860":"u","1861":"e","1862":"'","1863":";","1864":"\\","1865":"r","1866":"\\","1867":"n","1868":"i","1869":"m","1870":"p","1871":"o","1872":"r","1873":"t","1874":" ","1875":"{","1876":" ","1877":"u","1878":"s","1879":"e","1880":"C","1881":"o","1882":"m","1883":"i","1884":"c","1885":"R","1886":"a","1887":"t","1888":"i","1889":"n","1890":"g","1891":"S","1892":"t","1893":"o","1894":"r","1895":"e","1896":",","1897":" ","1898":"u","1899":"s","1900":"e","1901":"C","1902":"o","1903":"m","1904":"i","1905":"c","1906":"S","1907":"t","1908":"o","1909":"r","1910":"e","1911":" ","1912":"}","1913":" ","1914":"f","1915":"r","1916":"o","1917":"m","1918":" ","1919":"'","1920":".","1921":"/","1922":"s","1923":"t","1924":"o","1925":"r","1926":"e","1927":"/","1928":"c","1929":"o","1930":"m","1931":"i","1932":"c","1933":"S","1934":"t","1935":"o","1936":"r","1937":"e","1938":"'","1939":";","1940":"\\","1941":"r","1942":"\\","1943":"n","1944":"i","1945":"m","1946":"p","1947":"o","1948":"r","1949":"t","1950":" ","1951":"{","1952":" ","1953":"u","1954":"s","1955":"e","1956":"R","1957":"a","1958":"n","1959":"d","1960":"o","1961":"m","1962":"F","1963":"e","1964":"t","1965":"c","1966":"h","1967":" ","1968":"}","1969":" ","1970":"f","1971":"r","1972":"o","1973":"m","1974":" ","1975":"'","1976":".","1977":"/","1978":"c","1979":"o","1980":"m","1981":"p","1982":"o","1983":"s","1984":"a","1985":"b","1986":"l","1987":"e","1988":"s","1989":"/","1990":"u","1991":"s","1992":"e","1993":"R","1994":"a","1995":"n","1996":"d","1997":"o","1998":"m","1999":"F","2000":"e","2001":"t","2002":"c","2003":"h","2004":"C","2005":"o","2006":"m","2007":"i","2008":"c","2009":"'","2010":";","2011":"\\","2012":"r","2013":"\\","2014":"n","2015":"\\","2016":"r","2017":"\\","2018":"n","2019":"c","2020":"o","2021":"n","2022":"s","2023":"t","2024":" ","2025":"c","2026":"o","2027":"m","2028":"i","2029":"c","2030":"R","2031":"a","2032":"t","2033":"i","2034":"n","2035":"g","2036":"S","2037":"t","2038":"o","2039":"r","2040":"e","2041":" ","2042":"=","2043":" ","2044":"u","2045":"s","2046":"e","2047":"C","2048":"o","2049":"m","2050":"i","2051":"c","2052":"R","2053":"a","2054":"t","2055":"i","2056":"n","2057":"g","2058":"S","2059":"t","2060":"o","2061":"r","2062":"e","2063":"(","2064":")","2065":";","2066":"\\","2067":"r","2068":"\\","2069":"n","2070":"c","2071":"o","2072":"n","2073":"s","2074":"t","2075":" ","2076":"c","2077":"o","2078":"m","2079":"i","2080":"c","2081":"S","2082":"t","2083":"o","2084":"r","2085":"e","2086":" ","2087":"=","2088":" ","2089":"u","2090":"s","2091":"e","2092":"C","2093":"o","2094":"m","2095":"i","2096":"c","2097":"S","2098":"t","2099":"o","2100":"r","2101":"e","2102":"(","2103":")","2104":";","2105":"\\","2106":"r","2107":"\\","2108":"n","2109":"c","2110":"o","2111":"m","2112":"i","2113":"c","2114":"R","2115":"a","2116":"t","2117":"i","2118":"n","2119":"g","2120":"S","2121":"t","2122":"o","2123":"r","2124":"e","2125":".","2126":"l","2127":"o","2128":"a","2129":"d","2130":"F","2131":"r","2132":"o","2133":"m","2134":"L","2135":"o","2136":"c","2137":"a","2138":"l","2139":"S","2140":"t","2141":"o","2142":"r","2143":"a","2144":"g","2145":"e","2146":"(","2147":")","2148":";","2149":"\\","2150":"r","2151":"\\","2152":"n","2153":"\\","2154":"r","2155":"\\","2156":"n","2157":"c","2158":"o","2159":"n","2160":"s","2161":"t","2162":" ","2163":"{","2164":" ","2165":"r","2166":"a","2167":"n","2168":"d","2169":"o","2170":"m","2171":"C","2172":"o","2173":"m","2174":"i","2175":"c","2176":",","2177":" ","2178":"f","2179":"e","2180":"t","2181":"c","2182":"h","2183":"R","2184":"a","2185":"n","2186":"d","2187":"o","2188":"m","2189":"C","2190":"o","2191":"m","2192":"i","2193":"c","2194":",","2195":" ","2196":"i","2197":"s","2198":"L","2199":"o","2200":"a","2201":"d","2202":"i","2203":"n","2204":"g","2205":",","2206":" ","2207":"s","2208":"h","2209":"o","2210":"w","2211":"N","2212":"o","2213":"t","2214":"F","2215":"o","2216":"u","2217":"n","2218":"d","2219":" ","2220":"}","2221":" ","2222":"=","2223":"\\","2224":"r","2225":"\\","2226":"n","2227":" ","2228":" ","2229":"u","2230":"s","2231":"e","2232":"R","2233":"a","2234":"n","2235":"d","2236":"o","2237":"m","2238":"F","2239":"e","2240":"t","2241":"c","2242":"h","2243":"(","2244":")","2245":";","2246":"\\","2247":"r","2248":"\\","2249":"n","2250":"\\","2251":"r","2252":"\\","2253":"n","2254":"c","2255":"o","2256":"n","2257":"s","2258":"t","2259":" ","2260":"g","2261":"e","2262":"n","2263":"e","2264":"r","2265":"a","2266":"t","2267":"e","2268":"R","2269":"a","2270":"n","2271":"d","2272":"o","2273":"m","2274":"C","2275":"o","2276":"m","2277":"i","2278":"c","2279":" ","2280":"=","2281":" ","2282":"a","2283":"s","2284":"y","2285":"n","2286":"c","2287":" ","2288":"(","2289":")","2290":":","2291":" ","2292":"P","2293":"r","2294":"o","2295":"m","2296":"i","2297":"s","2298":"e","2299":"<","2300":"v","2301":"o","2302":"i","2303":"d","2304":">","2305":" ","2306":"=","2307":">","2308":" ","2309":"{","2310":"\\","2311":"r","2312":"\\","2313":"n","2314":" ","2315":" ","2316":"c","2317":"o","2318":"m","2319":"i","2320":"c","2321":"S","2322":"t","2323":"o","2324":"r","2325":"e","2326":".","2327":"s","2328":"e","2329":"t","2330":"I","2331":"m","2332":"a","2333":"g","2334":"e","2335":"L","2336":"o","2337":"a","2338":"d","2339":"e","2340":"d","2341":"(","2342":"f","2343":"a","2344":"l","2345":"s","2346":"e","2347":")","2348":";","2349":"\\","2350":"r","2351":"\\","2352":"n","2353":" ","2354":" ","2355":"a","2356":"w","2357":"a","2358":"i","2359":"t","2360":" ","2361":"f","2362":"e","2363":"t","2364":"c","2365":"h","2366":"R","2367":"a","2368":"n","2369":"d","2370":"o","2371":"m","2372":"C","2373":"o","2374":"m","2375":"i","2376":"c","2377":"(","2378":")","2379":";","2380":"\\","2381":"r","2382":"\\","2383":"n","2384":" ","2385":" ","2386":"c","2387":"o","2388":"m","2389":"i","2390":"c","2391":"S","2392":"t","2393":"o","2394":"r","2395":"e","2396":".","2397":"s","2398":"e","2399":"t","2400":"I","2401":"n","2402":"f","2403":"o","2404":"C","2405":"o","2406":"m","2407":"i","2408":"c","2409":"(","2410":"r","2411":"a","2412":"n","2413":"d","2414":"o","2415":"m","2416":"C","2417":"o","2418":"m","2419":"i","2420":"c","2421":".","2422":"v","2423":"a","2424":"l","2425":"u","2426":"e","2427":")","2428":";","2429":"\\","2430":"r","2431":"\\","2432":"n","2433":"}","2434":";","2435":"\\","2436":"r","2437":"\\","2438":"n","2439":"\\","2440":"r","2441":"\\","2442":"n","2443":"o","2444":"n","2445":"M","2446":"o","2447":"u","2448":"n","2449":"t","2450":"e","2451":"d","2452":"(","2453":"a","2454":"s","2455":"y","2456":"n","2457":"c","2458":" ","2459":"(","2460":")","2461":" ","2462":"=","2463":">","2464":" ","2465":"{","2466":"\\","2467":"r","2468":"\\","2469":"n","2470":" ","2471":" ","2472":"a","2473":"w","2474":"a","2475":"i","2476":"t","2477":" ","2478":"f","2479":"e","2480":"t","2481":"c","2482":"h","2483":"R","2484":"a","2485":"n","2486":"d","2487":"o","2488":"m","2489":"C","2490":"o","2491":"m","2492":"i","2493":"c","2494":"(","2495":")","2496":";","2497":"\\","2498":"r","2499":"\\","2500":"n","2501":" ","2502":" ","2503":"c","2504":"o","2505":"m","2506":"i","2507":"c","2508":"S","2509":"t","2510":"o","2511":"r","2512":"e","2513":".","2514":"s","2515":"e","2516":"t","2517":"I","2518":"n","2519":"f","2520":"o","2521":"C","2522":"o","2523":"m","2524":"i","2525":"c","2526":"(","2527":"r","2528":"a","2529":"n","2530":"d","2531":"o","2532":"m","2533":"C","2534":"o","2535":"m","2536":"i","2537":"c","2538":".","2539":"v","2540":"a","2541":"l","2542":"u","2543":"e","2544":")","2545":";","2546":"\\","2547":"r","2548":"\\","2549":"n","2550":"}","2551":")","2552":";","2553":"\\","2554":"r","2555":"\\","2556":"n","2557":"<","2558":"/","2559":"s","2560":"c","2561":"r","2562":"i","2563":"p","2564":"t","2565":">","2566":"\\","2567":"r","2568":"\\","2569":"n","2570":".","2571":"/","2572":"s","2573":"t","2574":"o","2575":"r","2576":"e","2577":"/","2578":"u","2579":"s","2580":"e","2581":"C","2582":"o","2583":"m","2584":"i","2585":"c","2586":"S","2587":"t","2588":"o","2589":"r","2590":"e","2591":" ","2592":".","2593":"/","2594":"s","2595":"t","2596":"o","2597":"r","2598":"e","2599":"/","2600":"C","2601":"o","2602":"m","2603":"i","2604":"c","2605":"S","2606":"t","2607":"o","2608":"r","2609":"e","2610":"\\","2611":"r","2612":"\\","2613":"n","2614":"\"","2615":"]","2616":"}"}}
,"C:\\Users\\xique\\OneDrive\\Documents\\test-solution\\masiv-test-solution\\src\\components\\ComicCard.vue": {"path":"C:\\Users\\xique\\OneDrive\\Documents\\test-solution\\masiv-test-solution\\src\\components\\ComicCard.vue","statementMap":{"0":{"start":{"line":3,"column":0},"end":{"line":5,"column":3}},"1":{"start":{"line":6,"column":14},"end":{"line":6,"column":30}},"2":{"start":{"line":7,"column":12},"end":{"line":7,"column":26}},"3":{"start":{"line":8,"column":12},"end":{"line":8,"column":26}},"4":{"start":{"line":9,"column":24},"end":{"line":9,"column":89}},"5":{"start":{"line":10,"column":19},"end":{"line":10,"column":49}},"6":{"start":{"line":11,"column":0},"end":{"line":59,"column":3}},"7":{"start":{"line":20,"column":19},"end":{"line":20,"column":28}},"8":{"start":{"line":21,"column":4},"end":{"line":21,"column":15}},"9":{"start":{"line":22,"column":16},"end":{"line":22,"column":23}},"10":{"start":{"line":23,"column":24},"end":{"line":23,"column":45}},"11":{"start":{"line":24,"column":23},"end":{"line":24,"column":44}},"12":{"start":{"line":25,"column":23},"end":{"line":25,"column":44}},"13":{"start":{"line":26,"column":21},"end":{"line":26,"column":54}},"14":{"start":{"line":27,"column":20},"end":{"line":27,"column":35}},"15":{"start":{"line":28,"column":22},"end":{"line":33,"column":5}},"16":{"start":{"line":29,"column":16},"end":{"line":29,"column":28}},"17":{"start":{"line":30,"column":6},"end":{"line":30,"column":45}},"18":{"start":{"line":31,"column":6},"end":{"line":31,"column":33}},"19":{"start":{"line":32,"column":6},"end":{"line":32,"column":38}},"20":{"start":{"line":34,"column":22},"end":{"line":37,"column":5}},"21":{"start":{"line":35,"column":6},"end":{"line":35,"column":32}},"22":{"start":{"line":36,"column":6},"end":{"line":36,"column":38}},"23":{"start":{"line":38,"column":14},"end":{"line":40,"column":6}},"24":{"start":{"line":39,"column":6},"end":{"line":39,"column":87}},"25":{"start":{"line":41,"column":23},"end":{"line":52,"column":5}},"26":{"start":{"line":53,"column":4},"end":{"line":56,"column":7}},"27":{"start":{"line":57,"column":4},"end":{"line":57,"column":24}},"28":{"start":{"line":61,"column":0},"end":{"line":61,"column":62}},"29":{"start":{"line":62,"column":0},"end":{"line":62,"column":24}},"30":{"start":{"line":63,"column":12},"end":{"line":63,"column":26}},"31":{"start":{"line":64,"column":17},"end":{"line":64,"column":76}},"32":{"start":{"line":65,"column":17},"end":{"line":68,"column":1}},"33":{"start":{"line":69,"column":17},"end":{"line":69,"column":44}},"34":{"start":{"line":70,"column":17},"end":{"line":70,"column":31}},"35":{"start":{"line":71,"column":31},"end":{"line":71,"column":132}},"36":{"start":{"line":72,"column":17},"end":{"line":74,"column":1}},"37":{"start":{"line":75,"column":17},"end":{"line":75,"column":33}},"38":{"start":{"line":76,"column":17},"end":{"line":79,"column":1}},"39":{"start":{"line":80,"column":17},"end":{"line":80,"column":82}},"40":{"start":{"line":81,"column":18},"end":{"line":84,"column":1}},"41":{"start":{"line":85,"column":18},"end":{"line":85,"column":32}},"42":{"start":{"line":86,"column":32},"end":{"line":100,"column":20}},"43":{"start":{"line":101,"column":18},"end":{"line":103,"column":1}},"44":{"start":{"line":105,"column":4},"end":{"line":157,"column":8}},"45":{"start":{"line":123,"column":75},"end":{"line":123,"column":111}},"46":{"start":{"line":151,"column":83},"end":{"line":151,"column":120}},"47":{"start":{"line":159,"column":0},"end":{"line":159,"column":24}},"48":{"start":{"line":160,"column":1},"end":{"line":160,"column":48}}},"fnMap":{"0":{"name":"(anonymous_0)","decl":{"start":{"line":19,"column":9},"end":{"line":19,"column":10}},"loc":{"start":{"line":19,"column":32},"end":{"line":58,"column":3}},"line":19},"1":{"name":"(anonymous_1)","decl":{"start":{"line":28,"column":22},"end":{"line":28,"column":23}},"loc":{"start":{"line":28,"column":39},"end":{"line":33,"column":5}},"line":28},"2":{"name":"(anonymous_2)","decl":{"start":{"line":34,"column":22},"end":{"line":34,"column":23}},"loc":{"start":{"line":34,"column":34},"end":{"line":37,"column":5}},"line":34},"3":{"name":"(anonymous_3)","decl":{"start":{"line":38,"column":34},"end":{"line":38,"column":35}},"loc":{"start":{"line":38,"column":46},"end":{"line":40,"column":5}},"line":38},"4":{"name":"render","decl":{"start":{"line":104,"column":9},"end":{"line":104,"column":15}},"loc":{"start":{"line":104,"column":63},"end":{"line":158,"column":1}},"line":104},"5":{"name":"(anonymous_5)","decl":{"start":{"line":123,"column":55},"end":{"line":123,"column":56}},"loc":{"start":{"line":123,"column":73},"end":{"line":123,"column":113}},"line":123},"6":{"name":"(anonymous_6)","decl":{"start":{"line":151,"column":63},"end":{"line":151,"column":64}},"loc":{"start":{"line":151,"column":81},"end":{"line":151,"column":122}},"line":151}},"branchMap":{"0":{"loc":{"start":{"line":39,"column":13},"end":{"line":39,"column":86}},"type":"cond-expr","locations":[{"start":{"line":39,"column":34},"end":{"line":39,"column":70}},{"start":{"line":39,"column":73},"end":{"line":39,"column":86}}],"line":39},"1":{"loc":{"start":{"line":106,"column":8},"end":{"line":108,"column":57}},"type":"cond-expr","locations":[{"start":{"line":107,"column":15},"end":{"line":107,"column":152}},{"start":{"line":108,"column":14},"end":{"line":108,"column":57}}],"line":106},"2":{"loc":{"start":{"line":119,"column":12},"end":{"line":125,"column":61}},"type":"cond-expr","locations":[{"start":{"line":120,"column":19},"end":{"line":124,"column":30}},{"start":{"line":125,"column":18},"end":{"line":125,"column":61}}],"line":119},"3":{"loc":{"start":{"line":123,"column":29},"end":{"line":123,"column":114}},"type":"binary-expr","locations":[{"start":{"line":123,"column":29},"end":{"line":123,"column":38}},{"start":{"line":123,"column":43},"end":{"line":123,"column":113}}],"line":123},"4":{"loc":{"start":{"line":134,"column":8},"end":{"line":156,"column":57}},"type":"cond-expr","locations":[{"start":{"line":135,"column":15},"end":{"line":155,"column":14}},{"start":{"line":156,"column":14},"end":{"line":156,"column":57}}],"line":134},"5":{"loc":{"start":{"line":137,"column":20},"end":{"line":139,"column":69}},"type":"cond-expr","locations":[{"start":{"line":138,"column":27},"end":{"line":138,"column":165}},{"start":{"line":139,"column":26},"end":{"line":139,"column":69}}],"line":137},"6":{"loc":{"start":{"line":147,"column":20},"end":{"line":153,"column":69}},"type":"cond-expr","locations":[{"start":{"line":148,"column":27},"end":{"line":152,"column":39}},{"start":{"line":153,"column":26},"end":{"line":153,"column":69}}],"line":147},"7":{"loc":{"start":{"line":151,"column":37},"end":{"line":151,"column":123}},"type":"binary-expr","locations":[{"start":{"line":151,"column":37},"end":{"line":151,"column":46}},{"start":{"line":151,"column":51},"end":{"line":151,"column":122}}],"line":151}},"s":{"0":0,"1":0,"2":0,"3":0,"4":0,"5":0,"6":0,"7":0,"8":0,"9":0,"10":0,"11":0,"12":0,"13":0,"14":0,"15":0,"16":0,"17":0,"18":0,"19":0,"20":0,"21":0,"22":0,"23":0,"24":0,"25":0,"26":0,"27":0,"28":0,"29":0,"30":0,"31":0,"32":0,"33":0,"34":0,"35":0,"36":0,"37":0,"38":0,"39":0,"40":0,"41":0,"42":0,"43":0,"44":0,"45":0,"46":0,"47":0,"48":0},"f":{"0":0,"1":0,"2":0,"3":0,"4":0,"5":0,"6":0},"b":{"0":[0,0],"1":[0,0],"2":[0,0],"3":[0,0],"4":[0,0],"5":[0,0],"6":[0,0],"7":[0,0]},"inputSourceMap":{"0":"{","1":"\"","2":"v","3":"e","4":"r","5":"s","6":"i","7":"o","8":"n","9":"\"","10":":","11":"3","12":",","13":"\"","14":"s","15":"o","16":"u","17":"r","18":"c","19":"e","20":"s","21":"\"","22":":","23":"[","24":"\"","25":"C","26":":","27":"/","28":"U","29":"s","30":"e","31":"r","32":"s","33":"/","34":"x","35":"i","36":"q","37":"u","38":"e","39":"/","40":"O","41":"n","42":"e","43":"D","44":"r","45":"i","46":"v","47":"e","48":"/","49":"D","50":"o","51":"c","52":"u","53":"m","54":"e","55":"n","56":"t","57":"s","58":"/","59":"t","60":"e","61":"s","62":"t","63":"-","64":"s","65":"o","66":"l","67":"u","68":"t","69":"i","70":"o","71":"n","72":"/","73":"m","74":"a","75":"s","76":"i","77":"v","78":"-","79":"t","80":"e","81":"s","82":"t","83":"-","84":"s","85":"o","86":"l","87":"u","88":"t","89":"i","90":"o","91":"n","92":"/","93":"s","94":"r","95":"c","96":"/","97":"c","98":"o","99":"m","100":"p","101":"o","102":"n","103":"e","104":"n","105":"t","106":"s","107":"/","108":"C","109":"o","110":"m","111":"i","112":"c","113":"C","114":"a","115":"r","116":"d","117":".","118":"v","119":"u","120":"e","121":"\"","122":"]","123":",","124":"\"","125":"n","126":"a","127":"m","128":"e","129":"s","130":"\"","131":":","132":"[","133":"]","134":",","135":"\"","136":"m","137":"a","138":"p","139":"p","140":"i","141":"n","142":"g","143":"s","144":"\"","145":":","146":"\"","147":";","148":";","149":";","150":";","151":";","152":";","153":";","154":"A","155":"A","156":"2","157":"E","158":"A","159":";","160":"A","161":"A","162":"C","163":"A","164":";","165":"A","166":"A","167":"C","168":"A","169":";","170":";","171":";","172":";","173":";","174":";","175":";","176":";","177":";","178":";","179":";","180":";","181":";","182":"I","183":"A","184":"W","185":"A","186":",","187":"I","188":"A","189":"A","190":"M","191":",","192":"a","193":"A","194":"A","195":"a","196":",","197":"G","198":"A","199":"A","200":"G","201":",","202":"a","203":"A","204":"A","205":"G","206":",","207":"E","208":"A","209":"A","210":"C","211":",","212":"K","213":"A","214":"A","215":"K","216":",","217":"C","218":"A","219":"A","220":"C","221":";","222":"I","223":"A","224":"E","225":"h","226":"C","227":",","228":"I","229":"A","230":"A","231":"M","232":",","233":"Y","234":"A","235":"A","236":"Y","237":",","238":"G","239":"A","240":"A","241":"G","242":",","243":"a","244":"A","245":"A","246":"G","247":",","248":"E","249":"A","250":"A","251":"C","252":",","253":"K","254":"A","255":"A","256":"K","257":",","258":"C","259":"A","260":"A","261":"C","262":";","263":"I","264":"A","265":"E","266":"/","267":"B","268":",","269":"I","270":"A","271":"A","272":"M","273":",","274":"Y","275":"A","276":"A","277":"Y","278":",","279":"G","280":"A","281":"A","282":"G","283":",","284":"a","285":"A","286":"A","287":"G","288":",","289":"E","290":"A","291":"A","292":"C","293":",","294":"K","295":"A","296":"A","297":"K","298":",","299":"C","300":"A","301":"A","302":"C","303":";","304":"I","305":"A","306":"E","307":"/","308":"B","309":",","310":"I","311":"A","312":"A","313":"M","314":",","315":"U","316":"A","317":"A","318":"U","319":",","320":"G","321":"A","322":"A","323":"G","324":",","325":"8","326":"B","327":"A","328":"A","329":"a","330":",","331":"G","332":"A","333":"A","334":"E","335":";","336":"I","337":"A","338":"E","339":"l","340":"C","341":",","342":"I","343":"A","344":"A","345":"M","346":",","347":"S","348":"A","349":"A","350":"S","351":",","352":"G","353":"A","354":"A","355":"G","356":",","357":"K","358":"A","359":"A","360":"K","361":",","362":"C","363":"A","364":"A","365":"C","366":",","367":"S","368":"A","369":"A","370":"S","371":";","372":"I","373":"A","374":"E","375":"j","376":"C","377":",","378":"I","379":"A","380":"A","381":"M","382":",","383":"W","384":"A","385":"A","386":"W","387":",","388":"G","389":"A","390":"A","391":"G","392":",","393":"U","394":"A","395":"A","396":"C","397":",","398":"K","399":"A","400":"A","401":"Y","402":";","403":"M","404":"A","405":"C","406":"/","407":"B","408":",","409":"I","410":"A","411":"A","412":"M","413":",","414":"G","415":"A","416":"A","417":"G","418":",","419":"G","420":"A","421":"A","422":"G","423":",","424":"K","425":"A","426":"A","427":"K","428":",","429":"C","430":"A","431":"A","432":"C","433":",","434":"M","435":"A","436":"A","437":"0","438":"B","439":";","440":"M","441":"A","442":"C","443":"5","444":"C","445":",","446":"a","447":"A","448":"A","449":"a","450":",","451":"C","452":"A","453":"A","454":"C","455":",","456":"K","457":"A","458":"A","459":"K","460":",","461":"G","462":"A","463":"A","464":"G","465":",","466":"G","467":"A","468":"A","469":"G","470":",","471":"C","472":"A","473":"A","474":"C","475":",","476":"M","477":"A","478":"A","479":"M","480":",","481":"G","482":"A","483":"A","484":"G","485":",","486":"G","487":"A","488":"A","489":"G","490":";","491":"M","492":"A","493":"E","494":"t","495":"C","496":",","497":"Y","498":"A","499":"A","500":"Y","501":",","502":"C","503":"A","504":"A","505":"C","506":",","507":"K","508":"A","509":"A","510":"K","511":",","512":"G","513":"A","514":"A","515":"G","516":",","517":"K","518":"A","519":"A","520":"K","521":";","522":"M","523":"A","524":"C","525":"1","526":"B","527":",","528":"U","529":"A","530":"A","531":"U","532":",","533":"C","534":"A","535":"A","536":"C","537":",","538":"c","539":"A","540":"A","541":"c","542":",","543":"C","544":"A","545":"A","546":"C","547":",","548":"I","549":"A","550":"A","551":"I","552":",","553":"C","554":"A","555":"A","556":"C","557":";","558":"I","559":"A","560":"C","561":"j","562":"C","563":",","564":"C","565":"A","566":"A","567":"C","568":";","569":"I","570":"A","571":"E","572":"D","573":",","574":"I","575":"A","576":"A","577":"M","578":",","579":"W","580":"A","581":"A","582":"W","583":",","584":"G","585":"A","586":"A","587":"G","588":";","589":"M","590":"A","591":"C","592":"l","593":"B","594":",","595":"Y","596":"A","597":"A","598":"Y","599":",","600":"C","601":"A","602":"A","603":"C","604":",","605":"K","606":"A","607":"A","608":"K","609":",","610":"G","611":"A","612":"A","613":"G","614":",","615":"I","616":"A","617":"A","618":"I","619":";","620":"M","621":"A","622":"C","623":"z","624":"B","625":",","626":"U","627":"A","628":"A","629":"U","630":",","631":"C","632":"A","633":"A","634":"C","635":",","636":"c","637":"A","638":"A","639":"c","640":",","641":"C","642":"A","643":"A","644":"C","645":",","646":"I","647":"A","648":"A","649":"I","650":",","651":"C","652":"A","653":"A","654":"C","655":";","656":"I","657":"A","658":"C","659":"j","660":"C","661":",","662":"C","663":"A","664":"A","665":"C","666":";","667":"I","668":"A","669":"E","670":"D","671":",","672":"I","673":"A","674":"A","675":"M","676":",","677":"G","678":"A","679":"A","680":"G","681":",","682":"G","683":"A","684":"A","685":"G","686":",","687":"k","688":"B","689":"A","690":"A","691":"Q","692":",","693":"E","694":"A","695":"A","696":"S","697":";","698":"M","699":"A","700":"C","701":"3","702":"B","703":",","704":"O","705":"A","706":"A","707":"O","708":",","709":"Y","710":"A","711":"A","712":"Y","713":",","714":"C","715":"A","716":"A","717":"C","718":",","719":"K","720":"A","721":"A","722":"K","723":",","724":"G","725":"A","726":"C","727":"r","728":"B","729":",","730":"o","731":"C","732":"A","733":"A","734":"o","735":"C","736":",","737":"G","738":"A","739":"C","740":"p","741":"C","742":",","743":"S","744":"A","745":"A","746":"S","747":",","748":"C","749":"A","750":"A","751":"C","752":",","753":"G","754":"A","755":"A","756":"G","757":";","758":"I","759":"A","760":"C","761":"n","762":"B","763":",","764":"C","765":"A","766":"A","767":"C","768":",","769":"C","770":"A","771":"A","772":"C","773":"\"","774":",","775":"\"","776":"f","777":"i","778":"l","779":"e","780":"\"","781":":","782":"\"","783":"C","784":":","785":"\\","786":"\\","787":"U","788":"s","789":"e","790":"r","791":"s","792":"\\","793":"\\","794":"x","795":"i","796":"q","797":"u","798":"e","799":"\\","800":"\\","801":"O","802":"n","803":"e","804":"D","805":"r","806":"i","807":"v","808":"e","809":"\\","810":"\\","811":"D","812":"o","813":"c","814":"u","815":"m","816":"e","817":"n","818":"t","819":"s","820":"\\","821":"\\","822":"t","823":"e","824":"s","825":"t","826":"-","827":"s","828":"o","829":"l","830":"u","831":"t","832":"i","833":"o","834":"n","835":"\\","836":"\\","837":"m","838":"a","839":"s","840":"i","841":"v","842":"-","843":"t","844":"e","845":"s","846":"t","847":"-","848":"s","849":"o","850":"l","851":"u","852":"t","853":"i","854":"o","855":"n","856":"\\","857":"\\","858":"s","859":"r","860":"c","861":"\\","862":"\\","863":"c","864":"o","865":"m","866":"p","867":"o","868":"n","869":"e","870":"n","871":"t","872":"s","873":"\\","874":"\\","875":"C","876":"o","877":"m","878":"i","879":"c","880":"C","881":"a","882":"r","883":"d","884":".","885":"v","886":"u","887":"e","888":"\"","889":",","890":"\"","891":"s","892":"o","893":"u","894":"r","895":"c","896":"e","897":"s","898":"C","899":"o","900":"n","901":"t","902":"e","903":"n","904":"t","905":"\"","906":":","907":"[","908":"\"","909":"<","910":"t","911":"e","912":"m","913":"p","914":"l","915":"a","916":"t","917":"e","918":">","919":"\\","920":"r","921":"\\","922":"n","923":" ","924":" ","925":"<","926":"d","927":"i","928":"v","929":" ","930":"c","931":"l","932":"a","933":"s","934":"s","935":"=","936":"\\","937":"\"","938":"r","939":"o","940":"u","941":"n","942":"d","943":"e","944":"d","945":" ","946":"o","947":"v","948":"e","949":"r","950":"f","951":"l","952":"o","953":"w","954":"-","955":"h","956":"i","957":"d","958":"d","959":"e","960":"n","961":" ","962":"s","963":"h","964":"a","965":"d","966":"o","967":"w","968":"-","969":"l","970":"g","971":" ","972":"b","973":"g","974":"-","975":"w","976":"h","977":"i","978":"t","979":"e","980":" ","981":"p","982":"-","983":"5","984":"\\","985":"\"","986":">","987":"\\","988":"r","989":"\\","990":"n","991":" ","992":" ","993":" ","994":" ","995":"<","996":"h","997":"1","998":" ","999":"v","1000":"-","1001":"i","1002":"f","1003":"=","1004":"\\","1005":"\"","1006":"c","1007":"o","1008":"m","1009":"i","1010":"c","1011":"S","1012":"t","1013":"o","1014":"r","1015":"e","1016":".","1017":"i","1018":"m","1019":"a","1020":"g","1021":"e","1022":"L","1023":"o","1024":"a","1025":"d","1026":"e","1027":"d","1028":"\\","1029":"\"","1030":" ","1031":"c","1032":"l","1033":"a","1034":"s","1035":"s","1036":"=","1037":"\\","1038":"\"","1039":"f","1040":"o","1041":"n","1042":"t","1043":"-","1044":"b","1045":"o","1046":"l","1047":"d","1048":" ","1049":"t","1050":"e","1051":"x","1052":"t","1053":"-","1054":"x","1055":"l","1056":" ","1057":"m","1058":"b","1059":"-","1060":"5","1061":"\\","1062":"\"","1063":">","1064":"\\","1065":"r","1066":"\\","1067":"n","1068":" ","1069":" ","1070":" ","1071":" ","1072":" ","1073":" ","1074":"{","1075":"{","1076":" ","1077":"i","1078":"n","1079":"f","1080":"o","1081":"C","1082":"o","1083":"m","1084":"i","1085":"c","1086":".","1087":"t","1088":"i","1089":"t","1090":"l","1091":"e","1092":" ","1093":"}","1094":"}","1095":"\\","1096":"r","1097":"\\","1098":"n","1099":" ","1100":" ","1101":" ","1102":" ","1103":"<","1104":"/","1105":"h","1106":"1","1107":">","1108":"\\","1109":"r","1110":"\\","1111":"n","1112":" ","1113":" ","1114":" ","1115":" ","1116":"<","1117":"d","1118":"i","1119":"v","1120":" ","1121":"c","1122":"l","1123":"a","1124":"s","1125":"s","1126":"=","1127":"\\","1128":"\"","1129":"r","1130":"e","1131":"l","1132":"a","1133":"t","1134":"i","1135":"v","1136":"e","1137":" ","1138":"g","1139":"r","1140":"o","1141":"u","1142":"p","1143":"\\","1144":"\"","1145":">","1146":"\\","1147":"r","1148":"\\","1149":"n","1150":" ","1151":" ","1152":" ","1153":" ","1154":" ","1155":" ","1156":"<","1157":"i","1158":"m","1159":"g","1160":"\\","1161":"r","1162":"\\","1163":"n","1164":" ","1165":" ","1166":" ","1167":" ","1168":" ","1169":" ","1170":" ","1171":" ","1172":"c","1173":"l","1174":"a","1175":"s","1176":"s","1177":"=","1178":"\\","1179":"\"","1180":"w","1181":"-","1182":"f","1183":"u","1184":"l","1185":"l","1186":" ","1187":"h","1188":"-","1189":"a","1190":"u","1191":"t","1192":"o","1193":"\\","1194":"\"","1195":"\\","1196":"r","1197":"\\","1198":"n","1199":" ","1200":" ","1201":" ","1202":" ","1203":" ","1204":" ","1205":" ","1206":" ","1207":":","1208":"c","1209":"l","1210":"a","1211":"s","1212":"s","1213":"=","1214":"\\","1215":"\"","1216":"{","1217":"\\","1218":"r","1219":"\\","1220":"n","1221":" ","1222":" ","1223":" ","1224":" ","1225":" ","1226":" ","1227":" ","1228":" ","1229":" ","1230":" ","1231":"'","1232":"c","1233":"u","1234":"r","1235":"s","1236":"o","1237":"r","1238":"-","1239":"p","1240":"o","1241":"i","1242":"n","1243":"t","1244":"e","1245":"r","1246":" ","1247":"t","1248":"r","1249":"a","1250":"n","1251":"s","1252":"f","1253":"o","1254":"r","1255":"m","1256":" ","1257":"h","1258":"o","1259":"v","1260":"e","1261":"r","1262":":","1263":"s","1264":"c","1265":"a","1266":"l","1267":"e","1268":"-","1269":"1","1270":"0","1271":"5","1272":" ","1273":"t","1274":"r","1275":"a","1276":"n","1277":"s","1278":"i","1279":"t","1280":"i","1281":"o","1282":"n","1283":"-","1284":"t","1285":"r","1286":"a","1287":"n","1288":"s","1289":"f","1290":"o","1291":"r","1292":"m","1293":" ","1294":"d","1295":"u","1296":"r","1297":"a","1298":"t","1299":"i","1300":"o","1301":"n","1302":"-","1303":"3","1304":"0","1305":"0","1306":"'","1307":":","1308":"\\","1309":"r","1310":"\\","1311":"n","1312":" ","1313":" ","1314":" ","1315":" ","1316":" ","1317":" ","1318":" ","1319":" ","1320":" ","1321":" ","1322":" ","1323":" ","1324":"i","1325":"s","1326":"I","1327":"m","1328":"g","1329":"E","1330":"x","1331":"p","1332":"a","1333":"n","1334":"d","1335":"e","1336":"d","1337":"\\","1338":"r","1339":"\\","1340":"n","1341":" ","1342":" ","1343":" ","1344":" ","1345":" ","1346":" ","1347":" ","1348":" ","1349":"}","1350":"\\","1351":"\"","1352":"\\","1353":"r","1354":"\\","1355":"n","1356":" ","1357":" ","1358":" ","1359":" ","1360":" ","1361":" ","1362":" ","1363":" ","1364":":","1365":"s","1366":"r","1367":"c","1368":"=","1369":"\\","1370":"\"","1371":"i","1372":"m","1373":"g","1374":"\\","1375":"\"","1376":"\\","1377":"r","1378":"\\","1379":"n","1380":" ","1381":" ","1382":" ","1383":" ","1384":" ","1385":" ","1386":" ","1387":" ","1388":":","1389":"a","1390":"l","1391":"t","1392":"=","1393":"\\","1394":"\"","1395":"i","1396":"n","1397":"f","1398":"o","1399":"C","1400":"o","1401":"m","1402":"i","1403":"c","1404":".","1405":"a","1406":"l","1407":"t","1408":"\\","1409":"\"","1410":"\\","1411":"r","1412":"\\","1413":"n","1414":" ","1415":" ","1416":" ","1417":" ","1418":" ","1419":" ","1420":" ","1421":" ","1422":"@","1423":"l","1424":"o","1425":"a","1426":"d","1427":"=","1428":"\\","1429":"\"","1430":"o","1431":"n","1432":"I","1433":"m","1434":"a","1435":"g","1436":"e","1437":"L","1438":"o","1439":"a","1440":"d","1441":"\\","1442":"\"","1443":"\\","1444":"r","1445":"\\","1446":"n","1447":" ","1448":" ","1449":" ","1450":" ","1451":" ","1452":" ","1453":" ","1454":" ","1455":"@","1456":"e","1457":"r","1458":"r","1459":"o","1460":"r","1461":"=","1462":"\\","1463":"\"","1464":"i","1465":"m","1466":"a","1467":"g","1468":"e","1469":"n","1470":"E","1471":"r","1472":"r","1473":"o","1474":"r","1475":"\\","1476":"\"","1477":"\\","1478":"r","1479":"\\","1480":"n","1481":" ","1482":" ","1483":" ","1484":" ","1485":" ","1486":" ","1487":"/","1488":">","1489":"\\","1490":"r","1491":"\\","1492":"n","1493":" ","1494":" ","1495":" ","1496":" ","1497":" ","1498":" ","1499":"<","1500":"b","1501":"u","1502":"t","1503":"t","1504":"o","1505":"n","1506":"\\","1507":"r","1508":"\\","1509":"n","1510":" ","1511":" ","1512":" ","1513":" ","1514":" ","1515":" ","1516":" ","1517":" ","1518":"v","1519":"-","1520":"i","1521":"f","1522":"=","1523":"\\","1524":"\"","1525":"i","1526":"s","1527":"I","1528":"m","1529":"g","1530":"E","1531":"x","1532":"p","1533":"a","1534":"n","1535":"d","1536":"e","1537":"d","1538":"\\","1539":"\"","1540":"\\","1541":"r","1542":"\\","1543":"n","1544":" ","1545":" ","1546":" ","1547":" ","1548":" ","1549":" ","1550":" ","1551":" ","1552":"c","1553":"l","1554":"a","1555":"s","1556":"s","1557":"=","1558":"\\","1559":"\"","1560":"a","1561":"b","1562":"s","1563":"o","1564":"l","1565":"u","1566":"t","1567":"e","1568":" ","1569":"i","1570":"n","1571":"s","1572":"e","1573":"t","1574":"-","1575":"0","1576":" ","1577":"f","1578":"l","1579":"e","1580":"x","1581":" ","1582":"i","1583":"t","1584":"e","1585":"m","1586":"s","1587":"-","1588":"c","1589":"e","1590":"n","1591":"t","1592":"e","1593":"r","1594":" ","1595":"j","1596":"u","1597":"s","1598":"t","1599":"i","1600":"f","1601":"y","1602":"-","1603":"c","1604":"e","1605":"n","1606":"t","1607":"e","1608":"r","1609":" ","1610":"w","1611":"-","1612":"f","1613":"u","1614":"l","1615":"l","1616":" ","1617":"h","1618":"-","1619":"f","1620":"u","1621":"l","1622":"l","1623":" ","1624":"b","1625":"g","1626":"-","1627":"b","1628":"l","1629":"a","1630":"c","1631":"k","1632":" ","1633":"b","1634":"g","1635":"-","1636":"o","1637":"p","1638":"a","1639":"c","1640":"i","1641":"t","1642":"y","1643":"-","1644":"5","1645":"0","1646":" ","1647":"o","1648":"p","1649":"a","1650":"c","1651":"i","1652":"t","1653":"y","1654":"-","1655":"0","1656":" ","1657":"g","1658":"r","1659":"o","1660":"u","1661":"p","1662":"-","1663":"h","1664":"o","1665":"v","1666":"e","1667":"r","1668":":","1669":"o","1670":"p","1671":"a","1672":"c","1673":"i","1674":"t","1675":"y","1676":"-","1677":"1","1678":"0","1679":"0","1680":" ","1681":"t","1682":"r","1683":"a","1684":"n","1685":"s","1686":"i","1687":"t","1688":"i","1689":"o","1690":"n","1691":"-","1692":"o","1693":"p","1694":"a","1695":"c","1696":"i","1697":"t","1698":"y","1699":" ","1700":"d","1701":"u","1702":"r","1703":"a","1704":"t","1705":"i","1706":"o","1707":"n","1708":"-","1709":"3","1710":"0","1711":"0","1712":"\\","1713":"\"","1714":"\\","1715":"r","1716":"\\","1717":"n","1718":" ","1719":" ","1720":" ","1721":" ","1722":" ","1723":" ","1724":" ","1725":" ","1726":"@","1727":"c","1728":"l","1729":"i","1730":"c","1731":"k","1732":"=","1733":"\\","1734":"\"","1735":"s","1736":"h","1737":"o","1738":"w","1739":"M","1740":"o","1741":"d","1742":"a","1743":"l","1744":"I","1745":"m","1746":"g","1747":" ","1748":"=","1749":" ","1750":"t","1751":"r","1752":"u","1753":"e","1754":"\\","1755":"\"","1756":"\\","1757":"r","1758":"\\","1759":"n","1760":" ","1761":" ","1762":" ","1763":" ","1764":" ","1765":" ","1766":">","1767":"\\","1768":"r","1769":"\\","1770":"n","1771":" ","1772":" ","1773":" ","1774":" ","1775":" ","1776":" ","1777":" ","1778":" ","1779":"<","1780":"s","1781":"p","1782":"a","1783":"n","1784":" ","1785":"c","1786":"l","1787":"a","1788":"s","1789":"s","1790":"=","1791":"\\","1792":"\"","1793":"t","1794":"e","1795":"x","1796":"t","1797":"-","1798":"w","1799":"h","1800":"i","1801":"t","1802":"e","1803":" ","1804":"f","1805":"o","1806":"n","1807":"t","1808":"-","1809":"b","1810":"o","1811":"l","1812":"d","1813":"\\","1814":"\"","1815":">","1816":"A","1817":"m","1818":"p","1819":"l","1820":"i","1821":"a","1822":"r","1823":"<","1824":"/","1825":"s","1826":"p","1827":"a","1828":"n","1829":">","1830":"\\","1831":"r","1832":"\\","1833":"n","1834":" ","1835":" ","1836":" ","1837":" ","1838":" ","1839":" ","1840":"<","1841":"/","1842":"b","1843":"u","1844":"t","1845":"t","1846":"o","1847":"n","1848":">","1849":"\\","1850":"r","1851":"\\","1852":"n","1853":" ","1854":" ","1855":" ","1856":" ","1857":"<","1858":"/","1859":"d","1860":"i","1861":"v","1862":">","1863":"\\","1864":"r","1865":"\\","1866":"n","1867":"\\","1868":"r","1869":"\\","1870":"n","1871":" ","1872":" ","1873":" ","1874":" ","1875":"<","1876":"d","1877":"i","1878":"v","1879":" ","1880":"c","1881":"l","1882":"a","1883":"s","1884":"s","1885":"=","1886":"\\","1887":"\"","1888":"p","1889":"-","1890":"4","1891":"\\","1892":"\"","1893":">","1894":"\\","1895":"r","1896":"\\","1897":"n","1898":" ","1899":" ","1900":" ","1901":" ","1902":" ","1903":" ","1904":"<","1905":"C","1906":"o","1907":"m","1908":"i","1909":"c","1910":"R","1911":"a","1912":"t","1913":"i","1914":"n","1915":"g","1916":"\\","1917":"r","1918":"\\","1919":"n","1920":" ","1921":" ","1922":" ","1923":" ","1924":" ","1925":" ","1926":" ","1927":" ","1928":":","1929":"i","1930":"s","1931":"-","1932":"v","1933":"i","1934":"s","1935":"i","1936":"b","1937":"l","1938":"e","1939":"=","1940":"\\","1941":"\"","1942":"c","1943":"o","1944":"m","1945":"i","1946":"c","1947":"S","1948":"t","1949":"o","1950":"r","1951":"e","1952":".","1953":"i","1954":"m","1955":"a","1956":"g","1957":"e","1958":"L","1959":"o","1960":"a","1961":"d","1962":"e","1963":"d","1964":"\\","1965":"\"","1966":"\\","1967":"r","1968":"\\","1969":"n","1970":" ","1971":" ","1972":" ","1973":" ","1974":" ","1975":" ","1976":" ","1977":" ","1978":":","1979":"c","1980":"o","1981":"m","1982":"i","1983":"c","1984":"-","1985":"i","1986":"d","1987":"=","1988":"\\","1989":"\"","1990":"i","1991":"n","1992":"f","1993":"o","1994":"C","1995":"o","1996":"m","1997":"i","1998":"c","1999":".","2000":"n","2001":"u","2002":"m","2003":"\\","2004":"\"","2005":"\\","2006":"r","2007":"\\","2008":"n","2009":" ","2010":" ","2011":" ","2012":" ","2013":" ","2014":" ","2015":"/","2016":">","2017":"\\","2018":"r","2019":"\\","2020":"n","2021":" ","2022":" ","2023":" ","2024":" ","2025":"<","2026":"/","2027":"d","2028":"i","2029":"v","2030":">","2031":"\\","2032":"r","2033":"\\","2034":"n","2035":" ","2036":" ","2037":" ","2038":" ","2039":"<","2040":"!","2041":"-","2042":"-","2043":" ","2044":"M","2045":"o","2046":"d","2047":"a","2048":"l","2049":" ","2050":"f","2051":"o","2052":"r","2053":" ","2054":"t","2055":"h","2056":"e","2057":" ","2058":"I","2059":"M","2060":"G","2061":"-","2062":"-","2063":">","2064":"\\","2065":"r","2066":"\\","2067":"n","2068":" ","2069":" ","2070":" ","2071":" ","2072":"<","2073":"d","2074":"i","2075":"v","2076":"\\","2077":"r","2078":"\\","2079":"n","2080":" ","2081":" ","2082":" ","2083":" ","2084":" ","2085":" ","2086":"v","2087":"-","2088":"i","2089":"f","2090":"=","2091":"\\","2092":"\"","2093":"s","2094":"h","2095":"o","2096":"w","2097":"M","2098":"o","2099":"d","2100":"a","2101":"l","2102":"I","2103":"m","2104":"g","2105":"\\","2106":"\"","2107":"\\","2108":"r","2109":"\\","2110":"n","2111":" ","2112":" ","2113":" ","2114":" ","2115":" ","2116":" ","2117":"c","2118":"l","2119":"a","2120":"s","2121":"s","2122":"=","2123":"\\","2124":"\"","2125":"f","2126":"i","2127":"x","2128":"e","2129":"d","2130":" ","2131":"i","2132":"n","2133":"s","2134":"e","2135":"t","2136":"-","2137":"0","2138":" ","2139":"f","2140":"l","2141":"e","2142":"x","2143":" ","2144":"i","2145":"t","2146":"e","2147":"m","2148":"s","2149":"-","2150":"c","2151":"e","2152":"n","2153":"t","2154":"e","2155":"r","2156":" ","2157":"j","2158":"u","2159":"s","2160":"t","2161":"i","2162":"f","2163":"y","2164":"-","2165":"c","2166":"e","2167":"n","2168":"t","2169":"e","2170":"r","2171":" ","2172":"z","2173":"-","2174":"5","2175":"0","2176":" ","2177":"b","2178":"g","2179":"-","2180":"b","2181":"l","2182":"a","2183":"c","2184":"k","2185":" ","2186":"b","2187":"g","2188":"-","2189":"o","2190":"p","2191":"a","2192":"c","2193":"i","2194":"t","2195":"y","2196":"-","2197":"5","2198":"0","2199":"\\","2200":"\"","2201":"\\","2202":"r","2203":"\\","2204":"n","2205":" ","2206":" ","2207":" ","2208":" ","2209":">","2210":"\\","2211":"r","2212":"\\","2213":"n","2214":" ","2215":" ","2216":" ","2217":" ","2218":" ","2219":" ","2220":"<","2221":"d","2222":"i","2223":"v","2224":" ","2225":"c","2226":"l","2227":"a","2228":"s","2229":"s","2230":"=","2231":"\\","2232":"\"","2233":"m","2234":"a","2235":"x","2236":"-","2237":"w","2238":"-","2239":"4","2240":"x","2241":"l","2242":" ","2243":"b","2244":"g","2245":"-","2246":"w","2247":"h","2248":"i","2249":"t","2250":"e","2251":" ","2252":"p","2253":"-","2254":"8","2255":" ","2256":"r","2257":"o","2258":"u","2259":"n","2260":"d","2261":"e","2262":"d","2263":"-","2264":"l","2265":"g","2266":" ","2267":"s","2268":"h","2269":"a","2270":"d","2271":"o","2272":"w","2273":"-","2274":"x","2275":"l","2276":" ","2277":"r","2278":"e","2279":"l","2280":"a","2281":"t","2282":"i","2283":"v","2284":"e","2285":"\\","2286":"\"","2287":">","2288":"\\","2289":"r","2290":"\\","2291":"n","2292":" ","2293":" ","2294":" ","2295":" ","2296":" ","2297":" ","2298":" ","2299":" ","2300":"<","2301":"h","2302":"1","2303":" ","2304":"v","2305":"-","2306":"i","2307":"f","2308":"=","2309":"\\","2310":"\"","2311":"c","2312":"o","2313":"m","2314":"i","2315":"c","2316":"S","2317":"t","2318":"o","2319":"r","2320":"e","2321":".","2322":"i","2323":"m","2324":"a","2325":"g","2326":"e","2327":"L","2328":"o","2329":"a","2330":"d","2331":"e","2332":"d","2333":"\\","2334":"\"","2335":" ","2336":"c","2337":"l","2338":"a","2339":"s","2340":"s","2341":"=","2342":"\\","2343":"\"","2344":"f","2345":"o","2346":"n","2347":"t","2348":"-","2349":"b","2350":"o","2351":"l","2352":"d","2353":" ","2354":"t","2355":"e","2356":"x","2357":"t","2358":"-","2359":"x","2360":"l","2361":"\\","2362":"\"","2363":">","2364":"\\","2365":"r","2366":"\\","2367":"n","2368":" ","2369":" ","2370":" ","2371":" ","2372":" ","2373":" ","2374":" ","2375":" ","2376":" ","2377":" ","2378":"{","2379":"{","2380":" ","2381":"i","2382":"n","2383":"f","2384":"o","2385":"C","2386":"o","2387":"m","2388":"i","2389":"c","2390":".","2391":"t","2392":"i","2393":"t","2394":"l","2395":"e","2396":" ","2397":"}","2398":"}","2399":"\\","2400":"r","2401":"\\","2402":"n","2403":" ","2404":" ","2405":" ","2406":" ","2407":" ","2408":" ","2409":" ","2410":" ","2411":"<","2412":"/","2413":"h","2414":"1","2415":">","2416":"\\","2417":"r","2418":"\\","2419":"n","2420":" ","2421":" ","2422":" ","2423":" ","2424":" ","2425":" ","2426":" ","2427":" ","2428":"<","2429":"s","2430":"m","2431":"a","2432":"l","2433":"l","2434":">","2435":"{","2436":"{","2437":" ","2438":"i","2439":"n","2440":"f","2441":"o","2442":"C","2443":"o","2444":"m","2445":"i","2446":"c","2447":".","2448":"n","2449":"u","2450":"m","2451":" ","2452":"}","2453":"}","2454":"<","2455":"/","2456":"s","2457":"m","2458":"a","2459":"l","2460":"l","2461":">","2462":"\\","2463":"r","2464":"\\","2465":"n","2466":" ","2467":" ","2468":" ","2469":" ","2470":" ","2471":" ","2472":" ","2473":" ","2474":"<","2475":"i","2476":"m","2477":"g","2478":"\\","2479":"r","2480":"\\","2481":"n","2482":" ","2483":" ","2484":" ","2485":" ","2486":" ","2487":" ","2488":" ","2489":" ","2490":" ","2491":" ","2492":"c","2493":"l","2494":"a","2495":"s","2496":"s","2497":"=","2498":"\\","2499":"\"","2500":"w","2501":"-","2502":"f","2503":"u","2504":"l","2505":"l","2506":" ","2507":"h","2508":"-","2509":"[","2510":"4","2511":"5","2512":"r","2513":"e","2514":"m","2515":"]","2516":" ","2517":"m","2518":"t","2519":"-","2520":"3","2521":"\\","2522":"\"","2523":"\\","2524":"r","2525":"\\","2526":"n","2527":" ","2528":" ","2529":" ","2530":" ","2531":" ","2532":" ","2533":" ","2534":" ","2535":" ","2536":" ","2537":":","2538":"s","2539":"r","2540":"c","2541":"=","2542":"\\","2543":"\"","2544":"i","2545":"m","2546":"g","2547":"\\","2548":"\"","2549":"\\","2550":"r","2551":"\\","2552":"n","2553":" ","2554":" ","2555":" ","2556":" ","2557":" ","2558":" ","2559":" ","2560":" ","2561":" ","2562":" ","2563":":","2564":"a","2565":"l","2566":"t","2567":"=","2568":"\\","2569":"\"","2570":"i","2571":"n","2572":"f","2573":"o","2574":"C","2575":"o","2576":"m","2577":"i","2578":"c","2579":".","2580":"a","2581":"l","2582":"t","2583":"\\","2584":"\"","2585":"\\","2586":"r","2587":"\\","2588":"n","2589":" ","2590":" ","2591":" ","2592":" ","2593":" ","2594":" ","2595":" ","2596":" ","2597":" ","2598":" ","2599":"@","2600":"l","2601":"o","2602":"a","2603":"d","2604":"=","2605":"\\","2606":"\"","2607":"o","2608":"n","2609":"I","2610":"m","2611":"a","2612":"g","2613":"e","2614":"L","2615":"o","2616":"a","2617":"d","2618":"\\","2619":"\"","2620":"\\","2621":"r","2622":"\\","2623":"n","2624":" ","2625":" ","2626":" ","2627":" ","2628":" ","2629":" ","2630":" ","2631":" ","2632":"/","2633":">","2634":"\\","2635":"r","2636":"\\","2637":"n","2638":" ","2639":" ","2640":" ","2641":" ","2642":" ","2643":" ","2644":" ","2645":" ","2646":"<","2647":"b","2648":"u","2649":"t","2650":"t","2651":"o","2652":"n","2653":"\\","2654":"r","2655":"\\","2656":"n","2657":" ","2658":" ","2659":" ","2660":" ","2661":" ","2662":" ","2663":" ","2664":" ","2665":" ","2666":" ","2667":"v","2668":"-","2669":"i","2670":"f","2671":"=","2672":"\\","2673":"\"","2674":"c","2675":"o","2676":"m","2677":"i","2678":"c","2679":"S","2680":"t","2681":"o","2682":"r","2683":"e","2684":".","2685":"i","2686":"m","2687":"a","2688":"g","2689":"e","2690":"L","2691":"o","2692":"a","2693":"d","2694":"e","2695":"d","2696":"\\","2697":"\"","2698":"\\","2699":"r","2700":"\\","2701":"n","2702":" ","2703":" ","2704":" ","2705":" ","2706":" ","2707":" ","2708":" ","2709":" ","2710":" ","2711":" ","2712":"c","2713":"l","2714":"a","2715":"s","2716":"s","2717":"=","2718":"\\","2719":"\"","2720":"a","2721":"b","2722":"s","2723":"o","2724":"l","2725":"u","2726":"t","2727":"e","2728":" ","2729":"t","2730":"o","2731":"p","2732":"-","2733":"3","2734":" ","2735":"r","2736":"i","2737":"g","2738":"h","2739":"t","2740":"-","2741":"3","2742":" ","2743":"b","2744":"g","2745":"-","2746":"w","2747":"h","2748":"i","2749":"t","2750":"e","2751":" ","2752":"r","2753":"o","2754":"u","2755":"n","2756":"d","2757":"e","2758":"d","2759":"-","2760":"f","2761":"u","2762":"l","2763":"l","2764":" ","2765":"p","2766":"-","2767":"2","2768":"\\","2769":"\"","2770":"\\","2771":"r","2772":"\\","2773":"n","2774":" ","2775":" ","2776":" ","2777":" ","2778":" ","2779":" ","2780":" ","2781":" ","2782":" ","2783":" ","2784":"@","2785":"c","2786":"l","2787":"i","2788":"c","2789":"k","2790":"=","2791":"\\","2792":"\"","2793":"s","2794":"h","2795":"o","2796":"w","2797":"M","2798":"o","2799":"d","2800":"a","2801":"l","2802":"I","2803":"m","2804":"g","2805":" ","2806":"=","2807":" ","2808":"f","2809":"a","2810":"l","2811":"s","2812":"e","2813":"\\","2814":"\"","2815":"\\","2816":"r","2817":"\\","2818":"n","2819":" ","2820":" ","2821":" ","2822":" ","2823":" ","2824":" ","2825":" ","2826":" ","2827":">","2828":"\\","2829":"r","2830":"\\","2831":"n","2832":" ","2833":" ","2834":" ","2835":" ","2836":" ","2837":" ","2838":" ","2839":" ","2840":" ","2841":" ","2842":"<","2843":"s","2844":"v","2845":"g","2846":"\\","2847":"r","2848":"\\","2849":"n","2850":" ","2851":" ","2852":" ","2853":" ","2854":" ","2855":" ","2856":" ","2857":" ","2858":" ","2859":" ","2860":" ","2861":" ","2862":"c","2863":"l","2864":"a","2865":"s","2866":"s","2867":"=","2868":"\\","2869":"\"","2870":"h","2871":"-","2872":"6","2873":" ","2874":"w","2875":"-","2876":"6","2877":"\\","2878":"\"","2879":"\\","2880":"r","2881":"\\","2882":"n","2883":" ","2884":" ","2885":" ","2886":" ","2887":" ","2888":" ","2889":" ","2890":" ","2891":" ","2892":" ","2893":" ","2894":" ","2895":"x","2896":"m","2897":"l","2898":"n","2899":"s","2900":"=","2901":"\\","2902":"\"","2903":"h","2904":"t","2905":"t","2906":"p","2907":":","2908":"/","2909":"/","2910":"w","2911":"w","2912":"w","2913":".","2914":"w","2915":"3","2916":".","2917":"o","2918":"r","2919":"g","2920":"/","2921":"2","2922":"0","2923":"0","2924":"0","2925":"/","2926":"s","2927":"v","2928":"g","2929":"\\","2930":"\"","2931":"\\","2932":"r","2933":"\\","2934":"n","2935":" ","2936":" ","2937":" ","2938":" ","2939":" ","2940":" ","2941":" ","2942":" ","2943":" ","2944":" ","2945":" ","2946":" ","2947":"f","2948":"i","2949":"l","2950":"l","2951":"=","2952":"\\","2953":"\"","2954":"n","2955":"o","2956":"n","2957":"e","2958":"\\","2959":"\"","2960":"\\","2961":"r","2962":"\\","2963":"n","2964":" ","2965":" ","2966":" ","2967":" ","2968":" ","2969":" ","2970":" ","2971":" ","2972":" ","2973":" ","2974":" ","2975":" ","2976":"v","2977":"i","2978":"e","2979":"w","2980":"B","2981":"o","2982":"x","2983":"=","2984":"\\","2985":"\"","2986":"0","2987":" ","2988":"0","2989":" ","2990":"2","2991":"4","2992":" ","2993":"2","2994":"4","2995":"\\","2996":"\"","2997":"\\","2998":"r","2999":"\\","3000":"n","3001":" ","3002":" ","3003":" ","3004":" ","3005":" ","3006":" ","3007":" ","3008":" ","3009":" ","3010":" ","3011":" ","3012":" ","3013":"s","3014":"t","3015":"r","3016":"o","3017":"k","3018":"e","3019":"=","3020":"\\","3021":"\"","3022":"c","3023":"u","3024":"r","3025":"r","3026":"e","3027":"n","3028":"t","3029":"C","3030":"o","3031":"l","3032":"o","3033":"r","3034":"\\","3035":"\"","3036":"\\","3037":"r","3038":"\\","3039":"n","3040":" ","3041":" ","3042":" ","3043":" ","3044":" ","3045":" ","3046":" ","3047":" ","3048":" ","3049":" ","3050":" ","3051":" ","3052":"a","3053":"r","3054":"i","3055":"a","3056":"-","3057":"h","3058":"i","3059":"d","3060":"d","3061":"e","3062":"n","3063":"=","3064":"\\","3065":"\"","3066":"t","3067":"r","3068":"u","3069":"e","3070":"\\","3071":"\"","3072":"\\","3073":"r","3074":"\\","3075":"n","3076":" ","3077":" ","3078":" ","3079":" ","3080":" ","3081":" ","3082":" ","3083":" ","3084":" ","3085":" ","3086":">","3087":"\\","3088":"r","3089":"\\","3090":"n","3091":" ","3092":" ","3093":" ","3094":" ","3095":" ","3096":" ","3097":" ","3098":" ","3099":" ","3100":" ","3101":" ","3102":" ","3103":"<","3104":"p","3105":"a","3106":"t","3107":"h","3108":"\\","3109":"r","3110":"\\","3111":"n","3112":" ","3113":" ","3114":" ","3115":" ","3116":" ","3117":" ","3118":" ","3119":" ","3120":" ","3121":" ","3122":" ","3123":" ","3124":" ","3125":" ","3126":"s","3127":"t","3128":"r","3129":"o","3130":"k","3131":"e","3132":"-","3133":"l","3134":"i","3135":"n","3136":"e","3137":"c","3138":"a","3139":"p","3140":"=","3141":"\\","3142":"\"","3143":"r","3144":"o","3145":"u","3146":"n","3147":"d","3148":"\\","3149":"\"","3150":"\\","3151":"r","3152":"\\","3153":"n","3154":" ","3155":" ","3156":" ","3157":" ","3158":" ","3159":" ","3160":" ","3161":" ","3162":" ","3163":" ","3164":" ","3165":" ","3166":" ","3167":" ","3168":"s","3169":"t","3170":"r","3171":"o","3172":"k","3173":"e","3174":"-","3175":"l","3176":"i","3177":"n","3178":"e","3179":"j","3180":"o","3181":"i","3182":"n","3183":"=","3184":"\\","3185":"\"","3186":"r","3187":"o","3188":"u","3189":"n","3190":"d","3191":"\\","3192":"\"","3193":"\\","3194":"r","3195":"\\","3196":"n","3197":" ","3198":" ","3199":" ","3200":" ","3201":" ","3202":" ","3203":" ","3204":" ","3205":" ","3206":" ","3207":" ","3208":" ","3209":" ","3210":" ","3211":"s","3212":"t","3213":"r","3214":"o","3215":"k","3216":"e","3217":"-","3218":"w","3219":"i","3220":"d","3221":"t","3222":"h","3223":"=","3224":"\\","3225":"\"","3226":"2","3227":"\\","3228":"\"","3229":"\\","3230":"r","3231":"\\","3232":"n","3233":" ","3234":" ","3235":" ","3236":" ","3237":" ","3238":" ","3239":" ","3240":" ","3241":" ","3242":" ","3243":" ","3244":" ","3245":" ","3246":" ","3247":"d","3248":"=","3249":"\\","3250":"\"","3251":"M","3252":"6","3253":" ","3254":"1","3255":"8","3256":"L","3257":"1","3258":"8","3259":" ","3260":"6","3261":"M","3262":"6","3263":" ","3264":"6","3265":"l","3266":"1","3267":"2","3268":" ","3269":"1","3270":"2","3271":"\\","3272":"\"","3273":"\\","3274":"r","3275":"\\","3276":"n","3277":" ","3278":" ","3279":" ","3280":" ","3281":" ","3282":" ","3283":" ","3284":" ","3285":" ","3286":" ","3287":" ","3288":" ","3289":"/","3290":">","3291":"\\","3292":"r","3293":"\\","3294":"n","3295":" ","3296":" ","3297":" ","3298":" ","3299":" ","3300":" ","3301":" ","3302":" ","3303":" ","3304":" ","3305":"<","3306":"/","3307":"s","3308":"v","3309":"g","3310":">","3311":"\\","3312":"r","3313":"\\","3314":"n","3315":" ","3316":" ","3317":" ","3318":" ","3319":" ","3320":" ","3321":" ","3322":" ","3323":"<","3324":"/","3325":"b","3326":"u","3327":"t","3328":"t","3329":"o","3330":"n","3331":">","3332":"\\","3333":"r","3334":"\\","3335":"n","3336":" ","3337":" ","3338":" ","3339":" ","3340":" ","3341":" ","3342":"<","3343":"/","3344":"d","3345":"i","3346":"v","3347":">","3348":"\\","3349":"r","3350":"\\","3351":"n","3352":" ","3353":" ","3354":" ","3355":" ","3356":"<","3357":"/","3358":"d","3359":"i","3360":"v","3361":">","3362":"\\","3363":"r","3364":"\\","3365":"n","3366":" ","3367":" ","3368":"<","3369":"/","3370":"d","3371":"i","3372":"v","3373":">","3374":"\\","3375":"r","3376":"\\","3377":"n","3378":"<","3379":"/","3380":"t","3381":"e","3382":"m","3383":"p","3384":"l","3385":"a","3386":"t","3387":"e","3388":">","3389":"\\","3390":"r","3391":"\\","3392":"n","3393":"\\","3394":"r","3395":"\\","3396":"n","3397":"<","3398":"s","3399":"c","3400":"r","3401":"i","3402":"p","3403":"t","3404":" ","3405":"s","3406":"e","3407":"t","3408":"u","3409":"p","3410":" ","3411":"l","3412":"a","3413":"n","3414":"g","3415":"=","3416":"\\","3417":"\"","3418":"t","3419":"s","3420":"\\","3421":"\"","3422":">","3423":"\\","3424":"r","3425":"\\","3426":"n","3427":"i","3428":"m","3429":"p","3430":"o","3431":"r","3432":"t","3433":" ","3434":"{","3435":" ","3436":"c","3437":"o","3438":"m","3439":"p","3440":"u","3441":"t","3442":"e","3443":"d","3444":",","3445":" ","3446":"r","3447":"e","3448":"f","3449":" ","3450":"}","3451":" ","3452":"f","3453":"r","3454":"o","3455":"m","3456":" ","3457":"'","3458":"v","3459":"u","3460":"e","3461":"'","3462":";","3463":"\\","3464":"r","3465":"\\","3466":"n","3467":"i","3468":"m","3469":"p","3470":"o","3471":"r","3472":"t","3473":" ","3474":"C","3475":"o","3476":"m","3477":"i","3478":"c","3479":"R","3480
[...]
6":" ","627":" ","628":" ","629":":","630":"i","631":"s","632":"-","633":"v","634":"i","635":"s","636":"i","637":"b","638":"l","639":"e","640":"=","641":"\\","642":"\"","643":"t","644":"r","645":"u","646":"e","647":"\\","648":"\"","649":"\\","650":"r","651":"\\","652":"n","653":" ","654":" ","655":" ","656":" ","657":" ","658":" ","659":"@","660":"g","661":"e","662":"n","663":"e","664":"r","665":"a","666":"t","667":"e","668":"-","669":"r","670":"a","671":"n","672":"d","673":"o","674":"m","675":"-","676":"c","677":"o","678":"m","679":"i","680":"c","681":"=","682":"\\","683":"\"","684":"g","685":"e","686":"n","687":"e","688":"r","689":"a","690":"t","691":"e","692":"R","693":"a","694":"n","695":"d","696":"o","697":"m","698":"C","699":"o","700":"m","701":"i","702":"c","703":"\\","704":"\"","705":"\\","706":"r","707":"\\","708":"n","709":" ","710":" ","711":" ","712":" ","713":"/","714":">","715":"\\","716":"r","717":"\\","718":"n","719":" ","720":" ","721":"<","722":"/","723":"d","724":"i","725":"v","726":">","727":"\\","728":"r","729":"\\","730":"n","731":"<","732":"/","733":"t","734":"e","735":"m","736":"p","737":"l","738":"a","739":"t","740":"e","741":">","742":"\\","743":"r","744":"\\","745":"n","746":"\\","747":"r","748":"\\","749":"n","750":"<","751":"s","752":"c","753":"r","754":"i","755":"p","756":"t","757":" ","758":"s","759":"e","760":"t","761":"u","762":"p","763":" ","764":"l","765":"a","766":"n","767":"g","768":"=","769":"\\","770":"\"","771":"t","772":"s","773":"\\","774":"\"","775":">","776":"\\","777":"r","778":"\\","779":"n","780":"i","781":"m","782":"p","783":"o","784":"r","785":"t","786":" ","787":"B","788":"t","789":"n","790":"G","791":"e","792":"n","793":"e","794":"r","795":"a","796":"t","797":"e","798":"R","799":"a","800":"n","801":"d","802":"o","803":"m","804":"C","805":"O","806":"m","807":"i","808":"c","809":" ","810":"f","811":"r","812":"o","813":"m","814":" ","815":"'","816":".","817":".","818":"/","819":"c","820":"o","821":"m","822":"p","823":"o","824":"n","825":"e","826":"n","827":"t","828":"s","829":"/","830":"G","831":"e","832":"n","833":"e","834":"r","835":"a","836":"t","837":"e","838":"R","839":"a","840":"n","841":"d","842":"o","843":"m","844":"B","845":"t","846":"n","847":".","848":"v","849":"u","850":"e","851":"'","852":";","853":"\\","854":"r","855":"\\","856":"n","857":"c","858":"o","859":"n","860":"s","861":"t","862":" ","863":"{","864":" ","865":"i","866":"s","867":"V","868":"i","869":"s","870":"i","871":"b","872":"l","873":"e","874":",","875":" ","876":"i","877":"s","878":"L","879":"o","880":"a","881":"d","882":"i","883":"n","884":"g","885":" ","886":"}","887":" ","888":"=","889":" ","890":"d","891":"e","892":"f","893":"i","894":"n","895":"e","896":"P","897":"r","898":"o","899":"p","900":"s","901":"(","902":"{","903":"\\","904":"r","905":"\\","906":"n","907":" ","908":" ","909":"i","910":"s","911":"L","912":"o","913":"a","914":"d","915":"i","916":"n","917":"g","918":":","919":" ","920":"{","921":"\\","922":"r","923":"\\","924":"n","925":" ","926":" ","927":" ","928":" ","929":"t","930":"y","931":"p","932":"e","933":":","934":" ","935":"B","936":"o","937":"o","938":"l","939":"e","940":"a","941":"n","942":",","943":"\\","944":"r","945":"\\","946":"n","947":" ","948":" ","949":" ","950":" ","951":"r","952":"e","953":"q","954":"u","955":"i","956":"r","957":"e","958":"d","959":":","960":" ","961":"t","962":"r","963":"u","964":"e","965":"\\","966":"r","967":"\\","968":"n","969":" ","970":" ","971":"}","972":",","973":"\\","974":"r","975":"\\","976":"n","977":" ","978":" ","979":"i","980":"s","981":"V","982":"i","983":"s","984":"i","985":"b","986":"l","987":"e","988":":","989":" ","990":"{","991":"\\","992":"r","993":"\\","994":"n","995":" ","996":" ","997":" ","998":" ","999":"t","1000":"y","1001":"p","1002":"e","1003":":","1004":" ","1005":"B","1006":"o","1007":"o","1008":"l","1009":"e","1010":"a","1011":"n","1012":",","1013":"\\","1014":"r","1015":"\\","1016":"n","1017":" ","1018":" ","1019":" ","1020":" ","1021":"r","1022":"e","1023":"q","1024":"u","1025":"i","1026":"r","1027":"e","1028":"d","1029":":","1030":" ","1031":"t","1032":"r","1033":"u","1034":"e","1035":"\\","1036":"r","1037":"\\","1038":"n","1039":" ","1040":" ","1041":"}","1042":"\\","1043":"r","1044":"\\","1045":"n","1046":"}","1047":")","1048":";","1049":"\\","1050":"r","1051":"\\","1052":"n","1053":"c","1054":"o","1055":"n","1056":"s","1057":"t","1058":" ","1059":"e","1060":"m","1061":"i","1062":"t","1063":" ","1064":"=","1065":" ","1066":"d","1067":"e","1068":"f","1069":"i","1070":"n","1071":"e","1072":"E","1073":"m","1074":"i","1075":"t","1076":"s","1077":"<","1078":"(","1079":"e","1080":":","1081":" ","1082":"'","1083":"g","1084":"e","1085":"n","1086":"e","1087":"r","1088":"a","1089":"t","1090":"e","1091":"R","1092":"a","1093":"n","1094":"d","1095":"o","1096":"m","1097":"C","1098":"o","1099":"m","1100":"i","1101":"c","1102":"'","1103":")","1104":" ","1105":"=","1106":">","1107":" ","1108":"v","1109":"o","1110":"i","1111":"d","1112":">","1113":"(","1114":")","1115":";","1116":"\\","1117":"r","1118":"\\","1119":"n","1120":"\\","1121":"r","1122":"\\","1123":"n","1124":"c","1125":"o","1126":"n","1127":"s","1128":"t","1129":" ","1130":"g","1131":"e","1132":"n","1133":"e","1134":"r","1135":"a","1136":"t","1137":"e","1138":"R","1139":"a","1140":"n","1141":"d","1142":"o","1143":"m","1144":"C","1145":"o","1146":"m","1147":"i","1148":"c","1149":" ","1150":"=","1151":" ","1152":"(","1153":")","1154":":","1155":" ","1156":"v","1157":"o","1158":"i","1159":"d","1160":" ","1161":"=","1162":">","1163":" ","1164":"{","1165":"\\","1166":"r","1167":"\\","1168":"n","1169":" ","1170":" ","1171":"e","1172":"m","1173":"i","1174":"t","1175":"(","1176":"'","1177":"g","1178":"e","1179":"n","1180":"e","1181":"r","1182":"a","1183":"t","1184":"e","1185":"R","1186":"a","1187":"n","1188":"d","1189":"o","1190":"m","1191":"C","1192":"o","1193":"m","1194":"i","1195":"c","1196":"'","1197":")","1198":";","1199":"\\","1200":"r","1201":"\\","1202":"n","1203":"}","1204":";","1205":"\\","1206":"r","1207":"\\","1208":"n","1209":"<","1210":"/","1211":"s","1212":"c","1213":"r","1214":"i","1215":"p","1216":"t","1217":">","1218":"\\","1219":"r","1220":"\\","1221":"n","1222":"\\","1223":"r","1224":"\\","1225":"n","1226":"<","1227":"s","1228":"t","1229":"y","1230":"l","1231":"e","1232":" ","1233":"s","1234":"c","1235":"o","1236":"p","1237":"e","1238":"d","1239":" ","1240":"l","1241":"a","1242":"n","1243":"g","1244":"=","1245":"\\","1246":"\"","1247":"s","1248":"c","1249":"s","1250":"s","1251":"\\","1252":"\"","1253":">","1254":"\\","1255":"r","1256":"\\","1257":"n","1258":".","1259":"n","1260":"o","1261":"t","1262":"-","1263":"f","1264":"o","1265":"u","1266":"n","1267":"d","1268":" ","1269":"{","1270":"\\","1271":"r","1272":"\\","1273":"n","1274":" ","1275":" ","1276":"d","1277":"i","1278":"s","1279":"p","1280":"l","1281":"a","1282":"y","1283":":","1284":" ","1285":"f","1286":"l","1287":"e","1288":"x","1289":";","1290":"\\","1291":"r","1292":"\\","1293":"n","1294":" ","1295":" ","1296":"f","1297":"l","1298":"e","1299":"x","1300":"-","1301":"d","1302":"i","1303":"r","1304":"e","1305":"c","1306":"t","1307":"i","1308":"o","1309":"n","1310":":","1311":" ","1312":"c","1313":"o","1314":"l","1315":"u","1316":"m","1317":"n","1318":";","1319":"\\","1320":"r","1321":"\\","1322":"n","1323":" ","1324":" ","1325":"a","1326":"l","1327":"i","1328":"g","1329":"n","1330":"-","1331":"i","1332":"t","1333":"e","1334":"m","1335":"s","1336":":","1337":" ","1338":"c","1339":"e","1340":"n","1341":"t","1342":"e","1343":"r","1344":";","1345":"\\","1346":"r","1347":"\\","1348":"n","1349":" ","1350":" ","1351":"j","1352":"u","1353":"s","1354":"t","1355":"i","1356":"f","1357":"y","1358":"-","1359":"c","1360":"o","1361":"n","1362":"t","1363":"e","1364":"n","1365":"t","1366":":","1367":" ","1368":"c","1369":"e","1370":"n","1371":"t","1372":"e","1373":"r","1374":";","1375":"\\","1376":"r","1377":"\\","1378":"n","1379":" ","1380":" ","1381":"h","1382":"e","1383":"i","1384":"g","1385":"h","1386":"t","1387":":","1388":" ","1389":"5","1390":"5","1391":"v","1392":"h","1393":";","1394":"\\","1395":"r","1396":"\\","1397":"n","1398":"\\","1399":"r","1400":"\\","1401":"n","1402":" ","1403":" ","1404":"h","1405":"1","1406":" ","1407":"{","1408":"\\","1409":"r","1410":"\\","1411":"n","1412":" ","1413":" ","1414":" ","1415":" ","1416":"f","1417":"o","1418":"n","1419":"t","1420":"-","1421":"s","1422":"i","1423":"z","1424":"e","1425":":","1426":" ","1427":"3","1428":"r","1429":"e","1430":"m","1431":";","1432":"\\","1433":"r","1434":"\\","1435":"n","1436":" ","1437":" ","1438":" ","1439":" ","1440":"m","1441":"a","1442":"r","1443":"g","1444":"i","1445":"n","1446":"-","1447":"b","1448":"o","1449":"t","1450":"t","1451":"o","1452":"m","1453":":","1454":" ","1455":"1","1456":"r","1457":"e","1458":"m","1459":";","1460":"\\","1461":"r","1462":"\\","1463":"n","1464":" ","1465":" ","1466":"}","1467":"\\","1468":"r","1469":"\\","1470":"n","1471":"\\","1472":"r","1473":"\\","1474":"n","1475":" ","1476":" ","1477":"p","1478":" ","1479":"{","1480":"\\","1481":"r","1482":"\\","1483":"n","1484":" ","1485":" ","1486":" ","1487":" ","1488":"f","1489":"o","1490":"n","1491":"t","1492":"-","1493":"s","1494":"i","1495":"z","1496":"e","1497":":","1498":" ","1499":"1","1500":".","1501":"5","1502":"r","1503":"e","1504":"m","1505":";","1506":"\\","1507":"r","1508":"\\","1509":"n","1510":" ","1511":" ","1512":" ","1513":" ","1514":"m","1515":"a","1516":"r","1517":"g","1518":"i","1519":"n","1520":"-","1521":"b","1522":"o","1523":"t","1524":"t","1525":"o","1526":"m","1527":":","1528":" ","1529":"1","1530":"r","1531":"e","1532":"m","1533":";","1534":"\\","1535":"r","1536":"\\","1537":"n","1538":" ","1539":" ","1540":"}","1541":"\\","1542":"r","1543":"\\","1544":"n","1545":"}","1546":"\\","1547":"r","1548":"\\","1549":"n","1550":"<","1551":"/","1552":"s","1553":"t","1554":"y","1555":"l","1556":"e","1557":">","1558":"\\","1559":"r","1560":"\\","1561":"n","1562":"\"","1563":"]","1564":"}"}}
,"C:\\Users\\xique\\OneDrive\\Documents\\test-solution\\masiv-test-solution\\src\\components\\SpinnerLoading.vue": {"path":"C:\\Users\\xique\\OneDrive\\Documents\\test-solution\\masiv-test-solution\\src\\components\\SpinnerLoading.vue","statementMap":{"0":{"start":{"line":3,"column":0},"end":{"line":5,"column":3}},"1":{"start":{"line":6,"column":12},"end":{"line":6,"column":26}},"2":{"start":{"line":7,"column":0},"end":{"line":25,"column":3}},"3":{"start":{"line":16,"column":19},"end":{"line":16,"column":28}},"4":{"start":{"line":17,"column":4},"end":{"line":17,"column":15}},"5":{"start":{"line":18,"column":23},"end":{"line":18,"column":25}},"6":{"start":{"line":19,"column":4},"end":{"line":22,"column":7}},"7":{"start":{"line":23,"column":4},"end":{"line":23,"column":24}},"8":{"start":{"line":27,"column":0},"end":{"line":27,"column":62}},"9":{"start":{"line":28,"column":0},"end":{"line":28,"column":24}},"10":{"start":{"line":29,"column":12},"end":{"line":29,"column":26}},"11":{"start":{"line":30,"column":20},"end":{"line":30,"column":52}},"12":{"start":{"line":31,"column":17},"end":{"line":34,"column":1}},"13":{"start":{"line":35,"column":31},"end":{"line":39,"column":26}},"14":{"start":{"line":40,"column":17},"end":{"line":42,"column":1}},"15":{"start":{"line":44,"column":4},"end":{"line":46,"column":54}},"16":{"start":{"line":48,"column":0},"end":{"line":48,"column":24}},"17":{"start":{"line":49,"column":1},"end":{"line":49,"column":48}}},"fnMap":{"0":{"name":"(anonymous_0)","decl":{"start":{"line":15,"column":9},"end":{"line":15,"column":10}},"loc":{"start":{"line":15,"column":32},"end":{"line":24,"column":3}},"line":15},"1":{"name":"render","decl":{"start":{"line":43,"column":9},"end":{"line":43,"column":15}},"loc":{"start":{"line":43,"column":63},"end":{"line":47,"column":1}},"line":43}},"branchMap":{"0":{"loc":{"start":{"line":44,"column":11},"end":{"line":46,"column":53}},"type":"cond-expr","locations":[{"start":{"line":45,"column":11},"end":{"line":45,"column":95}},{"start":{"line":46,"column":10},"end":{"line":46,"column":53}}],"line":44}},"s":{"0":0,"1":0,"2":0,"3":0,"4":0,"5":0,"6":0,"7":0,"8":0,"9":0,"10":0,"11":0,"12":0,"13":0,"14":0,"15":0,"16":0,"17":0},"f":{"0":0,"1":0},"b":{"0":[0,0]},"inputSourceMap":{"0":"{","1":"\"","2":"v","3":"e","4":"r","5":"s","6":"i","7":"o","8":"n","9":"\"","10":":","11":"3","12":",","13":"\"","14":"s","15":"o","16":"u","17":"r","18":"c","19":"e","20":"s","21":"\"","22":":","23":"[","24":"]","25":",","26":"\"","27":"n","28":"a","29":"m","30":"e","31":"s","32":"\"","33":":","34":"[","35":"]","36":",","37":"\"","38":"m","39":"a","40":"p","41":"p","42":"i","43":"n","44":"g","45":"s","46":"\"","47":":","48":"\"","49":"\"","50":",","51":"\"","52":"f","53":"i","54":"l","55":"e","56":"\"","57":":","58":"\"","59":"C","60":":","61":"\\","62":"\\","63":"U","64":"s","65":"e","66":"r","67":"s","68":"\\","69":"\\","70":"x","71":"i","72":"q","73":"u","74":"e","75":"\\","76":"\\","77":"O","78":"n","79":"e","80":"D","81":"r","82":"i","83":"v","84":"e","85":"\\","86":"\\","87":"D","88":"o","89":"c","90":"u","91":"m","92":"e","93":"n","94":"t","95":"s","96":"\\","97":"\\","98":"t","99":"e","100":"s","101":"t","102":"-","103":"s","104":"o","105":"l","106":"u","107":"t","108":"i","109":"o","110":"n","111":"\\","112":"\\","113":"m","114":"a","115":"s","116":"i","117":"v","118":"-","119":"t","120":"e","121":"s","122":"t","123":"-","124":"s","125":"o","126":"l","127":"u","128":"t","129":"i","130":"o","131":"n","132":"\\","133":"\\","134":"s","135":"r","136":"c","137":"\\","138":"\\","139":"c","140":"o","141":"m","142":"p","143":"o","144":"n","145":"e","146":"n","147":"t","148":"s","149":"\\","150":"\\","151":"S","152":"p","153":"i","154":"n","155":"n","156":"e","157":"r","158":"L","159":"o","160":"a","161":"d","162":"i","163":"n","164":"g","165":".","166":"v","167":"u","168":"e","169":"\"","170":",","171":"\"","172":"s","173":"o","174":"u","175":"r","176":"c","177":"e","178":"s","179":"C","180":"o","181":"n","182":"t","183":"e","184":"n","185":"t","186":"\"","187":":","188":"[","189":"]","190":"}"}}
,"C:\\Users\\xique\\OneDrive\\Documents\\test-solution\\masiv-test-solution\\src\\composables\\useRandomFetchComic.ts": {"path":"C:\\Users\\xique\\OneDrive\\Documents\\test-solution\\masiv-test-solution\\src\\composables\\useRandomFetchComic.ts","statementMap":{"0":{"start":{"line":1,"column":0},"end":{"line":1,"column":31}},"1":{"start":{"line":2,"column":0},"end":{"line":2,"column":26}},"2":{"start":{"line":3,"column":0},"end":{"line":3,"column":48}},"3":{"start":{"line":12,"column":18},"end":{"line":12,"column":28}},"4":{"start":{"line":13,"column":21},"end":{"line":13,"column":31}},"5":{"start":{"line":21,"column":22},"end":{"line":26,"column":4}},"6":{"start":{"line":28,"column":48},"end":{"line":50,"column":3}},"7":{"start":{"line":29,"column":4},"end":{"line":49,"column":null}},"8":{"start":{"line":30,"column":6},"end":{"line":30,"column":29}},"9":{"start":{"line":31,"column":6},"end":{"line":31,"column":33}},"10":{"start":{"line":32,"column":26},"end":{"line":33,"column":null}},"11":{"start":{"line":35,"column":29},"end":{"line":35,"column":49}},"12":{"start":{"line":37,"column":32},"end":{"line":37,"column":69}},"13":{"start":{"line":41,"column":29},"end":{"line":41,"column":96}},"14":{"start":{"line":43,"column":29},"end":{"line":43,"column":67}},"15":{"start":{"line":44,"column":6},"end":{"line":44,"column":46}},"16":{"start":{"line":46,"column":6},"end":{"line":46,"column":32}},"17":{"start":{"line":48,"column":6},"end":{"line":48,"column":30}},"18":{"start":{"line":52,"column":2},"end":{"line":57,"column":4}},"19":{"start":{"line":15,"column":0},"end":{"line":15,"column":16}}},"fnMap":{"0":{"name":"useRandomFetch","decl":{"start":{"line":15,"column":16},"end":{"line":15,"column":30}},"loc":{"start":{"line":15,"column":30},"end":{"line":58,"column":1}}},"1":{"name":"(anonymous_1)","decl":{"start":{"line":28,"column":48},"end":{"line":28,"column":53}},"loc":{"start":{"line":28,"column":59},"end":{"line":50,"column":3}}}},"branchMap":{},"s":{"0":1,"1":1,"2":1,"3":1,"4":1,"5":2,"6":2,"7":2,"8":2,"9":2,"10":2,"11":1,"12":1,"13":1,"14":1,"15":1,"16":1,"17":2,"18":2,"19":1},"f":{"0":2,"1":2},"b":{}}
,"C:\\Users\\xique\\OneDrive\\Documents\\test-solution\\masiv-test-solution\\src\\store\\comicStore.ts": {"path":"C:\\Users\\xique\\OneDrive\\Documents\\test-solution\\masiv-test-solution\\src\\store\\comicStore.ts","statementMap":{"0":{"start":{"line":1,"column":0},"end":{"line":1,"column":36}},"1":{"start":{"line":10,"column":13},"end":{"line":33,"column":3}},"2":{"start":{"line":11,"column":16},"end":{"line":13,"column":4}},"3":{"start":{"line":16,"column":6},"end":{"line":16,"column":37}},"4":{"start":{"line":19,"column":6},"end":{"line":19,"column":40}},"5":{"start":{"line":23,"column":25},"end":{"line":23,"column":61}},"6":{"start":{"line":24,"column":6},"end":{"line":26,"column":null}},"7":{"start":{"line":25,"column":8},"end":{"line":25,"column":46}},"8":{"start":{"line":30,"column":6},"end":{"line":30,"column":73}},"9":{"start":{"line":35,"column":13},"end":{"line":53,"column":3}},"10":{"start":{"line":36,"column":16},"end":{"line":44,"column":4}},"11":{"start":{"line":47,"column":6},"end":{"line":47,"column":33}},"12":{"start":{"line":50,"column":6},"end":{"line":50,"column":32}}},"fnMap":{"0":{"name":"(anonymous_0)","decl":{"start":{"line":11,"column":9},"end":{"line":11,"column":12}},"loc":{"start":{"line":11,"column":16},"end":{"line":13,"column":4}}},"1":{"name":"(anonymous_1)","decl":{"start":{"line":15,"column":4},"end":{"line":15,"column":13}},"loc":{"start":{"line":15,"column":45},"end":{"line":17,"column":5}}},"2":{"name":"(anonymous_2)","decl":{"start":{"line":18,"column":4},"end":{"line":18,"column":13}},"loc":{"start":{"line":18,"column":29},"end":{"line":20,"column":5}}},"3":{"name":"(anonymous_3)","decl":{"start":{"line":22,"column":4},"end":{"line":22,"column":24}},"loc":{"start":{"line":22,"column":24},"end":{"line":27,"column":5}}},"4":{"name":"(anonymous_4)","decl":{"start":{"line":29,"column":4},"end":{"line":29,"column":22}},"loc":{"start":{"line":29,"column":22},"end":{"line":31,"column":5}}},"5":{"name":"(anonymous_5)","decl":{"start":{"line":36,"column":9},"end":{"line":36,"column":12}},"loc":{"start":{"line":36,"column":16},"end":{"line":44,"column":4}}},"6":{"name":"(anonymous_6)","decl":{"start":{"line":46,"column":4},"end":{"line":46,"column":16}},"loc":{"start":{"line":46,"column":33},"end":{"line":48,"column":5}}},"7":{"name":"(anonymous_7)","decl":{"start":{"line":49,"column":4},"end":{"line":49,"column":18}},"loc":{"start":{"line":49,"column":34},"end":{"line":51,"column":5}}}},"branchMap":{"0":{"loc":{"start":{"line":19,"column":13},"end":{"line":19,"column":39}},"type":"binary-expr","locations":[{"start":{"line":19,"column":13},"end":{"line":19,"column":34}},{"start":{"line":19,"column":38},"end":{"line":19,"column":39}}]},"1":{"loc":{"start":{"line":24,"column":6},"end":{"line":26,"column":null}},"type":"if","locations":[{"start":{"line":24,"column":6},"end":{"line":26,"column":null}}]}},"s":{"0":0,"1":0,"2":0,"3":0,"4":0,"5":0,"6":0,"7":0,"8":0,"9":0,"10":0,"11":0,"12":0},"f":{"0":0,"1":0,"2":0,"3":0,"4":0,"5":0,"6":0,"7":0},"b":{"0":[0,0],"1":[0]}}
,"C:\\Users\\xique\\OneDrive\\Documents\\test-solution\\masiv-test-solution\\src\\utils\\utils.ts": {"path":"C:\\Users\\xique\\OneDrive\\Documents\\test-solution\\masiv-test-solution\\src\\utils\\utils.ts","statementMap":{"0":{"start":{"line":1,"column":27},"end":{"line":3,"column":1}},"1":{"start":{"line":2,"column":2},"end":{"line":2,"column":59}},"2":{"start":{"line":5,"column":0},"end":{"line":5,"column":34}}},"fnMap":{"0":{"name":"(anonymous_0)","decl":{"start":{"line":1,"column":27},"end":{"line":1,"column":28}},"loc":{"start":{"line":1,"column":64},"end":{"line":3,"column":1}}}},"branchMap":{},"s":{"0":2,"1":4,"2":2},"f":{"0":4},"b":{}}
}
